
══ criss_cross_bh ══
  cμ baseline: 17.765 ± 2.382 (27s)
  [STE eval at best epoch=62, train test_loss=15.20]
  STE (last ep): 15.428 ± 1.741 (59s)
  STE vs cμ: +13.2% (negative = STE worse)

══ reentrant_2 ══
  cμ baseline: 17.790 ± 3.223 (30s)
  [STE eval at best epoch=13, train test_loss=14.71]
  STE (last ep): 16.582 ± 2.204 (62s)
  STE vs cμ: +6.8% (negative = STE worse)

══ reentrant_3 ══
  cμ baseline: 23.809 ± 4.165 (34s)
  [STE eval at best epoch=62, train test_loss=21.99]
  STE (last ep): 22.240 ± 3.507 (65s)
  STE vs cμ: +6.6% (negative = STE worse)

══ reentrant_4 ══
  cμ baseline: 32.599 ± 6.497 (38s)
  [STE eval at best epoch=0, train test_loss=33.97]
  STE (last ep): 33.247 ± 5.756 (77s)
  STE vs cμ: -2.0% (negative = STE worse)

══ reentrant_5 ══
  cμ baseline: 38.705 ± 7.354 (47s)
  [STE eval at best epoch=74, train test_loss=30.10]
  STE (last ep): 37.353 ± 5.830 (90s)
  STE vs cμ: +3.5% (negative = STE worse)

══ reentrant_6 ══
  cμ baseline: 48.513 ± 11.240 (54s)
  [STE eval at best epoch=13, train test_loss=36.12]
  STE (last ep): 47.731 ± 9.798 (102s)
  STE vs cμ: +1.6% (negative = STE worse)

══ reentrant_7 ══
  cμ baseline: 52.280 ± 10.748 (64s)
  [STE eval at best epoch=90, train test_loss=37.26]
  STE (last ep): 52.646 ± 8.756 (117s)
  STE vs cμ: -0.7% (negative = STE worse)

══ reentrant_8 ══
  cμ baseline: 62.491 ± 14.251 (71s)
  [STE eval at best epoch=2, train test_loss=64.33]
  STE (last ep): 58.828 ± 8.715 (130s)
  STE vs cμ: +5.9% (negative = STE worse)

══ reentrant_9 ══
  cμ baseline: 65.284 ± 13.083 (84s)
  [STE eval at best epoch=5, train test_loss=72.92]
  STE (last ep): 65.948 ± 12.382 (152s)
  STE vs cμ: -1.0% (negative = STE worse)

══ reentrant_10 ══
  cμ baseline: 70.091 ± 13.300 (97s)
  [STE eval at best epoch=80, train test_loss=80.25]
  STE (last ep): 69.739 ± 11.894 (174s)
  STE vs cμ: +0.5% (negative = STE worse)

Saved: /user/yc4911/DJ_OR/differentiable-queueing/results/reproduction/ste_vs_cmu_benchmark.json

══ Summary ══
env                          cμ        STE  improvement
  criss_cross_bh         17.765     15.428       +13.2%
  reentrant_2            17.790     16.582        +6.8%
  reentrant_3            23.809     22.240        +6.6%
  reentrant_4            32.599     33.247        -2.0%
  reentrant_5            38.705     37.353        +3.5%
  reentrant_6            48.513     47.731        +1.6%
  reentrant_7            52.280     52.646        -0.7%
  reentrant_8            62.491     58.828        +5.9%
  reentrant_9            65.284     65.948        -1.0%
  reentrant_10           70.091     69.739        +0.5%
