
════════════════════════════════════════════════════════════════
[2026-06-07 09:54:58] Stage 1: wait for cmu_papergrid + section51_mid
════════════════════════════════════════════════════════════════
[09:54:58] Waiting for cmu_papergrid (PID 3973876)...
[12:31:59] cmu_papergrid (PID 3973876) finished
[12:31:59] Waiting for section51_mid (PID 4056193)...
[03:46:05] section51_mid (PID 4056193) finished

════════════════════════════════════════════════════════════════
[2026-06-08 03:46:05] Stage 2: regenerate all figures
════════════════════════════════════════════════════════════════
Building figures...
  saved reports/figures/fig_section52_cmu_grid.png + .pdf
  saved reports/figures/fig_section52_ablations.png + .pdf
  saved reports/figures/fig_section53_admission.png + .pdf
  saved reports/figures/fig_section6_wc_vs_vanilla.png + .pdf
  saved reports/figures/fig_section7_training_curves.png + .pdf
  saved reports/figures/fig_section7_min_cost_summary.png + .pdf
  saved reports/figures/fig_section8_theorem2.png + .pdf
Done.
saved reports/figures/fig_section4_3_1_gpu_benchmark.{png,pdf}

════════════════════════════════════════════════════════════════
[2026-06-08 03:46:28] Stage 2b: build §5.2 papergrid figure
════════════════════════════════════════════════════════════════
saved reports/figures/fig_section52_cmu_papergrid.{png,pdf}

════════════════════════════════════════════════════════════════
[2026-06-08 03:46:40] Stage 2c: rebuild §5.1 figure (mid-canonical refresh)
════════════════════════════════════════════════════════════════
Traceback (most recent call last):
  File "/user/yc4911/DJ_OR/differentiable-queueing/reports/build_fig_section51.py", line 34, in <module>
    policies = sorted({p for d in data.values() for p in d.keys() if p in ('sPR', 'sMW', 'sMP')})
                      ^^^^^^^^^^^^^^^^^^^^^^^^^^^^^^^^^^^^^^^^^^^^^^^^^^^^^^^^^^^^^^^^^^^^^^^^^^
  File "/user/yc4911/DJ_OR/differentiable-queueing/reports/build_fig_section51.py", line 34, in <setcomp>
    policies = sorted({p for d in data.values() for p in d.keys() if p in ('sPR', 'sMW', 'sMP')})
                                                         ^^^^^^
AttributeError: 'list' object has no attribute 'keys'
WARN: §5.1 fig failed

════════════════════════════════════════════════════════════════
[2026-06-08 03:46:41] Stage 3: refresh artifact matrix
════════════════════════════════════════════════════════════════
Wrote: /user/yc4911/DJ_OR/differentiable-queueing/repro/reproducibility_matrix.csv (15 rows)
Wrote: /user/yc4911/DJ_OR/differentiable-queueing/repro/STATUS_SUMMARY.md

════════════════════════════════════════════════════════════════
[2026-06-08 03:46:41] Stage 4: git add / commit / push
════════════════════════════════════════════════════════════════
[main 81d283a] Auto-orchestrated refresh after §5.2 papergrid + §5.1 mid finished
 25 files changed, 561552 insertions(+)
 create mode 100644 differentiable-queueing/logs/direct/E5_heavy_traffic.err
 create mode 100644 differentiable-queueing/logs/direct/E5_heavy_traffic.out
 create mode 100644 differentiable-queueing/logs/direct/cmu_papergrid.err
 create mode 100644 differentiable-queueing/logs/direct/cmu_papergrid.out
 create mode 100644 differentiable-queueing/logs/direct/gpu_benchmark.out
 create mode 100644 differentiable-queueing/logs/direct/gpu_benchmark_large.out
 create mode 100644 differentiable-queueing/logs/direct/orchestrator.err
 create mode 100644 differentiable-queueing/logs/direct/orchestrator.out
 create mode 100644 differentiable-queueing/logs/direct/polyak_eval.err
 create mode 100644 differentiable-queueing/logs/direct/polyak_eval.out
 create mode 100644 differentiable-queueing/logs/direct/section51_mid.err
 create mode 100644 differentiable-queueing/logs/direct/section51_mid.out
 create mode 100644 differentiable-queueing/logs/direct/section51_mid_v2.err
 create mode 100644 differentiable-queueing/logs/direct/section51_mid_v2.out
 create mode 100644 differentiable-queueing/logs/direct/section51_v3.err
 create mode 100644 differentiable-queueing/logs/direct/section51_v3.out
To github.com:pkucaoyuan/differentiable-queueing.git
   0788859..81d283a  main -> main

════════════════════════════════════════════════════════════════
[2026-06-08 03:46:48] Orchestrator done at Mon Jun  8 03:46:48 AM EDT 2026
════════════════════════════════════════════════════════════════
