Running on cpu with 256 cores available.

==================================================
Starting Experiment for Intensity rho = 0.8
==================================================

Testing Policy: sPR (rho=0.8)
  [Sample 0] Computing Ground Truth (Batch=100000)...
  [Sample 0] GT Computed. Norm: 51.1217
  [Sample 0] Estimating Similarity (30 estimators)...
  [Sample 0] Done. Avg PW Sim: -0.9333, Avg RF Sim: 0.5333
  [Sample 1] Computing Ground Truth (Batch=100000)...
  [Sample 1] GT Computed. Norm: 24.3421
  [Sample 1] Estimating Similarity (30 estimators)...
  [Sample 1] Done. Avg PW Sim: -0.4000, Avg RF Sim: -0.1333
  [Sample 2] Computing Ground Truth (Batch=100000)...
  [Sample 2] GT Computed. Norm: 16.0653
  [Sample 2] Estimating Similarity (30 estimators)...
  [Sample 2] Done. Avg PW Sim: 1.0000, Avg RF Sim: 0.0667
  [Sample 3] Computing Ground Truth (Batch=100000)...
  [Sample 3] GT Computed. Norm: 11.8857
  [Sample 3] Estimating Similarity (30 estimators)...
  [Sample 3] Done. Avg PW Sim: 0.0000, Avg RF Sim: 0.1333
  [Sample 4] Computing Ground Truth (Batch=100000)...
  [Sample 4] GT Computed. Norm: 43.0997
  [Sample 4] Estimating Similarity (30 estimators)...
  [Sample 4] Done. Avg PW Sim: -0.9333, Avg RF Sim: 0.0000
  [Sample 5] Computing Ground Truth (Batch=100000)...
  [Sample 5] GT Computed. Norm: 20.2780
  [Sample 5] Estimating Similarity (30 estimators)...
  [Sample 5] Done. Avg PW Sim: 1.0000, Avg RF Sim: -0.0000
  [Sample 6] Computing Ground Truth (Batch=100000)...
  [Sample 6] GT Computed. Norm: 25.1914
  [Sample 6] Estimating Similarity (30 estimators)...
  [Sample 6] Done. Avg PW Sim: -0.4000, Avg RF Sim: 0.2667
  [Sample 7] Computing Ground Truth (Batch=100000)...
  [Sample 7] GT Computed. Norm: 51.0907
  [Sample 7] Estimating Similarity (30 estimators)...
  [Sample 7] Done. Avg PW Sim: 0.0000, Avg RF Sim: 0.1333
  [Sample 8] Computing Ground Truth (Batch=100000)...
  [Sample 8] GT Computed. Norm: 33.2617
  [Sample 8] Estimating Similarity (30 estimators)...
  [Sample 8] Done. Avg PW Sim: 1.0000, Avg RF Sim: 0.2667
  [Sample 9] Computing Ground Truth (Batch=100000)...
  [Sample 9] GT Computed. Norm: 34.8111
  [Sample 9] Estimating Similarity (30 estimators)...
