env: reentrant_9
model: ppg_softmax
model: ppg_softmax
queue lengths: 	tensor([5.6562, 0.6536, 1.4502, 2.3494, 6.2558, 0.2617, 5.5535, 0.5140, 1.4923,
        3.7549, 4.5391, 0.2856, 5.7421, 0.5607, 1.7015, 2.8976, 5.4595, 0.2873,
        5.5937, 0.5416, 1.4569, 2.6414, 5.7917, 0.2787, 5.5080, 0.4951, 1.3770])
final cost: 	74.75
test cost: 	73.09937286376953
all valid: 	True
tensor([[0., 0., 0., 0., 0., 0., 0., 0., 0., 0., 0., 0., 0., 0., 0., 0., 0., 0., 0., 0., 0., 0., 0., 0.,
         0., 0., 0.]])
tensor([[[0.0376, 0.0347, 0.0385, 0.0368, 0.0368, 0.0365, 0.0394, 0.0332,
          0.0361, 0.0426, 0.0377, 0.0381, 0.0388, 0.0352, 0.0368, 0.0346,
          0.0414, 0.0352, 0.0385, 0.0353, 0.0387, 0.0377, 0.0361, 0.0363,
          0.0390, 0.0354, 0.0330],
         [0.0377, 0.0365, 0.0375, 0.0400, 0.0336, 0.0367, 0.0337, 0.0363,
          0.0395, 0.0392, 0.0373, 0.0356, 0.0373, 0.0385, 0.0377, 0.0341,
          0.0352, 0.0376, 0.0377, 0.0338, 0.0382, 0.0379, 0.0347, 0.0383,
          0.0409, 0.0387, 0.0358],
         [0.0334, 0.0388, 0.0382, 0.0364, 0.0391, 0.0363, 0.0393, 0.0392,
          0.0342, 0.0379, 0.0377, 0.0359, 0.0374, 0.0386, 0.0390, 0.0412,
          0.0368, 0.0363, 0.0392, 0.0363, 0.0355, 0.0353, 0.0359, 0.0342,
          0.0371, 0.0364, 0.0343],
         [0.0370, 0.0350, 0.0350, 0.0353, 0.0338, 0.0376, 0.0331, 0.0386,
          0.0382, 0.0375, 0.0404, 0.0353, 0.0395, 0.0403, 0.0341, 0.0380,
          0.0390, 0.0401, 0.0372, 0.0384, 0.0346, 0.0388, 0.0345, 0.0380,
          0.0349, 0.0376, 0.0382],
         [0.0379, 0.0403, 0.0361, 0.0383, 0.0356, 0.0367, 0.0355, 0.0351,
          0.0345, 0.0386, 0.0359, 0.0353, 0.0379, 0.0355, 0.0352, 0.0374,
          0.0362, 0.0392, 0.0381, 0.0350, 0.0364, 0.0393, 0.0358, 0.0385,
          0.0405, 0.0386, 0.0370],
         [0.0351, 0.0407, 0.0370, 0.0357, 0.0389, 0.0373, 0.0402, 0.0363,
          0.0407, 0.0333, 0.0322, 0.0376, 0.0371, 0.0368, 0.0366, 0.0385,
          0.0361, 0.0361, 0.0401, 0.0339, 0.0359, 0.0350, 0.0387, 0.0366,
          0.0411, 0.0348, 0.0377],
         [0.0356, 0.0345, 0.0396, 0.0340, 0.0344, 0.0389, 0.0341, 0.0360,
          0.0360, 0.0396, 0.0348, 0.0353, 0.0388, 0.0374, 0.0338, 0.0399,
          0.0390, 0.0385, 0.0399, 0.0388, 0.0373, 0.0375, 0.0418, 0.0348,
          0.0357, 0.0365, 0.0374],
         [0.0386, 0.0375, 0.0351, 0.0393, 0.0335, 0.0344, 0.0372, 0.0372,
          0.0376, 0.0366, 0.0382, 0.0387, 0.0371, 0.0378, 0.0379, 0.0371,
          0.0360, 0.0347, 0.0355, 0.0410, 0.0343, 0.0374, 0.0357, 0.0366,
          0.0388, 0.0383, 0.0380],
         [0.0364, 0.0355, 0.0388, 0.0384, 0.0345, 0.0403, 0.0358, 0.0345,
          0.0402, 0.0374, 0.0351, 0.0359, 0.0374, 0.0369, 0.0389, 0.0406,
          0.0398, 0.0386, 0.0338, 0.0405, 0.0345, 0.0344, 0.0363, 0.0376,
          0.0338, 0.0384, 0.0355]]], grad_fn=<SoftmaxBackward0>)
train cost:	75.00543212890625
queue lengths: 	tensor([13.2468,  0.6642,  1.4667,  2.1223,  4.1490,  0.1824,  5.1005,  0.4202,
         1.2824,  4.4743,  5.7547,  0.2252,  4.0478,  0.4631,  1.1832,  3.9660,
         6.8980,  0.2125,  4.6054,  0.4318,  1.3379,  2.2448,  4.5422,  0.1924,
         4.3393,  0.3959,  1.0568], grad_fn=<MeanBackward1>)
Action Grads
tensor([[-135.2227,  -56.1442,  -64.6142,    0.0000,    0.0000,    0.0000,
            0.0000,    0.0000,    0.0000,    0.0000,    0.0000,    0.0000,
            0.0000,    0.0000,    0.0000,    0.0000,    0.0000,    0.0000,
            0.0000,    0.0000,    0.0000,    0.0000,    0.0000,    0.0000,
            0.0000,    0.0000,    0.0000],
        [   0.0000,    0.0000,    0.0000,  -37.1068,  -50.2370,  -56.1554,
            0.0000,    0.0000,    0.0000,    0.0000,    0.0000,    0.0000,
            0.0000,    0.0000,    0.0000,    0.0000,    0.0000,    0.0000,
            0.0000,    0.0000,    0.0000,    0.0000,    0.0000,    0.0000,
            0.0000,    0.0000,    0.0000],
        [   0.0000,    0.0000,    0.0000,    0.0000,    0.0000,    0.0000,
          -54.7502,  -30.0142,  -77.3861,    0.0000,    0.0000,    0.0000,
            0.0000,    0.0000,    0.0000,    0.0000,    0.0000,    0.0000,
            0.0000,    0.0000,    0.0000,    0.0000,    0.0000,    0.0000,
            0.0000,    0.0000,    0.0000],
        [   0.0000,    0.0000,    0.0000,    0.0000,    0.0000,    0.0000,
            0.0000,    0.0000,    0.0000,  -32.1968,  -69.1339,  -52.9601,
            0.0000,    0.0000,    0.0000,    0.0000,    0.0000,    0.0000,
            0.0000,    0.0000,    0.0000,    0.0000,    0.0000,    0.0000,
            0.0000,    0.0000,    0.0000],
        [   0.0000,    0.0000,    0.0000,    0.0000,    0.0000,    0.0000,
            0.0000,    0.0000,    0.0000,    0.0000,    0.0000,    0.0000,
          -31.2634,   10.8604,  -62.4076,    0.0000,    0.0000,    0.0000,
            0.0000,    0.0000,    0.0000,    0.0000,    0.0000,    0.0000,
            0.0000,    0.0000,    0.0000],
        [   0.0000,    0.0000,    0.0000,    0.0000,    0.0000,    0.0000,
            0.0000,    0.0000,    0.0000,    0.0000,    0.0000,    0.0000,
            0.0000,    0.0000,    0.0000,  -52.8099, -128.1376,  -55.0652,
            0.0000,    0.0000,    0.0000,    0.0000,    0.0000,    0.0000,
            0.0000,    0.0000,    0.0000],
        [   0.0000,    0.0000,    0.0000,    0.0000,    0.0000,    0.0000,
            0.0000,    0.0000,    0.0000,    0.0000,    0.0000,    0.0000,
            0.0000,    0.0000,    0.0000,    0.0000,    0.0000,    0.0000,
          -55.8061,  -46.7815,  -57.9080,    0.0000,    0.0000,    0.0000,
            0.0000,    0.0000,    0.0000],
        [   0.0000,    0.0000,    0.0000,    0.0000,    0.0000,    0.0000,
            0.0000,    0.0000,    0.0000,    0.0000,    0.0000,    0.0000,
            0.0000,    0.0000,    0.0000,    0.0000,    0.0000,    0.0000,
            0.0000,    0.0000,    0.0000,  -19.4311,  -59.9675,  -48.4190,
            0.0000,    0.0000,    0.0000],
        [   0.0000,    0.0000,    0.0000,    0.0000,    0.0000,    0.0000,
            0.0000,    0.0000,    0.0000,    0.0000,    0.0000,    0.0000,
            0.0000,    0.0000,    0.0000,    0.0000,    0.0000,    0.0000,
            0.0000,    0.0000,    0.0000,    0.0000,    0.0000,    0.0000,
          -56.3424,  -44.4870,  -61.8283]])
Priority Grads
tensor([[-227.3774, -150.6611,  119.0054,    0.0000,    0.0000,    0.0000,
            0.0000,    0.0000,    0.0000,    0.0000,    0.0000,    0.0000,
            0.0000,    0.0000,    0.0000,    0.0000,    0.0000,    0.0000,
            0.0000,    0.0000,    0.0000,    0.0000,    0.0000,    0.0000,
            0.0000,    0.0000,    0.0000],
        [   0.0000,    0.0000,    0.0000,  117.3291,   54.8949, -331.5664,
            0.0000,    0.0000,    0.0000,    0.0000,    0.0000,    0.0000,
            0.0000,    0.0000,    0.0000,    0.0000,    0.0000,    0.0000,
            0.0000,    0.0000,    0.0000,    0.0000,    0.0000,    0.0000,
            0.0000,    0.0000,    0.0000],
        [   0.0000,    0.0000,    0.0000,    0.0000,    0.0000,    0.0000,
          160.4159,  -16.0152, -326.8756,    0.0000,    0.0000,    0.0000,
            0.0000,    0.0000,    0.0000,    0.0000,    0.0000,    0.0000,
            0.0000,    0.0000,    0.0000,    0.0000,    0.0000,    0.0000,
            0.0000,    0.0000,    0.0000],
        [   0.0000,    0.0000,    0.0000,    0.0000,    0.0000,    0.0000,
            0.0000,    0.0000,    0.0000,  247.9695, -135.7071, -275.9777,
            0.0000,    0.0000,    0.0000,    0.0000,    0.0000,    0.0000,
            0.0000,    0.0000,    0.0000,    0.0000,    0.0000,    0.0000,
            0.0000,    0.0000,    0.0000],
        [   0.0000,    0.0000,    0.0000,    0.0000,    0.0000,    0.0000,
            0.0000,    0.0000,    0.0000,    0.0000,    0.0000,    0.0000,
           32.8899,  173.9429, -317.2269,    0.0000,    0.0000,    0.0000,
            0.0000,    0.0000,    0.0000,    0.0000,    0.0000,    0.0000,
            0.0000,    0.0000,    0.0000],
        [   0.0000,    0.0000,    0.0000,    0.0000,    0.0000,    0.0000,
            0.0000,    0.0000,    0.0000,    0.0000,    0.0000,    0.0000,
            0.0000,    0.0000,    0.0000,  402.9301, -445.7584, -222.8236,
            0.0000,    0.0000,    0.0000,    0.0000,    0.0000,    0.0000,
            0.0000,    0.0000,    0.0000],
        [   0.0000,    0.0000,    0.0000,    0.0000,    0.0000,    0.0000,
            0.0000,    0.0000,    0.0000,    0.0000,    0.0000,    0.0000,
            0.0000,    0.0000,    0.0000,    0.0000,    0.0000,    0.0000,
          111.3051, -145.0433, -132.6796,    0.0000,    0.0000,    0.0000,
            0.0000,    0.0000,    0.0000],
        [   0.0000,    0.0000,    0.0000,    0.0000,    0.0000,    0.0000,
            0.0000,    0.0000,    0.0000,    0.0000,    0.0000,    0.0000,
            0.0000,    0.0000,    0.0000,    0.0000,    0.0000,    0.0000,
            0.0000,    0.0000,    0.0000,  248.1364, -117.4935, -286.5880,
            0.0000,    0.0000,    0.0000],
        [   0.0000,    0.0000,    0.0000,    0.0000,    0.0000,    0.0000,
            0.0000,    0.0000,    0.0000,    0.0000,    0.0000,    0.0000,
            0.0000,    0.0000,    0.0000,    0.0000,    0.0000,    0.0000,
            0.0000,    0.0000,    0.0000,    0.0000,    0.0000,    0.0000,
          237.4417, -201.3055, -164.1417]])
queue lengths: 	tensor([5.7321, 0.6553, 1.4734, 2.3688, 6.0850, 0.2597, 5.5242, 0.5084, 1.4352,
        4.0350, 4.3180, 0.2803, 5.6829, 0.5575, 1.6064, 3.1798, 5.1374, 0.2875,
        5.7500, 0.5278, 1.4578, 2.8433, 5.5988, 0.2761, 5.6141, 0.4759, 1.3367])
final cost: 	73.97000122070312
test cost: 	73.00720977783203
all valid: 	True
tensor([[0., 0., 0., 0., 0., 0., 0., 0., 0., 0., 0., 0., 0., 0., 0., 0., 0., 0., 0., 0., 0., 0., 0., 0.,
         0., 0., 0.]])
tensor([[[0.0377, 0.0347, 0.0385, 0.0367, 0.0368, 0.0365, 0.0393, 0.0332,
          0.0361, 0.0425, 0.0378, 0.0381, 0.0388, 0.0352, 0.0368, 0.0346,
          0.0414, 0.0352, 0.0385, 0.0354, 0.0386, 0.0377, 0.0361, 0.0363,
          0.0390, 0.0353, 0.0330],
         [0.0377, 0.0364, 0.0375, 0.0399, 0.0336, 0.0368, 0.0337, 0.0363,
          0.0395, 0.0392, 0.0373, 0.0357, 0.0373, 0.0385, 0.0377, 0.0341,
          0.0352, 0.0377, 0.0377, 0.0338, 0.0381, 0.0379, 0.0348, 0.0383,
          0.0409, 0.0388, 0.0358],
         [0.0335, 0.0388, 0.0383, 0.0365, 0.0391, 0.0363, 0.0393, 0.0392,
          0.0342, 0.0379, 0.0377, 0.0358, 0.0374, 0.0386, 0.0390, 0.0412,
          0.0367, 0.0363, 0.0391, 0.0363, 0.0355, 0.0353, 0.0359, 0.0342,
          0.0371, 0.0364, 0.0343],
         [0.0370, 0.0350, 0.0350, 0.0353, 0.0338, 0.0376, 0.0331, 0.0386,
          0.0383, 0.0374, 0.0404, 0.0353, 0.0395, 0.0403, 0.0341, 0.0380,
          0.0390, 0.0401, 0.0372, 0.0383, 0.0347, 0.0388, 0.0345, 0.0380,
          0.0349, 0.0376, 0.0383],
         [0.0379, 0.0403, 0.0361, 0.0382, 0.0356, 0.0367, 0.0356, 0.0351,
          0.0345, 0.0386, 0.0359, 0.0352, 0.0379, 0.0354, 0.0352, 0.0373,
          0.0363, 0.0391, 0.0381, 0.0350, 0.0364, 0.0393, 0.0358, 0.0385,
          0.0405, 0.0386, 0.0369],
         [0.0351, 0.0407, 0.0370, 0.0356, 0.0389, 0.0373, 0.0402, 0.0363,
          0.0407, 0.0332, 0.0322, 0.0376, 0.0371, 0.0368, 0.0366, 0.0384,
          0.0361, 0.0361, 0.0400, 0.0338, 0.0360, 0.0350, 0.0387, 0.0366,
          0.0411, 0.0348, 0.0377],
         [0.0356, 0.0345, 0.0396, 0.0340, 0.0344, 0.0389, 0.0341, 0.0360,
          0.0360, 0.0396, 0.0348, 0.0353, 0.0389, 0.0374, 0.0338, 0.0400,
          0.0390, 0.0385, 0.0398, 0.0389, 0.0373, 0.0375, 0.0417, 0.0348,
          0.0357, 0.0365, 0.0375],
         [0.0386, 0.0375, 0.0351, 0.0393, 0.0334, 0.0344, 0.0372, 0.0372,
          0.0377, 0.0366, 0.0382, 0.0386, 0.0371, 0.0378, 0.0378, 0.0371,
          0.0360, 0.0348, 0.0354, 0.0410, 0.0343, 0.0373, 0.0358, 0.0366,
          0.0388, 0.0383, 0.0380],
         [0.0364, 0.0355, 0.0389, 0.0384, 0.0345, 0.0403, 0.0358, 0.0346,
          0.0402, 0.0374, 0.0351, 0.0358, 0.0373, 0.0369, 0.0389, 0.0406,
          0.0398, 0.0386, 0.0338, 0.0405, 0.0346, 0.0344, 0.0363, 0.0376,
          0.0338, 0.0385, 0.0356]]], grad_fn=<SoftmaxBackward0>)
train cost:	54.04244613647461
queue lengths: 	tensor([3.9622, 0.4819, 1.2006, 2.1553, 2.6956, 0.1634, 4.5998, 0.3504, 1.2483,
        1.9437, 2.1544, 0.1707, 6.0782, 0.4385, 1.5813, 3.3699, 6.8461, 0.1964,
        3.4306, 0.4320, 1.1524, 2.0494, 3.4801, 0.1836, 2.4540, 0.3519, 0.8718],
       grad_fn=<MeanBackward1>)
Action Grads
tensor([[-20.0072,   0.1950,  -9.6233,   0.0000,   0.0000,   0.0000,   0.0000,
           0.0000,   0.0000,   0.0000,   0.0000,   0.0000,   0.0000,   0.0000,
           0.0000,   0.0000,   0.0000,   0.0000,   0.0000,   0.0000,   0.0000,
           0.0000,   0.0000,   0.0000,   0.0000,   0.0000,   0.0000],
        [  0.0000,   0.0000,   0.0000,  15.5844, -17.8493,  -8.5887,   0.0000,
           0.0000,   0.0000,   0.0000,   0.0000,   0.0000,   0.0000,   0.0000,
           0.0000,   0.0000,   0.0000,   0.0000,   0.0000,   0.0000,   0.0000,
           0.0000,   0.0000,   0.0000,   0.0000,   0.0000,   0.0000],
        [  0.0000,   0.0000,   0.0000,   0.0000,   0.0000,   0.0000, -33.7788,
          -3.8313, -16.4499,   0.0000,   0.0000,   0.0000,   0.0000,   0.0000,
           0.0000,   0.0000,   0.0000,   0.0000,   0.0000,   0.0000,   0.0000,
           0.0000,   0.0000,   0.0000,   0.0000,   0.0000,   0.0000],
        [  0.0000,   0.0000,   0.0000,   0.0000,   0.0000,   0.0000,   0.0000,
           0.0000,   0.0000,  14.0992, -15.6162,  -5.8363,   0.0000,   0.0000,
           0.0000,   0.0000,   0.0000,   0.0000,   0.0000,   0.0000,   0.0000,
           0.0000,   0.0000,   0.0000,   0.0000,   0.0000,   0.0000],
        [  0.0000,   0.0000,   0.0000,   0.0000,   0.0000,   0.0000,   0.0000,
           0.0000,   0.0000,   0.0000,   0.0000,   0.0000, -13.4726,  25.9123,
         -11.0976,   0.0000,   0.0000,   0.0000,   0.0000,   0.0000,   0.0000,
           0.0000,   0.0000,   0.0000,   0.0000,   0.0000,   0.0000],
        [  0.0000,   0.0000,   0.0000,   0.0000,   0.0000,   0.0000,   0.0000,
           0.0000,   0.0000,   0.0000,   0.0000,   0.0000,   0.0000,   0.0000,
           0.0000, -11.3865, -38.0925,  -5.2932,   0.0000,   0.0000,   0.0000,
           0.0000,   0.0000,   0.0000,   0.0000,   0.0000,   0.0000],
        [  0.0000,   0.0000,   0.0000,   0.0000,   0.0000,   0.0000,   0.0000,
           0.0000,   0.0000,   0.0000,   0.0000,   0.0000,   0.0000,   0.0000,
           0.0000,   0.0000,   0.0000,   0.0000, -12.5178,   2.7199, -11.7401,
           0.0000,   0.0000,   0.0000,   0.0000,   0.0000,   0.0000],
        [  0.0000,   0.0000,   0.0000,   0.0000,   0.0000,   0.0000,   0.0000,
           0.0000,   0.0000,   0.0000,   0.0000,   0.0000,   0.0000,   0.0000,
           0.0000,   0.0000,   0.0000,   0.0000,   0.0000,   0.0000,   0.0000,
          -8.8249, -23.8694,  -8.0050,   0.0000,   0.0000,   0.0000],
        [  0.0000,   0.0000,   0.0000,   0.0000,   0.0000,   0.0000,   0.0000,
           0.0000,   0.0000,   0.0000,   0.0000,   0.0000,   0.0000,   0.0000,
           0.0000,   0.0000,   0.0000,   0.0000,   0.0000,   0.0000,   0.0000,
           0.0000,   0.0000,   0.0000, -10.5067, -12.1589, -11.5494]])
Priority Grads
tensor([[ -63.9125,   32.7869,    5.1228,    0.0000,    0.0000,    0.0000,
            0.0000,    0.0000,    0.0000,    0.0000,    0.0000,    0.0000,
            0.0000,    0.0000,    0.0000,    0.0000,    0.0000,    0.0000,
            0.0000,    0.0000,    0.0000,    0.0000,    0.0000,    0.0000,
            0.0000,    0.0000,    0.0000],
        [   0.0000,    0.0000,    0.0000,  204.5394, -192.5498,  -66.9706,
            0.0000,    0.0000,    0.0000,    0.0000,    0.0000,    0.0000,
            0.0000,    0.0000,    0.0000,    0.0000,    0.0000,    0.0000,
            0.0000,    0.0000,    0.0000,    0.0000,    0.0000,    0.0000,
            0.0000,    0.0000,    0.0000],
        [   0.0000,    0.0000,    0.0000,    0.0000,    0.0000,    0.0000,
         -103.6941,   31.1708,   16.0533,    0.0000,    0.0000,    0.0000,
            0.0000,    0.0000,    0.0000,    0.0000,    0.0000,    0.0000,
            0.0000,    0.0000,    0.0000,    0.0000,    0.0000,    0.0000,
            0.0000,    0.0000,    0.0000],
        [   0.0000,    0.0000,    0.0000,    0.0000,    0.0000,    0.0000,
            0.0000,    0.0000,    0.0000,  170.8477, -127.5159,  -45.5580,
            0.0000,    0.0000,    0.0000,    0.0000,    0.0000,    0.0000,
            0.0000,    0.0000,    0.0000,    0.0000,    0.0000,    0.0000,
            0.0000,    0.0000,    0.0000],
        [   0.0000,    0.0000,    0.0000,    0.0000,    0.0000,    0.0000,
            0.0000,    0.0000,    0.0000,    0.0000,    0.0000,    0.0000,
         -123.1992,  216.8335,  -86.4902,    0.0000,    0.0000,    0.0000,
            0.0000,    0.0000,    0.0000,    0.0000,    0.0000,    0.0000,
            0.0000,    0.0000,    0.0000],
        [   0.0000,    0.0000,    0.0000,    0.0000,    0.0000,    0.0000,
            0.0000,    0.0000,    0.0000,    0.0000,    0.0000,    0.0000,
            0.0000,    0.0000,    0.0000,  117.6340, -161.1918,  -16.3617,
            0.0000,    0.0000,    0.0000,    0.0000,    0.0000,    0.0000,
            0.0000,    0.0000,    0.0000],
        [   0.0000,    0.0000,    0.0000,    0.0000,    0.0000,    0.0000,
            0.0000,    0.0000,    0.0000,    0.0000,    0.0000,    0.0000,
            0.0000,    0.0000,    0.0000,    0.0000,    0.0000,    0.0000,
          -36.7197,   48.1193,  -37.6272,    0.0000,    0.0000,    0.0000,
            0.0000,    0.0000,    0.0000],
        [   0.0000,    0.0000,    0.0000,    0.0000,    0.0000,    0.0000,
            0.0000,    0.0000,    0.0000,    0.0000,    0.0000,    0.0000,
            0.0000,    0.0000,    0.0000,    0.0000,    0.0000,    0.0000,
            0.0000,    0.0000,    0.0000,   80.4934,  -87.3371,  -38.8336,
            0.0000,    0.0000,    0.0000],
        [   0.0000,    0.0000,    0.0000,    0.0000,    0.0000,    0.0000,
            0.0000,    0.0000,    0.0000,    0.0000,    0.0000,    0.0000,
            0.0000,    0.0000,    0.0000,    0.0000,    0.0000,    0.0000,
            0.0000,    0.0000,    0.0000,    0.0000,    0.0000,    0.0000,
           57.7999,  -62.6020,  -19.8902]])
queue lengths: 	tensor([5.7184, 0.6608, 1.4956, 2.4950, 6.2420, 0.2608, 5.6437, 0.5068, 1.4179,
        4.3146, 4.1642, 0.2765, 5.8344, 0.5604, 1.5914, 3.3011, 4.9201, 0.2862,
        5.6624, 0.5186, 1.4350, 3.0022, 5.3659, 0.2744, 5.7615, 0.4651, 1.2861])
final cost: 	73.04000091552734
test cost: 	73.46118927001953
all valid: 	True
tensor([[0., 0., 0., 0., 0., 0., 0., 0., 0., 0., 0., 0., 0., 0., 0., 0., 0., 0., 0., 0., 0., 0., 0., 0.,
         0., 0., 0.]])
tensor([[[0.0378, 0.0347, 0.0385, 0.0367, 0.0368, 0.0365, 0.0393, 0.0333,
          0.0360, 0.0425, 0.0378, 0.0380, 0.0388, 0.0351, 0.0368, 0.0347,
          0.0414, 0.0353, 0.0386, 0.0354, 0.0386, 0.0377, 0.0361, 0.0363,
          0.0391, 0.0353, 0.0330],
         [0.0377, 0.0364, 0.0374, 0.0398, 0.0336, 0.0368, 0.0337, 0.0363,
          0.0394, 0.0391, 0.0373, 0.0357, 0.0373, 0.0385, 0.0378, 0.0342,
          0.0351, 0.0377, 0.0377, 0.0338, 0.0381, 0.0379, 0.0348, 0.0383,
          0.0409, 0.0387, 0.0358],
         [0.0335, 0.0388, 0.0383, 0.0365, 0.0391, 0.0363, 0.0393, 0.0392,
          0.0342, 0.0380, 0.0378, 0.0358, 0.0374, 0.0385, 0.0390, 0.0412,
          0.0367, 0.0363, 0.0391, 0.0362, 0.0355, 0.0353, 0.0358, 0.0342,
          0.0371, 0.0364, 0.0343],
         [0.0370, 0.0350, 0.0351, 0.0353, 0.0337, 0.0376, 0.0331, 0.0386,
          0.0383, 0.0373, 0.0405, 0.0353, 0.0395, 0.0403, 0.0341, 0.0381,
          0.0390, 0.0401, 0.0371, 0.0382, 0.0347, 0.0388, 0.0345, 0.0380,
          0.0349, 0.0376, 0.0383],
         [0.0378, 0.0403, 0.0360, 0.0382, 0.0357, 0.0367, 0.0355, 0.0351,
          0.0345, 0.0386, 0.0359, 0.0352, 0.0379, 0.0353, 0.0353, 0.0373,
          0.0363, 0.0391, 0.0381, 0.0350, 0.0363, 0.0393, 0.0358, 0.0385,
          0.0406, 0.0386, 0.0369],
         [0.0350, 0.0407, 0.0370, 0.0356, 0.0390, 0.0373, 0.0402, 0.0363,
          0.0407, 0.0332, 0.0323, 0.0376, 0.0371, 0.0368, 0.0366, 0.0383,
          0.0362, 0.0362, 0.0401, 0.0338, 0.0360, 0.0350, 0.0387, 0.0366,
          0.0411, 0.0349, 0.0377],
         [0.0356, 0.0345, 0.0396, 0.0339, 0.0344, 0.0389, 0.0340, 0.0360,
          0.0359, 0.0395, 0.0348, 0.0353, 0.0389, 0.0375, 0.0338, 0.0401,
          0.0390, 0.0386, 0.0398, 0.0389, 0.0373, 0.0375, 0.0417, 0.0348,
          0.0357, 0.0365, 0.0375],
         [0.0386, 0.0375, 0.0351, 0.0393, 0.0334, 0.0344, 0.0372, 0.0372,
          0.0377, 0.0366, 0.0382, 0.0386, 0.0371, 0.0378, 0.0378, 0.0371,
          0.0360, 0.0348, 0.0354, 0.0410, 0.0343, 0.0372, 0.0358, 0.0367,
          0.0388, 0.0383, 0.0380],
         [0.0364, 0.0355, 0.0389, 0.0385, 0.0345, 0.0403, 0.0358, 0.0346,
          0.0402, 0.0373, 0.0351, 0.0358, 0.0373, 0.0369, 0.0389, 0.0406,
          0.0398, 0.0386, 0.0338, 0.0405, 0.0346, 0.0344, 0.0363, 0.0375,
          0.0337, 0.0385, 0.0356]]], grad_fn=<SoftmaxBackward0>)
train cost:	42.26349639892578
queue lengths: 	tensor([3.7833, 0.4174, 1.1546, 1.6105, 2.4501, 0.1750, 5.0565, 0.4041, 1.5986,
        2.1549, 2.4030, 0.1763, 2.5686, 0.3920, 1.1962, 1.8512, 3.1229, 0.1971,
        2.8118, 0.3443, 0.9910, 1.3744, 2.2070, 0.1800, 2.4994, 0.2884, 0.8548],
       grad_fn=<MeanBackward1>)
Action Grads
tensor([[-14.9003,  -0.3421, -11.8660,   0.0000,   0.0000,   0.0000,   0.0000,
           0.0000,   0.0000,   0.0000,   0.0000,   0.0000,   0.0000,   0.0000,
           0.0000,   0.0000,   0.0000,   0.0000,   0.0000,   0.0000,   0.0000,
           0.0000,   0.0000,   0.0000,   0.0000,   0.0000,   0.0000],
        [  0.0000,   0.0000,   0.0000,   6.7703, -12.0564,  -1.8841,   0.0000,
           0.0000,   0.0000,   0.0000,   0.0000,   0.0000,   0.0000,   0.0000,
           0.0000,   0.0000,   0.0000,   0.0000,   0.0000,   0.0000,   0.0000,
           0.0000,   0.0000,   0.0000,   0.0000,   0.0000,   0.0000],
        [  0.0000,   0.0000,   0.0000,   0.0000,   0.0000,   0.0000, -18.3350,
          -3.6227, -13.3523,   0.0000,   0.0000,   0.0000,   0.0000,   0.0000,
           0.0000,   0.0000,   0.0000,   0.0000,   0.0000,   0.0000,   0.0000,
           0.0000,   0.0000,   0.0000,   0.0000,   0.0000,   0.0000],
        [  0.0000,   0.0000,   0.0000,   0.0000,   0.0000,   0.0000,   0.0000,
           0.0000,   0.0000,  -2.8122, -11.1497,  -5.2526,   0.0000,   0.0000,
           0.0000,   0.0000,   0.0000,   0.0000,   0.0000,   0.0000,   0.0000,
           0.0000,   0.0000,   0.0000,   0.0000,   0.0000,   0.0000],
        [  0.0000,   0.0000,   0.0000,   0.0000,   0.0000,   0.0000,   0.0000,
           0.0000,   0.0000,   0.0000,   0.0000,   0.0000,  -7.4451,   6.7647,
          -7.6519,   0.0000,   0.0000,   0.0000,   0.0000,   0.0000,   0.0000,
           0.0000,   0.0000,   0.0000,   0.0000,   0.0000,   0.0000],
        [  0.0000,   0.0000,   0.0000,   0.0000,   0.0000,   0.0000,   0.0000,
           0.0000,   0.0000,   0.0000,   0.0000,   0.0000,   0.0000,   0.0000,
           0.0000,   3.7355, -14.1867,  -8.4976,   0.0000,   0.0000,   0.0000,
           0.0000,   0.0000,   0.0000,   0.0000,   0.0000,   0.0000],
        [  0.0000,   0.0000,   0.0000,   0.0000,   0.0000,   0.0000,   0.0000,
           0.0000,   0.0000,   0.0000,   0.0000,   0.0000,   0.0000,   0.0000,
           0.0000,   0.0000,   0.0000,   0.0000, -12.3954,   3.0828, -10.7806,
           0.0000,   0.0000,   0.0000,   0.0000,   0.0000,   0.0000],
        [  0.0000,   0.0000,   0.0000,   0.0000,   0.0000,   0.0000,   0.0000,
           0.0000,   0.0000,   0.0000,   0.0000,   0.0000,   0.0000,   0.0000,
           0.0000,   0.0000,   0.0000,   0.0000,   0.0000,   0.0000,   0.0000,
          -0.7090, -15.9522,  -6.5694,   0.0000,   0.0000,   0.0000],
        [  0.0000,   0.0000,   0.0000,   0.0000,   0.0000,   0.0000,   0.0000,
           0.0000,   0.0000,   0.0000,   0.0000,   0.0000,   0.0000,   0.0000,
           0.0000,   0.0000,   0.0000,   0.0000,   0.0000,   0.0000,   0.0000,
           0.0000,   0.0000,   0.0000,  -8.2715,  -7.0626,  -7.6446]])
Priority Grads
tensor([[ -25.0328,   38.4533,  -36.5958,    0.0000,    0.0000,    0.0000,
            0.0000,    0.0000,    0.0000,    0.0000,    0.0000,    0.0000,
            0.0000,    0.0000,    0.0000,    0.0000,    0.0000,    0.0000,
            0.0000,    0.0000,    0.0000,    0.0000,    0.0000,    0.0000,
            0.0000,    0.0000,    0.0000],
        [   0.0000,    0.0000,    0.0000,   88.0100, -100.2332,  -11.8996,
            0.0000,    0.0000,    0.0000,    0.0000,    0.0000,    0.0000,
            0.0000,    0.0000,    0.0000,    0.0000,    0.0000,    0.0000,
            0.0000,    0.0000,    0.0000,    0.0000,    0.0000,    0.0000,
            0.0000,    0.0000,    0.0000],
        [   0.0000,    0.0000,    0.0000,    0.0000,    0.0000,    0.0000,
          -38.0135,    8.3952,   -3.7271,    0.0000,    0.0000,    0.0000,
            0.0000,    0.0000,    0.0000,    0.0000,    0.0000,    0.0000,
            0.0000,    0.0000,    0.0000,    0.0000,    0.0000,    0.0000,
            0.0000,    0.0000,    0.0000],
        [   0.0000,    0.0000,    0.0000,    0.0000,    0.0000,    0.0000,
            0.0000,    0.0000,    0.0000,   51.1626,  -35.8607,  -30.8339,
            0.0000,    0.0000,    0.0000,    0.0000,    0.0000,    0.0000,
            0.0000,    0.0000,    0.0000,    0.0000,    0.0000,    0.0000,
            0.0000,    0.0000,    0.0000],
        [   0.0000,    0.0000,    0.0000,    0.0000,    0.0000,    0.0000,
            0.0000,    0.0000,    0.0000,    0.0000,    0.0000,    0.0000,
          -29.2610,   63.0103,  -40.4651,    0.0000,    0.0000,    0.0000,
            0.0000,    0.0000,    0.0000,    0.0000,    0.0000,    0.0000,
            0.0000,    0.0000,    0.0000],
        [   0.0000,    0.0000,    0.0000,    0.0000,    0.0000,    0.0000,
            0.0000,    0.0000,    0.0000,    0.0000,    0.0000,    0.0000,
            0.0000,    0.0000,    0.0000,  112.2499,  -77.9067,  -59.1560,
            0.0000,    0.0000,    0.0000,    0.0000,    0.0000,    0.0000,
            0.0000,    0.0000,    0.0000],
        [   0.0000,    0.0000,    0.0000,    0.0000,    0.0000,    0.0000,
            0.0000,    0.0000,    0.0000,    0.0000,    0.0000,    0.0000,
            0.0000,    0.0000,    0.0000,    0.0000,    0.0000,    0.0000,
          -29.8035,   49.1991,  -42.3845,    0.0000,    0.0000,    0.0000,
            0.0000,    0.0000,    0.0000],
        [   0.0000,    0.0000,    0.0000,    0.0000,    0.0000,    0.0000,
            0.0000,    0.0000,    0.0000,    0.0000,    0.0000,    0.0000,
            0.0000,    0.0000,    0.0000,    0.0000,    0.0000,    0.0000,
            0.0000,    0.0000,    0.0000,   72.7004,  -71.6718,  -27.3915,
            0.0000,    0.0000,    0.0000],
        [   0.0000,    0.0000,    0.0000,    0.0000,    0.0000,    0.0000,
            0.0000,    0.0000,    0.0000,    0.0000,    0.0000,    0.0000,
            0.0000,    0.0000,    0.0000,    0.0000,    0.0000,    0.0000,
            0.0000,    0.0000,    0.0000,    0.0000,    0.0000,    0.0000,
           33.1212,  -28.3732,  -22.8836]])
queue lengths: 	tensor([5.6975, 0.6742, 1.5251, 2.5898, 6.1307, 0.2634, 5.7210, 0.5058, 1.4441,
        4.4804, 3.9211, 0.2736, 5.9103, 0.5660, 1.5939, 3.6746, 4.6776, 0.2863,
        5.9758, 0.5209, 1.4709, 3.2485, 5.2198, 0.2758, 5.6408, 0.4547, 1.2652])
final cost: 	79.01000213623047
test cost: 	74.00798034667969
all valid: 	True
tensor([[0., 0., 0., 0., 0., 0., 0., 0., 0., 0., 0., 0., 0., 0., 0., 0., 0., 0., 0., 0., 0., 0., 0., 0.,
         0., 0., 0.]])
tensor([[[0.0378, 0.0347, 0.0385, 0.0366, 0.0368, 0.0365, 0.0392, 0.0333,
          0.0360, 0.0425, 0.0378, 0.0380, 0.0387, 0.0351, 0.0368, 0.0347,
          0.0414, 0.0353, 0.0386, 0.0354, 0.0386, 0.0377, 0.0361, 0.0363,
          0.0391, 0.0353, 0.0330],
         [0.0377, 0.0364, 0.0374, 0.0397, 0.0337, 0.0369, 0.0337, 0.0363,
          0.0394, 0.0391, 0.0374, 0.0357, 0.0373, 0.0385, 0.0378, 0.0342,
          0.0351, 0.0377, 0.0377, 0.0338, 0.0381, 0.0379, 0.0348, 0.0383,
          0.0409, 0.0387, 0.0358],
         [0.0335, 0.0388, 0.0384, 0.0365, 0.0391, 0.0363, 0.0393, 0.0392,
          0.0342, 0.0380, 0.0378, 0.0358, 0.0375, 0.0385, 0.0390, 0.0412,
          0.0367, 0.0364, 0.0391, 0.0362, 0.0355, 0.0353, 0.0358, 0.0342,
          0.0370, 0.0364, 0.0343],
         [0.0370, 0.0350, 0.0351, 0.0353, 0.0337, 0.0376, 0.0332, 0.0385,
          0.0383, 0.0372, 0.0405, 0.0354, 0.0395, 0.0403, 0.0341, 0.0381,
          0.0389, 0.0401, 0.0371, 0.0382, 0.0348, 0.0389, 0.0345, 0.0381,
          0.0349, 0.0376, 0.0383],
         [0.0378, 0.0403, 0.0360, 0.0382, 0.0357, 0.0367, 0.0355, 0.0351,
          0.0345, 0.0387, 0.0359, 0.0352, 0.0380, 0.0353, 0.0354, 0.0373,
          0.0363, 0.0391, 0.0381, 0.0350, 0.0363, 0.0393, 0.0358, 0.0385,
          0.0406, 0.0386, 0.0369],
         [0.0350, 0.0407, 0.0370, 0.0356, 0.0390, 0.0373, 0.0402, 0.0364,
          0.0407, 0.0332, 0.0323, 0.0376, 0.0370, 0.0368, 0.0366, 0.0382,
          0.0362, 0.0362, 0.0401, 0.0338, 0.0360, 0.0350, 0.0387, 0.0366,
          0.0412, 0.0349, 0.0377],
         [0.0356, 0.0345, 0.0396, 0.0339, 0.0344, 0.0389, 0.0340, 0.0360,
          0.0360, 0.0395, 0.0348, 0.0353, 0.0389, 0.0375, 0.0337, 0.0401,
          0.0390, 0.0386, 0.0399, 0.0388, 0.0374, 0.0375, 0.0417, 0.0348,
          0.0358, 0.0364, 0.0375],
         [0.0386, 0.0374, 0.0352, 0.0394, 0.0334, 0.0345, 0.0372, 0.0372,
          0.0377, 0.0366, 0.0383, 0.0386, 0.0370, 0.0378, 0.0378, 0.0371,
          0.0360, 0.0348, 0.0354, 0.0410, 0.0343, 0.0371, 0.0359, 0.0367,
          0.0388, 0.0383, 0.0380],
         [0.0364, 0.0355, 0.0389, 0.0385, 0.0345, 0.0402, 0.0359, 0.0345,
          0.0402, 0.0373, 0.0350, 0.0358, 0.0373, 0.0369, 0.0389, 0.0406,
          0.0398, 0.0386, 0.0338, 0.0405, 0.0346, 0.0344, 0.0363, 0.0375,
          0.0336, 0.0386, 0.0357]]], grad_fn=<SoftmaxBackward0>)
train cost:	46.766632080078125
queue lengths: 	tensor([3.2163, 0.5151, 1.1823, 1.7078, 3.9485, 0.1839, 3.0780, 0.3710, 1.1404,
        3.1930, 3.3271, 0.1805, 3.4997, 0.4203, 1.3128, 2.0064, 2.5442, 0.1709,
        3.8548, 0.3912, 1.0537, 2.1171, 1.9097, 0.1853, 3.9447, 0.3420, 0.9697],
       grad_fn=<MeanBackward1>)
Action Grads
tensor([[ -9.4280,  16.2215,  -7.3882,   0.0000,   0.0000,   0.0000,   0.0000,
           0.0000,   0.0000,   0.0000,   0.0000,   0.0000,   0.0000,   0.0000,
           0.0000,   0.0000,   0.0000,   0.0000,   0.0000,   0.0000,   0.0000,
           0.0000,   0.0000,   0.0000,   0.0000,   0.0000,   0.0000],
        [  0.0000,   0.0000,   0.0000,   5.3042, -24.0369,  -3.0313,   0.0000,
           0.0000,   0.0000,   0.0000,   0.0000,   0.0000,   0.0000,   0.0000,
           0.0000,   0.0000,   0.0000,   0.0000,   0.0000,   0.0000,   0.0000,
           0.0000,   0.0000,   0.0000,   0.0000,   0.0000,   0.0000],
        [  0.0000,   0.0000,   0.0000,   0.0000,   0.0000,   0.0000,  -7.7883,
           3.6538,  -6.0233,   0.0000,   0.0000,   0.0000,   0.0000,   0.0000,
           0.0000,   0.0000,   0.0000,   0.0000,   0.0000,   0.0000,   0.0000,
           0.0000,   0.0000,   0.0000,   0.0000,   0.0000,   0.0000],
        [  0.0000,   0.0000,   0.0000,   0.0000,   0.0000,   0.0000,   0.0000,
           0.0000,   0.0000,   3.6158, -10.2483,  -1.5047,   0.0000,   0.0000,
           0.0000,   0.0000,   0.0000,   0.0000,   0.0000,   0.0000,   0.0000,
           0.0000,   0.0000,   0.0000,   0.0000,   0.0000,   0.0000],
        [  0.0000,   0.0000,   0.0000,   0.0000,   0.0000,   0.0000,   0.0000,
           0.0000,   0.0000,   0.0000,   0.0000,   0.0000,  -8.8634,   0.9068,
          -7.3895,   0.0000,   0.0000,   0.0000,   0.0000,   0.0000,   0.0000,
           0.0000,   0.0000,   0.0000,   0.0000,   0.0000,   0.0000],
        [  0.0000,   0.0000,   0.0000,   0.0000,   0.0000,   0.0000,   0.0000,
           0.0000,   0.0000,   0.0000,   0.0000,   0.0000,   0.0000,   0.0000,
           0.0000,  11.0072,  -8.3147,  -1.6700,   0.0000,   0.0000,   0.0000,
           0.0000,   0.0000,   0.0000,   0.0000,   0.0000,   0.0000],
        [  0.0000,   0.0000,   0.0000,   0.0000,   0.0000,   0.0000,   0.0000,
           0.0000,   0.0000,   0.0000,   0.0000,   0.0000,   0.0000,   0.0000,
           0.0000,   0.0000,   0.0000,   0.0000, -15.2997,   2.1147,  -7.1055,
           0.0000,   0.0000,   0.0000,   0.0000,   0.0000,   0.0000],
        [  0.0000,   0.0000,   0.0000,   0.0000,   0.0000,   0.0000,   0.0000,
           0.0000,   0.0000,   0.0000,   0.0000,   0.0000,   0.0000,   0.0000,
           0.0000,   0.0000,   0.0000,   0.0000,   0.0000,   0.0000,   0.0000,
           4.2713,  -6.0997,  -6.2450,   0.0000,   0.0000,   0.0000],
        [  0.0000,   0.0000,   0.0000,   0.0000,   0.0000,   0.0000,   0.0000,
           0.0000,   0.0000,   0.0000,   0.0000,   0.0000,   0.0000,   0.0000,
           0.0000,   0.0000,   0.0000,   0.0000,   0.0000,   0.0000,   0.0000,
           0.0000,   0.0000,   0.0000, -13.4052,  -5.4553,  -7.1264]])
Priority Grads
tensor([[ -64.3480,  140.0515,  -60.7481,    0.0000,    0.0000,    0.0000,
            0.0000,    0.0000,    0.0000,    0.0000,    0.0000,    0.0000,
            0.0000,    0.0000,    0.0000,    0.0000,    0.0000,    0.0000,
            0.0000,    0.0000,    0.0000,    0.0000,    0.0000,    0.0000,
            0.0000,    0.0000,    0.0000],
        [   0.0000,    0.0000,    0.0000,  139.9389, -180.4019,   -7.8603,
            0.0000,    0.0000,    0.0000,    0.0000,    0.0000,    0.0000,
            0.0000,    0.0000,    0.0000,    0.0000,    0.0000,    0.0000,
            0.0000,    0.0000,    0.0000,    0.0000,    0.0000,    0.0000,
            0.0000,    0.0000,    0.0000],
        [   0.0000,    0.0000,    0.0000,    0.0000,    0.0000,    0.0000,
          -35.2073,   32.5689,   -7.9454,    0.0000,    0.0000,    0.0000,
            0.0000,    0.0000,    0.0000,    0.0000,    0.0000,    0.0000,
            0.0000,    0.0000,    0.0000,    0.0000,    0.0000,    0.0000,
            0.0000,    0.0000,    0.0000],
        [   0.0000,    0.0000,    0.0000,    0.0000,    0.0000,    0.0000,
            0.0000,    0.0000,    0.0000,   79.5990,  -68.9671,   -8.4615,
            0.0000,    0.0000,    0.0000,    0.0000,    0.0000,    0.0000,
            0.0000,    0.0000,    0.0000,    0.0000,    0.0000,    0.0000,
            0.0000,    0.0000,    0.0000],
        [   0.0000,    0.0000,    0.0000,    0.0000,    0.0000,    0.0000,
            0.0000,    0.0000,    0.0000,    0.0000,    0.0000,    0.0000,
          -24.9807,   30.3199,  -19.5203,    0.0000,    0.0000,    0.0000,
            0.0000,    0.0000,    0.0000,    0.0000,    0.0000,    0.0000,
            0.0000,    0.0000,    0.0000],
        [   0.0000,    0.0000,    0.0000,    0.0000,    0.0000,    0.0000,
            0.0000,    0.0000,    0.0000,    0.0000,    0.0000,    0.0000,
            0.0000,    0.0000,    0.0000,   95.4589,  -76.9925,  -18.4073,
            0.0000,    0.0000,    0.0000,    0.0000,    0.0000,    0.0000,
            0.0000,    0.0000,    0.0000],
        [   0.0000,    0.0000,    0.0000,    0.0000,    0.0000,    0.0000,
            0.0000,    0.0000,    0.0000,    0.0000,    0.0000,    0.0000,
            0.0000,    0.0000,    0.0000,    0.0000,    0.0000,    0.0000,
          -63.5760,   37.1138,    7.0515,    0.0000,    0.0000,    0.0000,
            0.0000,    0.0000,    0.0000],
        [   0.0000,    0.0000,    0.0000,    0.0000,    0.0000,    0.0000,
            0.0000,    0.0000,    0.0000,    0.0000,    0.0000,    0.0000,
            0.0000,    0.0000,    0.0000,    0.0000,    0.0000,    0.0000,
            0.0000,    0.0000,    0.0000,   65.9566,  -32.5922,  -43.1994,
            0.0000,    0.0000,    0.0000],
        [   0.0000,    0.0000,    0.0000,    0.0000,    0.0000,    0.0000,
            0.0000,    0.0000,    0.0000,    0.0000,    0.0000,    0.0000,
            0.0000,    0.0000,    0.0000,    0.0000,    0.0000,    0.0000,
            0.0000,    0.0000,    0.0000,    0.0000,    0.0000,    0.0000,
          -14.2401,  -16.7441,    5.0875]])
queue lengths: 	tensor([5.7915, 0.6903, 1.5244, 2.7353, 5.9058, 0.2632, 5.5885, 0.5092, 1.4378,
        4.7865, 3.7972, 0.2708, 6.0072, 0.5659, 1.5603, 3.7341, 4.2982, 0.2849,
        5.7834, 0.5216, 1.4781, 3.3335, 4.7760, 0.2733, 5.8563, 0.4461, 1.2430])
final cost: 	74.48999786376953
test cost: 	73.462158203125
all valid: 	True
tensor([[0., 0., 0., 0., 0., 0., 0., 0., 0., 0., 0., 0., 0., 0., 0., 0., 0., 0., 0., 0., 0., 0., 0., 0.,
         0., 0., 0.]])
tensor([[[0.0379, 0.0347, 0.0385, 0.0366, 0.0368, 0.0365, 0.0392, 0.0333,
          0.0360, 0.0424, 0.0379, 0.0379, 0.0387, 0.0351, 0.0369, 0.0347,
          0.0414, 0.0353, 0.0386, 0.0354, 0.0386, 0.0378, 0.0361, 0.0363,
          0.0392, 0.0353, 0.0330],
         [0.0377, 0.0364, 0.0374, 0.0396, 0.0338, 0.0369, 0.0337, 0.0363,
          0.0393, 0.0390, 0.0374, 0.0358, 0.0373, 0.0385, 0.0378, 0.0342,
          0.0351, 0.0377, 0.0376, 0.0338, 0.0381, 0.0379, 0.0348, 0.0383,
          0.0409, 0.0387, 0.0358],
         [0.0335, 0.0388, 0.0385, 0.0365, 0.0391, 0.0363, 0.0394, 0.0391,
          0.0343, 0.0380, 0.0378, 0.0357, 0.0375, 0.0385, 0.0390, 0.0412,
          0.0367, 0.0364, 0.0391, 0.0362, 0.0355, 0.0353, 0.0358, 0.0343,
          0.0370, 0.0364, 0.0343],
         [0.0370, 0.0351, 0.0351, 0.0353, 0.0336, 0.0376, 0.0332, 0.0385,
          0.0383, 0.0371, 0.0406, 0.0354, 0.0395, 0.0403, 0.0341, 0.0381,
          0.0389, 0.0401, 0.0371, 0.0381, 0.0348, 0.0389, 0.0345, 0.0381,
          0.0350, 0.0376, 0.0383],
         [0.0378, 0.0403, 0.0360, 0.0382, 0.0357, 0.0367, 0.0355, 0.0350,
          0.0345, 0.0387, 0.0359, 0.0352, 0.0380, 0.0352, 0.0354, 0.0373,
          0.0364, 0.0391, 0.0381, 0.0350, 0.0363, 0.0393, 0.0358, 0.0385,
          0.0406, 0.0386, 0.0369],
         [0.0350, 0.0407, 0.0370, 0.0356, 0.0390, 0.0373, 0.0402, 0.0364,
          0.0406, 0.0332, 0.0323, 0.0376, 0.0370, 0.0368, 0.0366, 0.0381,
          0.0363, 0.0362, 0.0401, 0.0338, 0.0360, 0.0351, 0.0387, 0.0365,
          0.0412, 0.0349, 0.0377],
         [0.0356, 0.0345, 0.0397, 0.0339, 0.0344, 0.0388, 0.0340, 0.0360,
          0.0360, 0.0395, 0.0348, 0.0353, 0.0389, 0.0375, 0.0337, 0.0402,
          0.0390, 0.0386, 0.0399, 0.0388, 0.0374, 0.0375, 0.0417, 0.0348,
          0.0358, 0.0364, 0.0375],
         [0.0386, 0.0374, 0.0352, 0.0394, 0.0334, 0.0345, 0.0372, 0.0372,
          0.0377, 0.0366, 0.0383, 0.0386, 0.0370, 0.0378, 0.0378, 0.0372,
          0.0360, 0.0348, 0.0353, 0.0411, 0.0344, 0.0369, 0.0359, 0.0368,
          0.0388, 0.0383, 0.0379],
         [0.0364, 0.0355, 0.0389, 0.0385, 0.0345, 0.0402, 0.0359, 0.0345,
          0.0403, 0.0373, 0.0350, 0.0358, 0.0373, 0.0369, 0.0388, 0.0406,
          0.0398, 0.0387, 0.0338, 0.0405, 0.0346, 0.0344, 0.0363, 0.0375,
          0.0335, 0.0386, 0.0357]]], grad_fn=<SoftmaxBackward0>)
train cost:	75.8847427368164
queue lengths: 	tensor([ 6.0557,  0.5646,  1.3336,  3.4599, 10.3599,  0.2145,  4.6703,  0.4901,
         1.2913,  3.1630,  3.5398,  0.1828,  5.5952,  0.5445,  1.6241,  4.6400,
         5.7636,  0.2068,  7.7443,  0.4195,  1.4203,  2.8163,  3.7870,  0.1827,
         4.1952,  0.3771,  1.2423], grad_fn=<MeanBackward1>)
Action Grads
tensor([[-28.2353,  43.5190, -19.1918,   0.0000,   0.0000,   0.0000,   0.0000,
           0.0000,   0.0000,   0.0000,   0.0000,   0.0000,   0.0000,   0.0000,
           0.0000,   0.0000,   0.0000,   0.0000,   0.0000,   0.0000,   0.0000,
           0.0000,   0.0000,   0.0000,   0.0000,   0.0000,   0.0000],
        [  0.0000,   0.0000,   0.0000,  -2.6786, -52.7939, -10.6543,   0.0000,
           0.0000,   0.0000,   0.0000,   0.0000,   0.0000,   0.0000,   0.0000,
           0.0000,   0.0000,   0.0000,   0.0000,   0.0000,   0.0000,   0.0000,
           0.0000,   0.0000,   0.0000,   0.0000,   0.0000,   0.0000],
        [  0.0000,   0.0000,   0.0000,   0.0000,   0.0000,   0.0000, -15.6564,
          -0.1125, -15.6368,   0.0000,   0.0000,   0.0000,   0.0000,   0.0000,
           0.0000,   0.0000,   0.0000,   0.0000,   0.0000,   0.0000,   0.0000,
           0.0000,   0.0000,   0.0000,   0.0000,   0.0000,   0.0000],
        [  0.0000,   0.0000,   0.0000,   0.0000,   0.0000,   0.0000,   0.0000,
           0.0000,   0.0000,  17.5978, -19.0741,  -9.6251,   0.0000,   0.0000,
           0.0000,   0.0000,   0.0000,   0.0000,   0.0000,   0.0000,   0.0000,
           0.0000,   0.0000,   0.0000,   0.0000,   0.0000,   0.0000],
        [  0.0000,   0.0000,   0.0000,   0.0000,   0.0000,   0.0000,   0.0000,
           0.0000,   0.0000,   0.0000,   0.0000,   0.0000, -17.4537,  12.1030,
         -15.7950,   0.0000,   0.0000,   0.0000,   0.0000,   0.0000,   0.0000,
           0.0000,   0.0000,   0.0000,   0.0000,   0.0000,   0.0000],
        [  0.0000,   0.0000,   0.0000,   0.0000,   0.0000,   0.0000,   0.0000,
           0.0000,   0.0000,   0.0000,   0.0000,   0.0000,   0.0000,   0.0000,
           0.0000,   1.5735, -37.9601, -20.1573,   0.0000,   0.0000,   0.0000,
           0.0000,   0.0000,   0.0000,   0.0000,   0.0000,   0.0000],
        [  0.0000,   0.0000,   0.0000,   0.0000,   0.0000,   0.0000,   0.0000,
           0.0000,   0.0000,   0.0000,   0.0000,   0.0000,   0.0000,   0.0000,
           0.0000,   0.0000,   0.0000,   0.0000, -56.8423,   3.3728, -10.0706,
           0.0000,   0.0000,   0.0000,   0.0000,   0.0000,   0.0000],
        [  0.0000,   0.0000,   0.0000,   0.0000,   0.0000,   0.0000,   0.0000,
           0.0000,   0.0000,   0.0000,   0.0000,   0.0000,   0.0000,   0.0000,
           0.0000,   0.0000,   0.0000,   0.0000,   0.0000,   0.0000,   0.0000,
         -14.3677, -31.2117, -11.8864,   0.0000,   0.0000,   0.0000],
        [  0.0000,   0.0000,   0.0000,   0.0000,   0.0000,   0.0000,   0.0000,
           0.0000,   0.0000,   0.0000,   0.0000,   0.0000,   0.0000,   0.0000,
           0.0000,   0.0000,   0.0000,   0.0000,   0.0000,   0.0000,   0.0000,
           0.0000,   0.0000,   0.0000, -16.9032, -22.2611, -19.7940]])
Priority Grads
tensor([[-221.9870,  396.3473, -114.8217,    0.0000,    0.0000,    0.0000,
            0.0000,    0.0000,    0.0000,    0.0000,    0.0000,    0.0000,
            0.0000,    0.0000,    0.0000,    0.0000,    0.0000,    0.0000,
            0.0000,    0.0000,    0.0000,    0.0000,    0.0000,    0.0000,
            0.0000,    0.0000,    0.0000],
        [   0.0000,    0.0000,    0.0000,  256.7745, -317.1344,  -42.3572,
            0.0000,    0.0000,    0.0000,    0.0000,    0.0000,    0.0000,
            0.0000,    0.0000,    0.0000,    0.0000,    0.0000,    0.0000,
            0.0000,    0.0000,    0.0000,    0.0000,    0.0000,    0.0000,
            0.0000,    0.0000,    0.0000],
        [   0.0000,    0.0000,    0.0000,    0.0000,    0.0000,    0.0000,
           -7.0246,   33.2342,  -62.4100,    0.0000,    0.0000,    0.0000,
            0.0000,    0.0000,    0.0000,    0.0000,    0.0000,    0.0000,
            0.0000,    0.0000,    0.0000,    0.0000,    0.0000,    0.0000,
            0.0000,    0.0000,    0.0000],
        [   0.0000,    0.0000,    0.0000,    0.0000,    0.0000,    0.0000,
            0.0000,    0.0000,    0.0000,  265.7105, -170.3751,  -65.2835,
            0.0000,    0.0000,    0.0000,    0.0000,    0.0000,    0.0000,
            0.0000,    0.0000,    0.0000,    0.0000,    0.0000,    0.0000,
            0.0000,    0.0000,    0.0000],
        [   0.0000,    0.0000,    0.0000,    0.0000,    0.0000,    0.0000,
            0.0000,    0.0000,    0.0000,    0.0000,    0.0000,    0.0000,
         -107.6646,  129.4623,  -38.3297,    0.0000,    0.0000,    0.0000,
            0.0000,    0.0000,    0.0000,    0.0000,    0.0000,    0.0000,
            0.0000,    0.0000,    0.0000],
        [   0.0000,    0.0000,    0.0000,    0.0000,    0.0000,    0.0000,
            0.0000,    0.0000,    0.0000,    0.0000,    0.0000,    0.0000,
            0.0000,    0.0000,    0.0000,  244.6570, -165.4325, -134.4082,
            0.0000,    0.0000,    0.0000,    0.0000,    0.0000,    0.0000,
            0.0000,    0.0000,    0.0000],
        [   0.0000,    0.0000,    0.0000,    0.0000,    0.0000,    0.0000,
            0.0000,    0.0000,    0.0000,    0.0000,    0.0000,    0.0000,
            0.0000,    0.0000,    0.0000,    0.0000,    0.0000,    0.0000,
         -318.3538,  121.5958,  136.6044,    0.0000,    0.0000,    0.0000,
            0.0000,    0.0000,    0.0000],
        [   0.0000,    0.0000,    0.0000,    0.0000,    0.0000,    0.0000,
            0.0000,    0.0000,    0.0000,    0.0000,    0.0000,    0.0000,
            0.0000,    0.0000,    0.0000,    0.0000,    0.0000,    0.0000,
            0.0000,    0.0000,    0.0000,  107.3591, -105.7480,  -58.7397,
            0.0000,    0.0000,    0.0000],
        [   0.0000,    0.0000,    0.0000,    0.0000,    0.0000,    0.0000,
            0.0000,    0.0000,    0.0000,    0.0000,    0.0000,    0.0000,
            0.0000,    0.0000,    0.0000,    0.0000,    0.0000,    0.0000,
            0.0000,    0.0000,    0.0000,    0.0000,    0.0000,    0.0000,
          101.7544, -106.2295,  -32.8468]])
queue lengths: 	tensor([5.6541, 0.7138, 1.5157, 2.8625, 5.7495, 0.2647, 5.6884, 0.5109, 1.4544,
        4.7948, 3.5980, 0.2657, 6.0478, 0.5625, 1.5552, 4.1267, 4.0797, 0.2833,
        5.9705, 0.5190, 1.5068, 3.5724, 4.5240, 0.2725, 5.9075, 0.4349, 1.2261])
final cost: 	77.91999816894531
test cost: 	73.66172790527344
all valid: 	True
tensor([[0., 0., 0., 0., 0., 0., 0., 0., 0., 0., 0., 0., 0., 0., 0., 0., 0., 0., 0., 0., 0., 0., 0., 0.,
         0., 0., 0.]])
tensor([[[0.0380, 0.0346, 0.0385, 0.0366, 0.0368, 0.0365, 0.0392, 0.0333,
          0.0359, 0.0424, 0.0379, 0.0379, 0.0387, 0.0351, 0.0369, 0.0347,
          0.0414, 0.0354, 0.0386, 0.0354, 0.0386, 0.0378, 0.0361, 0.0363,
          0.0392, 0.0353, 0.0330],
         [0.0377, 0.0364, 0.0373, 0.0396, 0.0338, 0.0369, 0.0337, 0.0363,
          0.0393, 0.0390, 0.0374, 0.0358, 0.0373, 0.0385, 0.0379, 0.0342,
          0.0350, 0.0377, 0.0376, 0.0338, 0.0381, 0.0379, 0.0348, 0.0383,
          0.0409, 0.0387, 0.0358],
         [0.0336, 0.0388, 0.0386, 0.0365, 0.0391, 0.0362, 0.0394, 0.0391,
          0.0343, 0.0380, 0.0378, 0.0357, 0.0375, 0.0385, 0.0390, 0.0411,
          0.0367, 0.0364, 0.0391, 0.0362, 0.0355, 0.0353, 0.0358, 0.0343,
          0.0370, 0.0365, 0.0343],
         [0.0370, 0.0351, 0.0351, 0.0353, 0.0336, 0.0376, 0.0332, 0.0385,
          0.0383, 0.0370, 0.0407, 0.0355, 0.0395, 0.0403, 0.0341, 0.0381,
          0.0389, 0.0401, 0.0371, 0.0381, 0.0348, 0.0389, 0.0345, 0.0381,
          0.0350, 0.0376, 0.0383],
         [0.0378, 0.0403, 0.0360, 0.0382, 0.0357, 0.0367, 0.0355, 0.0350,
          0.0346, 0.0387, 0.0359, 0.0352, 0.0380, 0.0352, 0.0354, 0.0373,
          0.0364, 0.0391, 0.0381, 0.0350, 0.0363, 0.0393, 0.0358, 0.0385,
          0.0406, 0.0386, 0.0369],
         [0.0350, 0.0407, 0.0371, 0.0355, 0.0390, 0.0373, 0.0402, 0.0364,
          0.0406, 0.0331, 0.0323, 0.0377, 0.0370, 0.0368, 0.0366, 0.0380,
          0.0363, 0.0363, 0.0401, 0.0338, 0.0360, 0.0351, 0.0387, 0.0365,
          0.0412, 0.0349, 0.0377],
         [0.0356, 0.0345, 0.0397, 0.0339, 0.0344, 0.0388, 0.0340, 0.0360,
          0.0360, 0.0395, 0.0348, 0.0353, 0.0389, 0.0375, 0.0337, 0.0402,
          0.0390, 0.0386, 0.0400, 0.0387, 0.0374, 0.0375, 0.0416, 0.0347,
          0.0358, 0.0364, 0.0376],
         [0.0386, 0.0374, 0.0352, 0.0394, 0.0334, 0.0345, 0.0372, 0.0372,
          0.0378, 0.0366, 0.0383, 0.0386, 0.0370, 0.0378, 0.0378, 0.0372,
          0.0360, 0.0348, 0.0353, 0.0411, 0.0344, 0.0368, 0.0360, 0.0368,
          0.0388, 0.0383, 0.0379],
         [0.0364, 0.0355, 0.0389, 0.0386, 0.0345, 0.0402, 0.0359, 0.0345,
          0.0403, 0.0373, 0.0350, 0.0358, 0.0373, 0.0369, 0.0388, 0.0406,
          0.0397, 0.0387, 0.0338, 0.0405, 0.0346, 0.0344, 0.0363, 0.0375,
          0.0335, 0.0387, 0.0357]]], grad_fn=<SoftmaxBackward0>)
train cost:	56.7207145690918
queue lengths: 	tensor([3.8967, 0.5104, 1.0568, 2.0454, 4.5812, 0.1614, 4.3302, 0.3950, 1.1965,
        4.0354, 4.2528, 0.1829, 3.2903, 0.4680, 1.2289, 2.9630, 4.1810, 0.1964,
        3.8265, 0.4509, 1.4035, 1.9983, 4.5903, 0.1851, 4.1103, 0.3131, 0.8699],
       grad_fn=<MeanBackward1>)
Action Grads
tensor([[-13.7267,  17.6717,  -9.0210,   0.0000,   0.0000,   0.0000,   0.0000,
           0.0000,   0.0000,   0.0000,   0.0000,   0.0000,   0.0000,   0.0000,
           0.0000,   0.0000,   0.0000,   0.0000,   0.0000,   0.0000,   0.0000,
           0.0000,   0.0000,   0.0000,   0.0000,   0.0000,   0.0000],
        [  0.0000,   0.0000,   0.0000,  12.2006, -20.6030,  -7.7368,   0.0000,
           0.0000,   0.0000,   0.0000,   0.0000,   0.0000,   0.0000,   0.0000,
           0.0000,   0.0000,   0.0000,   0.0000,   0.0000,   0.0000,   0.0000,
           0.0000,   0.0000,   0.0000,   0.0000,   0.0000,   0.0000],
        [  0.0000,   0.0000,   0.0000,   0.0000,   0.0000,   0.0000,  -7.6244,
          11.2846, -12.1304,   0.0000,   0.0000,   0.0000,   0.0000,   0.0000,
           0.0000,   0.0000,   0.0000,   0.0000,   0.0000,   0.0000,   0.0000,
           0.0000,   0.0000,   0.0000,   0.0000,   0.0000,   0.0000],
        [  0.0000,   0.0000,   0.0000,   0.0000,   0.0000,   0.0000,   0.0000,
           0.0000,   0.0000, -14.0024, -16.1352,  -9.0902,   0.0000,   0.0000,
           0.0000,   0.0000,   0.0000,   0.0000,   0.0000,   0.0000,   0.0000,
           0.0000,   0.0000,   0.0000,   0.0000,   0.0000,   0.0000],
        [  0.0000,   0.0000,   0.0000,   0.0000,   0.0000,   0.0000,   0.0000,
           0.0000,   0.0000,   0.0000,   0.0000,   0.0000, -11.2452,  10.9064,
          -8.4186,   0.0000,   0.0000,   0.0000,   0.0000,   0.0000,   0.0000,
           0.0000,   0.0000,   0.0000,   0.0000,   0.0000,   0.0000],
        [  0.0000,   0.0000,   0.0000,   0.0000,   0.0000,   0.0000,   0.0000,
           0.0000,   0.0000,   0.0000,   0.0000,   0.0000,   0.0000,   0.0000,
           0.0000,   4.2976, -19.9735,  -4.3604,   0.0000,   0.0000,   0.0000,
           0.0000,   0.0000,   0.0000,   0.0000,   0.0000,   0.0000],
        [  0.0000,   0.0000,   0.0000,   0.0000,   0.0000,   0.0000,   0.0000,
           0.0000,   0.0000,   0.0000,   0.0000,   0.0000,   0.0000,   0.0000,
           0.0000,   0.0000,   0.0000,   0.0000, -19.8619,  16.7283,  -8.0512,
           0.0000,   0.0000,   0.0000,   0.0000,   0.0000,   0.0000],
        [  0.0000,   0.0000,   0.0000,   0.0000,   0.0000,   0.0000,   0.0000,
           0.0000,   0.0000,   0.0000,   0.0000,   0.0000,   0.0000,   0.0000,
           0.0000,   0.0000,   0.0000,   0.0000,   0.0000,   0.0000,   0.0000,
          19.8718, -21.9077,  -3.2050,   0.0000,   0.0000,   0.0000],
        [  0.0000,   0.0000,   0.0000,   0.0000,   0.0000,   0.0000,   0.0000,
           0.0000,   0.0000,   0.0000,   0.0000,   0.0000,   0.0000,   0.0000,
           0.0000,   0.0000,   0.0000,   0.0000,   0.0000,   0.0000,   0.0000,
           0.0000,   0.0000,   0.0000, -28.8327,  -6.4291,  -8.0391]])
Priority Grads
tensor([[-108.3673,  178.7002,  -46.1029,    0.0000,    0.0000,    0.0000,
            0.0000,    0.0000,    0.0000,    0.0000,    0.0000,    0.0000,
            0.0000,    0.0000,    0.0000,    0.0000,    0.0000,    0.0000,
            0.0000,    0.0000,    0.0000,    0.0000,    0.0000,    0.0000,
            0.0000,    0.0000,    0.0000],
        [   0.0000,    0.0000,    0.0000,  192.0556, -174.9189,  -50.1798,
            0.0000,    0.0000,    0.0000,    0.0000,    0.0000,    0.0000,
            0.0000,    0.0000,    0.0000,    0.0000,    0.0000,    0.0000,
            0.0000,    0.0000,    0.0000,    0.0000,    0.0000,    0.0000,
            0.0000,    0.0000,    0.0000],
        [   0.0000,    0.0000,    0.0000,    0.0000,    0.0000,    0.0000,
          -44.6538,  102.7422,  -72.9295,    0.0000,    0.0000,    0.0000,
            0.0000,    0.0000,    0.0000,    0.0000,    0.0000,    0.0000,
            0.0000,    0.0000,    0.0000,    0.0000,    0.0000,    0.0000,
            0.0000,    0.0000,    0.0000],
        [   0.0000,    0.0000,    0.0000,    0.0000,    0.0000,    0.0000,
            0.0000,    0.0000,    0.0000,   10.1691,  -11.0517,  -37.0883,
            0.0000,    0.0000,    0.0000,    0.0000,    0.0000,    0.0000,
            0.0000,    0.0000,    0.0000,    0.0000,    0.0000,    0.0000,
            0.0000,    0.0000,    0.0000],
        [   0.0000,    0.0000,    0.0000,    0.0000,    0.0000,    0.0000,
            0.0000,    0.0000,    0.0000,    0.0000,    0.0000,    0.0000,
          -61.9560,  108.9347,  -51.2420,    0.0000,    0.0000,    0.0000,
            0.0000,    0.0000,    0.0000,    0.0000,    0.0000,    0.0000,
            0.0000,    0.0000,    0.0000],
        [   0.0000,    0.0000,    0.0000,    0.0000,    0.0000,    0.0000,
            0.0000,    0.0000,    0.0000,    0.0000,    0.0000,    0.0000,
            0.0000,    0.0000,    0.0000,  141.9033, -127.2511,  -24.6072,
            0.0000,    0.0000,    0.0000,    0.0000,    0.0000,    0.0000,
            0.0000,    0.0000,    0.0000],
        [   0.0000,    0.0000,    0.0000,    0.0000,    0.0000,    0.0000,
            0.0000,    0.0000,    0.0000,    0.0000,    0.0000,    0.0000,
            0.0000,    0.0000,    0.0000,    0.0000,    0.0000,    0.0000,
         -143.9899,  149.1515,  -14.2259,    0.0000,    0.0000,    0.0000,
            0.0000,    0.0000,    0.0000],
        [   0.0000,    0.0000,    0.0000,    0.0000,    0.0000,    0.0000,
            0.0000,    0.0000,    0.0000,    0.0000,    0.0000,    0.0000,
            0.0000,    0.0000,    0.0000,    0.0000,    0.0000,    0.0000,
            0.0000,    0.0000,    0.0000,  250.0147, -217.4598,  -29.9256,
            0.0000,    0.0000,    0.0000],
        [   0.0000,    0.0000,    0.0000,    0.0000,    0.0000,    0.0000,
            0.0000,    0.0000,    0.0000,    0.0000,    0.0000,    0.0000,
            0.0000,    0.0000,    0.0000,    0.0000,    0.0000,    0.0000,
            0.0000,    0.0000,    0.0000,    0.0000,    0.0000,    0.0000,
          -87.6074,    5.2043,   29.8583]])
queue lengths: 	tensor([5.7261, 0.7402, 1.5358, 3.0259, 5.5401, 0.2649, 5.5488, 0.5133, 1.4377,
        4.8848, 3.4360, 0.2612, 6.1091, 0.5650, 1.5393, 4.1917, 3.8071, 0.2805,
        5.8609, 0.5206, 1.5386, 3.7984, 4.2140, 0.2717, 5.9903, 0.4269, 1.2119])
final cost: 	79.44000244140625
test cost: 	73.24108123779297
all valid: 	True
tensor([[0., 0., 0., 0., 0., 0., 0., 0., 0., 0., 0., 0., 0., 0., 0., 0., 0., 0., 0., 0., 0., 0., 0., 0.,
         0., 0., 0.]])
tensor([[[0.0380, 0.0345, 0.0386, 0.0365, 0.0368, 0.0365, 0.0391, 0.0333,
          0.0359, 0.0424, 0.0380, 0.0379, 0.0387, 0.0350, 0.0369, 0.0347,
          0.0414, 0.0354, 0.0386, 0.0354, 0.0385, 0.0378, 0.0361, 0.0363,
          0.0392, 0.0353, 0.0329],
         [0.0377, 0.0364, 0.0373, 0.0395, 0.0339, 0.0370, 0.0337, 0.0363,
          0.0393, 0.0389, 0.0375, 0.0358, 0.0373, 0.0385, 0.0379, 0.0343,
          0.0350, 0.0377, 0.0376, 0.0337, 0.0381, 0.0379, 0.0348, 0.0383,
          0.0408, 0.0387, 0.0358],
         [0.0336, 0.0388, 0.0386, 0.0365, 0.0391, 0.0362, 0.0394, 0.0391,
          0.0343, 0.0380, 0.0378, 0.0357, 0.0375, 0.0384, 0.0389, 0.0411,
          0.0367, 0.0364, 0.0391, 0.0361, 0.0355, 0.0352, 0.0358, 0.0343,
          0.0370, 0.0365, 0.0343],
         [0.0371, 0.0351, 0.0351, 0.0353, 0.0335, 0.0375, 0.0332, 0.0385,
          0.0382, 0.0369, 0.0407, 0.0355, 0.0395, 0.0402, 0.0341, 0.0381,
          0.0388, 0.0401, 0.0371, 0.0381, 0.0349, 0.0389, 0.0345, 0.0381,
          0.0350, 0.0375, 0.0382],
         [0.0378, 0.0402, 0.0360, 0.0382, 0.0357, 0.0367, 0.0355, 0.0350,
          0.0346, 0.0387, 0.0359, 0.0352, 0.0381, 0.0352, 0.0355, 0.0373,
          0.0365, 0.0391, 0.0381, 0.0350, 0.0363, 0.0393, 0.0357, 0.0385,
          0.0407, 0.0386, 0.0368],
         [0.0349, 0.0407, 0.0371, 0.0355, 0.0390, 0.0373, 0.0403, 0.0364,
          0.0406, 0.0331, 0.0323, 0.0377, 0.0370, 0.0368, 0.0367, 0.0380,
          0.0364, 0.0363, 0.0401, 0.0338, 0.0360, 0.0351, 0.0387, 0.0365,
          0.0412, 0.0349, 0.0377],
         [0.0355, 0.0344, 0.0397, 0.0339, 0.0344, 0.0388, 0.0339, 0.0360,
          0.0360, 0.0395, 0.0348, 0.0353, 0.0390, 0.0375, 0.0336, 0.0403,
          0.0390, 0.0386, 0.0400, 0.0387, 0.0374, 0.0375, 0.0416, 0.0347,
          0.0358, 0.0364, 0.0376],
         [0.0386, 0.0374, 0.0352, 0.0394, 0.0333, 0.0345, 0.0372, 0.0372,
          0.0378, 0.0366, 0.0384, 0.0386, 0.0370, 0.0378, 0.0378, 0.0372,
          0.0360, 0.0348, 0.0353, 0.0411, 0.0344, 0.0367, 0.0360, 0.0368,
          0.0388, 0.0383, 0.0379],
         [0.0364, 0.0355, 0.0389, 0.0386, 0.0345, 0.0402, 0.0360, 0.0345,
          0.0403, 0.0373, 0.0350, 0.0358, 0.0373, 0.0369, 0.0388, 0.0406,
          0.0397, 0.0387, 0.0338, 0.0405, 0.0346, 0.0344, 0.0363, 0.0375,
          0.0334, 0.0387, 0.0357]]], grad_fn=<SoftmaxBackward0>)
train cost:	82.67666625976562
queue lengths: 	tensor([9.0396, 0.5458, 1.7180, 1.9345, 2.2383, 0.1655, 7.0513, 0.3622, 1.6137,
        6.3129, 2.6226, 0.1844, 9.3849, 0.4143, 1.3142, 5.6269, 3.4202, 0.2034,
        5.8778, 0.3958, 2.2343, 6.4513, 5.3936, 0.1903, 6.4944, 0.3229, 1.1635],
       grad_fn=<MeanBackward1>)
Action Grads
tensor([[-43.0922, -18.8523, -29.6322,   0.0000,   0.0000,   0.0000,   0.0000,
           0.0000,   0.0000,   0.0000,   0.0000,   0.0000,   0.0000,   0.0000,
           0.0000,   0.0000,   0.0000,   0.0000,   0.0000,   0.0000,   0.0000,
           0.0000,   0.0000,   0.0000,   0.0000,   0.0000,   0.0000],
        [  0.0000,   0.0000,   0.0000,   9.3145, -21.4651, -18.7555,   0.0000,
           0.0000,   0.0000,   0.0000,   0.0000,   0.0000,   0.0000,   0.0000,
           0.0000,   0.0000,   0.0000,   0.0000,   0.0000,   0.0000,   0.0000,
           0.0000,   0.0000,   0.0000,   0.0000,   0.0000,   0.0000],
        [  0.0000,   0.0000,   0.0000,   0.0000,   0.0000,   0.0000, -18.2094,
          -7.9481, -25.4120,   0.0000,   0.0000,   0.0000,   0.0000,   0.0000,
           0.0000,   0.0000,   0.0000,   0.0000,   0.0000,   0.0000,   0.0000,
           0.0000,   0.0000,   0.0000,   0.0000,   0.0000,   0.0000],
        [  0.0000,   0.0000,   0.0000,   0.0000,   0.0000,   0.0000,   0.0000,
           0.0000,   0.0000,   5.4773, -16.7605, -14.8215,   0.0000,   0.0000,
           0.0000,   0.0000,   0.0000,   0.0000,   0.0000,   0.0000,   0.0000,
           0.0000,   0.0000,   0.0000,   0.0000,   0.0000,   0.0000],
        [  0.0000,   0.0000,   0.0000,   0.0000,   0.0000,   0.0000,   0.0000,
           0.0000,   0.0000,   0.0000,   0.0000,   0.0000, -25.3634,   5.9529,
         -13.6796,   0.0000,   0.0000,   0.0000,   0.0000,   0.0000,   0.0000,
           0.0000,   0.0000,   0.0000,   0.0000,   0.0000,   0.0000],
        [  0.0000,   0.0000,   0.0000,   0.0000,   0.0000,   0.0000,   0.0000,
           0.0000,   0.0000,   0.0000,   0.0000,   0.0000,   0.0000,   0.0000,
           0.0000, -23.1623, -43.0751, -19.6934,   0.0000,   0.0000,   0.0000,
           0.0000,   0.0000,   0.0000,   0.0000,   0.0000,   0.0000],
        [  0.0000,   0.0000,   0.0000,   0.0000,   0.0000,   0.0000,   0.0000,
           0.0000,   0.0000,   0.0000,   0.0000,   0.0000,   0.0000,   0.0000,
           0.0000,   0.0000,   0.0000,   0.0000,  -9.8017,  27.9909, -24.5366,
           0.0000,   0.0000,   0.0000,   0.0000,   0.0000,   0.0000],
        [  0.0000,   0.0000,   0.0000,   0.0000,   0.0000,   0.0000,   0.0000,
           0.0000,   0.0000,   0.0000,   0.0000,   0.0000,   0.0000,   0.0000,
           0.0000,   0.0000,   0.0000,   0.0000,   0.0000,   0.0000,   0.0000,
         -17.4323, -47.3721, -16.4560,   0.0000,   0.0000,   0.0000],
        [  0.0000,   0.0000,   0.0000,   0.0000,   0.0000,   0.0000,   0.0000,
           0.0000,   0.0000,   0.0000,   0.0000,   0.0000,   0.0000,   0.0000,
           0.0000,   0.0000,   0.0000,   0.0000,   0.0000,   0.0000,   0.0000,
           0.0000,   0.0000,   0.0000, -42.8160, -18.4956, -17.2264]])
Priority Grads
tensor([[ -61.6616,  -54.4766,   22.5622,    0.0000,    0.0000,    0.0000,
            0.0000,    0.0000,    0.0000,    0.0000,    0.0000,    0.0000,
            0.0000,    0.0000,    0.0000,    0.0000,    0.0000,    0.0000,
            0.0000,    0.0000,    0.0000,    0.0000,    0.0000,    0.0000,
            0.0000,    0.0000,    0.0000],
        [   0.0000,    0.0000,    0.0000,  196.3253, -105.9601, -130.3186,
            0.0000,    0.0000,    0.0000,    0.0000,    0.0000,    0.0000,
            0.0000,    0.0000,    0.0000,    0.0000,    0.0000,    0.0000,
            0.0000,    0.0000,    0.0000,    0.0000,    0.0000,    0.0000,
            0.0000,    0.0000,    0.0000],
        [   0.0000,    0.0000,    0.0000,    0.0000,    0.0000,    0.0000,
           33.9040,  -16.6893,  -57.1933,    0.0000,    0.0000,    0.0000,
            0.0000,    0.0000,    0.0000,    0.0000,    0.0000,    0.0000,
            0.0000,    0.0000,    0.0000,    0.0000,    0.0000,    0.0000,
            0.0000,    0.0000,    0.0000],
        [   0.0000,    0.0000,    0.0000,    0.0000,    0.0000,    0.0000,
            0.0000,    0.0000,    0.0000,  146.1977,  -44.8905,  -96.0470,
            0.0000,    0.0000,    0.0000,    0.0000,    0.0000,    0.0000,
            0.0000,    0.0000,    0.0000,    0.0000,    0.0000,    0.0000,
            0.0000,    0.0000,    0.0000],
        [   0.0000,    0.0000,    0.0000,    0.0000,    0.0000,    0.0000,
            0.0000,    0.0000,    0.0000,    0.0000,    0.0000,    0.0000,
          -87.1678,   82.0764,  -28.7917,    0.0000,    0.0000,    0.0000,
            0.0000,    0.0000,    0.0000,    0.0000,    0.0000,    0.0000,
            0.0000,    0.0000,    0.0000],
        [   0.0000,    0.0000,    0.0000,    0.0000,    0.0000,    0.0000,
            0.0000,    0.0000,    0.0000,    0.0000,    0.0000,    0.0000,
            0.0000,    0.0000,    0.0000,  123.6474,  -90.7880, -102.4655,
            0.0000,    0.0000,    0.0000,    0.0000,    0.0000,    0.0000,
            0.0000,    0.0000,    0.0000],
        [   0.0000,    0.0000,    0.0000,    0.0000,    0.0000,    0.0000,
            0.0000,    0.0000,    0.0000,    0.0000,    0.0000,    0.0000,
            0.0000,    0.0000,    0.0000,    0.0000,    0.0000,    0.0000,
          -63.2488,  216.1606, -191.6558,    0.0000,    0.0000,    0.0000,
            0.0000,    0.0000,    0.0000],
        [   0.0000,    0.0000,    0.0000,    0.0000,    0.0000,    0.0000,
            0.0000,    0.0000,    0.0000,    0.0000,    0.0000,    0.0000,
            0.0000,    0.0000,    0.0000,    0.0000,    0.0000,    0.0000,
            0.0000,    0.0000,    0.0000,  124.3544, -120.3513,  -78.9711,
            0.0000,    0.0000,    0.0000],
        [   0.0000,    0.0000,    0.0000,    0.0000,    0.0000,    0.0000,
            0.0000,    0.0000,    0.0000,    0.0000,    0.0000,    0.0000,
            0.0000,    0.0000,    0.0000,    0.0000,    0.0000,    0.0000,
            0.0000,    0.0000,    0.0000,    0.0000,    0.0000,    0.0000,
          -83.1729,  -52.7994,   50.0812]])
queue lengths: 	tensor([5.6609, 0.7507, 1.5275, 3.1366, 5.3885, 0.2637, 5.7197, 0.5160, 1.4588,
        4.9733, 3.3558, 0.2567, 5.9741, 0.5637, 1.5361, 4.3038, 3.5902, 0.2772,
        5.9038, 0.5281, 1.5530, 4.0074, 3.9961, 0.2701, 5.9984, 0.4212, 1.1985])
final cost: 	72.0199966430664
test cost: 	73.1299819946289
all valid: 	True
tensor([[0., 0., 0., 0., 0., 0., 0., 0., 0., 0., 0., 0., 0., 0., 0., 0., 0., 0., 0., 0., 0., 0., 0., 0.,
         0., 0., 0.]])
tensor([[[0.0381, 0.0345, 0.0386, 0.0365, 0.0368, 0.0365, 0.0391, 0.0333,
          0.0359, 0.0423, 0.0380, 0.0378, 0.0387, 0.0350, 0.0369, 0.0347,
          0.0413, 0.0355, 0.0387, 0.0354, 0.0385, 0.0378, 0.0361, 0.0362,
          0.0393, 0.0353, 0.0329],
         [0.0377, 0.0364, 0.0373, 0.0394, 0.0340, 0.0370, 0.0338, 0.0364,
          0.0392, 0.0389, 0.0375, 0.0359, 0.0373, 0.0385, 0.0379, 0.0343,
          0.0350, 0.0377, 0.0376, 0.0337, 0.0381, 0.0379, 0.0348, 0.0383,
          0.0408, 0.0387, 0.0358],
         [0.0336, 0.0388, 0.0387, 0.0365, 0.0390, 0.0362, 0.0394, 0.0391,
          0.0344, 0.0380, 0.0378, 0.0356, 0.0376, 0.0384, 0.0389, 0.0411,
          0.0367, 0.0365, 0.0391, 0.0361, 0.0356, 0.0352, 0.0358, 0.0343,
          0.0370, 0.0365, 0.0342],
         [0.0371, 0.0351, 0.0352, 0.0353, 0.0335, 0.0375, 0.0333, 0.0385,
          0.0382, 0.0368, 0.0408, 0.0356, 0.0395, 0.0402, 0.0341, 0.0381,
          0.0388, 0.0401, 0.0371, 0.0381, 0.0349, 0.0389, 0.0345, 0.0382,
          0.0350, 0.0375, 0.0382],
         [0.0378, 0.0402, 0.0360, 0.0382, 0.0357, 0.0367, 0.0355, 0.0350,
          0.0346, 0.0387, 0.0359, 0.0352, 0.0381, 0.0351, 0.0355, 0.0373,
          0.0365, 0.0391, 0.0381, 0.0350, 0.0362, 0.0393, 0.0357, 0.0385,
          0.0407, 0.0386, 0.0368],
         [0.0349, 0.0407, 0.0371, 0.0355, 0.0390, 0.0373, 0.0403, 0.0364,
          0.0405, 0.0331, 0.0323, 0.0377, 0.0370, 0.0368, 0.0367, 0.0379,
          0.0364, 0.0363, 0.0401, 0.0338, 0.0360, 0.0351, 0.0388, 0.0365,
          0.0412, 0.0349, 0.0377],
         [0.0355, 0.0344, 0.0397, 0.0339, 0.0344, 0.0388, 0.0339, 0.0359,
          0.0360, 0.0394, 0.0348, 0.0353, 0.0390, 0.0375, 0.0336, 0.0403,
          0.0390, 0.0386, 0.0401, 0.0386, 0.0374, 0.0376, 0.0416, 0.0347,
          0.0358, 0.0364, 0.0376],
         [0.0386, 0.0373, 0.0352, 0.0395, 0.0333, 0.0345, 0.0372, 0.0372,
          0.0378, 0.0366, 0.0384, 0.0386, 0.0370, 0.0378, 0.0377, 0.0372,
          0.0360, 0.0348, 0.0352, 0.0412, 0.0344, 0.0366, 0.0361, 0.0368,
          0.0388, 0.0383, 0.0378],
         [0.0364, 0.0355, 0.0390, 0.0387, 0.0345, 0.0401, 0.0360, 0.0345,
          0.0403, 0.0373, 0.0350, 0.0358, 0.0373, 0.0369, 0.0388, 0.0406,
          0.0397, 0.0388, 0.0338, 0.0405, 0.0346, 0.0345, 0.0363, 0.0374,
          0.0334, 0.0388, 0.0357]]], grad_fn=<SoftmaxBackward0>)
train cost:	82.49079132080078
queue lengths: 	tensor([ 4.1289,  0.6070,  1.1504,  2.8442,  6.8853,  0.1873,  7.4048,  0.4134,
         1.0600, 12.3600,  4.3937,  0.2023,  6.8273,  0.4225,  1.7967,  5.3920,
         3.1190,  0.2020,  4.8453,  0.4241,  1.4478,  3.2976,  5.8922,  0.1883,
         5.3764,  0.3712,  1.2510], grad_fn=<MeanBackward1>)
Action Grads
tensor([[ -21.4305,   75.7370,  -21.9255,    0.0000,    0.0000,    0.0000,
            0.0000,    0.0000,    0.0000,    0.0000,    0.0000,    0.0000,
            0.0000,    0.0000,    0.0000,    0.0000,    0.0000,    0.0000,
            0.0000,    0.0000,    0.0000,    0.0000,    0.0000,    0.0000,
            0.0000,    0.0000,    0.0000],
        [   0.0000,    0.0000,    0.0000,   56.6614,  -76.9086,   -7.4220,
            0.0000,    0.0000,    0.0000,    0.0000,    0.0000,    0.0000,
            0.0000,    0.0000,    0.0000,    0.0000,    0.0000,    0.0000,
            0.0000,    0.0000,    0.0000,    0.0000,    0.0000,    0.0000,
            0.0000,    0.0000,    0.0000],
        [   0.0000,    0.0000,    0.0000,    0.0000,    0.0000,    0.0000,
          107.5584,   14.9363,   -8.7341,    0.0000,    0.0000,    0.0000,
            0.0000,    0.0000,    0.0000,    0.0000,    0.0000,    0.0000,
            0.0000,    0.0000,    0.0000,    0.0000,    0.0000,    0.0000,
            0.0000,    0.0000,    0.0000],
        [   0.0000,    0.0000,    0.0000,    0.0000,    0.0000,    0.0000,
            0.0000,    0.0000,    0.0000, -185.8429,  -21.7879,   -7.1567,
            0.0000,    0.0000,    0.0000,    0.0000,    0.0000,    0.0000,
            0.0000,    0.0000,    0.0000,    0.0000,    0.0000,    0.0000,
            0.0000,    0.0000,    0.0000],
        [   0.0000,    0.0000,    0.0000,    0.0000,    0.0000,    0.0000,
            0.0000,    0.0000,    0.0000,    0.0000,    0.0000,    0.0000,
          -17.9756,   -8.8762,  -12.8712,    0.0000,    0.0000,    0.0000,
            0.0000,    0.0000,    0.0000,    0.0000,    0.0000,    0.0000,
            0.0000,    0.0000,    0.0000],
        [   0.0000,    0.0000,    0.0000,    0.0000,    0.0000,    0.0000,
            0.0000,    0.0000,    0.0000,    0.0000,    0.0000,    0.0000,
            0.0000,    0.0000,    0.0000,   -4.3572,  -15.4305,  -20.3604,
            0.0000,    0.0000,    0.0000,    0.0000,    0.0000,    0.0000,
            0.0000,    0.0000,    0.0000],
        [   0.0000,    0.0000,    0.0000,    0.0000,    0.0000,    0.0000,
            0.0000,    0.0000,    0.0000,    0.0000,    0.0000,    0.0000,
            0.0000,    0.0000,    0.0000,    0.0000,    0.0000,    0.0000,
          -20.2766,   25.6589,  -21.7628,    0.0000,    0.0000,    0.0000,
            0.0000,    0.0000,    0.0000],
        [   0.0000,    0.0000,    0.0000,    0.0000,    0.0000,    0.0000,
            0.0000,    0.0000,    0.0000,    0.0000,    0.0000,    0.0000,
            0.0000,    0.0000,    0.0000,    0.0000,    0.0000,    0.0000,
            0.0000,    0.0000,    0.0000,    3.8823,  -26.2452,  -10.6471,
            0.0000,    0.0000,    0.0000],
        [   0.0000,    0.0000,    0.0000,    0.0000,    0.0000,    0.0000,
            0.0000,    0.0000,    0.0000,    0.0000,    0.0000,    0.0000,
            0.0000,    0.0000,    0.0000,    0.0000,    0.0000,    0.0000,
            0.0000,    0.0000,    0.0000,    0.0000,    0.0000,    0.0000,
          -15.3540,  -13.1908,  -14.9242]])
Priority Grads
tensor([[ -275.9523,   683.1084,  -245.5968,     0.0000,     0.0000,     0.0000,
             0.0000,     0.0000,     0.0000,     0.0000,     0.0000,     0.0000,
             0.0000,     0.0000,     0.0000,     0.0000,     0.0000,     0.0000,
             0.0000,     0.0000,     0.0000,     0.0000,     0.0000,     0.0000,
             0.0000,     0.0000,     0.0000],
        [    0.0000,     0.0000,     0.0000,   822.0206,  -801.7769,   -64.4245,
             0.0000,     0.0000,     0.0000,     0.0000,     0.0000,     0.0000,
             0.0000,     0.0000,     0.0000,     0.0000,     0.0000,     0.0000,
             0.0000,     0.0000,     0.0000,     0.0000,     0.0000,     0.0000,
             0.0000,     0.0000,     0.0000],
        [    0.0000,     0.0000,     0.0000,     0.0000,     0.0000,     0.0000,
           609.8860,   -28.4176,  -510.6411,     0.0000,     0.0000,     0.0000,
             0.0000,     0.0000,     0.0000,     0.0000,     0.0000,     0.0000,
             0.0000,     0.0000,     0.0000,     0.0000,     0.0000,     0.0000,
             0.0000,     0.0000,     0.0000],
        [    0.0000,     0.0000,     0.0000,     0.0000,     0.0000,     0.0000,
             0.0000,     0.0000,     0.0000, -1257.4760,   620.7063,    79.6197,
             0.0000,     0.0000,     0.0000,     0.0000,     0.0000,     0.0000,
             0.0000,     0.0000,     0.0000,     0.0000,     0.0000,     0.0000,
             0.0000,     0.0000,     0.0000],
        [    0.0000,     0.0000,     0.0000,     0.0000,     0.0000,     0.0000,
             0.0000,     0.0000,     0.0000,     0.0000,     0.0000,     0.0000,
            23.6648,   -35.4584,   -37.7226,     0.0000,     0.0000,     0.0000,
             0.0000,     0.0000,     0.0000,     0.0000,     0.0000,     0.0000,
             0.0000,     0.0000,     0.0000],
        [    0.0000,     0.0000,     0.0000,     0.0000,     0.0000,     0.0000,
             0.0000,     0.0000,     0.0000,     0.0000,     0.0000,     0.0000,
             0.0000,     0.0000,     0.0000,    87.4971,    -3.0444,  -114.8039,
             0.0000,     0.0000,     0.0000,     0.0000,     0.0000,     0.0000,
             0.0000,     0.0000,     0.0000],
        [    0.0000,     0.0000,     0.0000,     0.0000,     0.0000,     0.0000,
             0.0000,     0.0000,     0.0000,     0.0000,     0.0000,     0.0000,
             0.0000,     0.0000,     0.0000,     0.0000,     0.0000,     0.0000,
          -128.7316,   233.1390,  -138.2552,     0.0000,     0.0000,     0.0000,
             0.0000,     0.0000,     0.0000],
        [    0.0000,     0.0000,     0.0000,     0.0000,     0.0000,     0.0000,
             0.0000,     0.0000,     0.0000,     0.0000,     0.0000,     0.0000,
             0.0000,     0.0000,     0.0000,     0.0000,     0.0000,     0.0000,
             0.0000,     0.0000,     0.0000,   190.0359,  -148.1114,   -48.5279,
             0.0000,     0.0000,     0.0000],
        [    0.0000,     0.0000,     0.0000,     0.0000,     0.0000,     0.0000,
             0.0000,     0.0000,     0.0000,     0.0000,     0.0000,     0.0000,
             0.0000,     0.0000,     0.0000,     0.0000,     0.0000,     0.0000,
             0.0000,     0.0000,     0.0000,     0.0000,     0.0000,     0.0000,
            23.7387,   -38.3764,   -12.8783]])
queue lengths: 	tensor([5.6445, 0.7787, 1.5277, 3.2793, 5.1879, 0.2629, 5.6706, 0.5168, 1.3851,
        4.8888, 3.2424, 0.2519, 6.0243, 0.5663, 1.5238, 4.5752, 3.5178, 0.2761,
        5.9240, 0.5318, 1.5730, 4.0809, 3.7853, 0.2700, 6.0150, 0.4157, 1.1966])
final cost: 	75.16000366210938
test cost: 	72.91268920898438
all valid: 	True
tensor([[0., 0., 0., 0., 0., 0., 0., 0., 0., 0., 0., 0., 0., 0., 0., 0., 0., 0., 0., 0., 0., 0., 0., 0.,
         0., 0., 0.]])
tensor([[[0.0382, 0.0344, 0.0386, 0.0364, 0.0368, 0.0365, 0.0391, 0.0333,
          0.0359, 0.0423, 0.0381, 0.0378, 0.0387, 0.0350, 0.0369, 0.0347,
          0.0413, 0.0355, 0.0387, 0.0354, 0.0385, 0.0378, 0.0361, 0.0362,
          0.0393, 0.0353, 0.0329],
         [0.0377, 0.0364, 0.0373, 0.0393, 0.0340, 0.0371, 0.0338, 0.0364,
          0.0392, 0.0389, 0.0375, 0.0359, 0.0373, 0.0385, 0.0380, 0.0343,
          0.0350, 0.0377, 0.0376, 0.0337, 0.0381, 0.0379, 0.0348, 0.0384,
          0.0408, 0.0387, 0.0358],
         [0.0337, 0.0388, 0.0387, 0.0365, 0.0390, 0.0362, 0.0394, 0.0391,
          0.0344, 0.0380, 0.0378, 0.0356, 0.0376, 0.0384, 0.0389, 0.0411,
          0.0367, 0.0365, 0.0390, 0.0361, 0.0356, 0.0352, 0.0358, 0.0343,
          0.0370, 0.0365, 0.0342],
         [0.0371, 0.0351, 0.0352, 0.0352, 0.0335, 0.0375, 0.0333, 0.0385,
          0.0382, 0.0368, 0.0408, 0.0356, 0.0395, 0.0402, 0.0341, 0.0381,
          0.0388, 0.0401, 0.0371, 0.0380, 0.0349, 0.0390, 0.0345, 0.0382,
          0.0350, 0.0375, 0.0382],
         [0.0378, 0.0402, 0.0360, 0.0382, 0.0358, 0.0366, 0.0355, 0.0350,
          0.0346, 0.0387, 0.0359, 0.0352, 0.0381, 0.0351, 0.0356, 0.0373,
          0.0365, 0.0391, 0.0381, 0.0350, 0.0362, 0.0393, 0.0357, 0.0385,
          0.0407, 0.0386, 0.0368],
         [0.0349, 0.0406, 0.0371, 0.0355, 0.0390, 0.0373, 0.0403, 0.0365,
          0.0405, 0.0331, 0.0323, 0.0377, 0.0370, 0.0369, 0.0367, 0.0378,
          0.0365, 0.0363, 0.0401, 0.0337, 0.0360, 0.0351, 0.0388, 0.0365,
          0.0412, 0.0349, 0.0377],
         [0.0355, 0.0344, 0.0397, 0.0339, 0.0344, 0.0388, 0.0339, 0.0359,
          0.0360, 0.0394, 0.0348, 0.0353, 0.0390, 0.0375, 0.0336, 0.0404,
          0.0391, 0.0386, 0.0401, 0.0386, 0.0374, 0.0376, 0.0416, 0.0347,
          0.0358, 0.0364, 0.0376],
         [0.0386, 0.0373, 0.0352, 0.0395, 0.0333, 0.0345, 0.0371, 0.0372,
          0.0379, 0.0366, 0.0384, 0.0386, 0.0370, 0.0378, 0.0377, 0.0372,
          0.0360, 0.0348, 0.0352, 0.0412, 0.0344, 0.0366, 0.0362, 0.0369,
          0.0388, 0.0383, 0.0378],
         [0.0364, 0.0355, 0.0390, 0.0387, 0.0344, 0.0401, 0.0361, 0.0344,
          0.0403, 0.0373, 0.0350, 0.0358, 0.0373, 0.0369, 0.0388, 0.0406,
          0.0397, 0.0388, 0.0338, 0.0405, 0.0346, 0.0345, 0.0363, 0.0374,
          0.0333, 0.0388, 0.0357]]], grad_fn=<SoftmaxBackward0>)
train cost:	88.2586669921875
queue lengths: 	tensor([ 9.3017,  0.6104,  1.0932,  3.0916,  3.2446,  0.1782,  5.0432,  0.4121,
         0.9198, 11.3641,  6.3231,  0.1843, 12.4675,  0.4767,  1.4151,  5.1368,
         2.9395,  0.1946,  8.1554,  0.5208,  1.3594,  4.2309,  3.3947,  0.1698,
         4.8112,  0.3156,  0.9045], grad_fn=<MeanBackward1>)
Action Grads
tensor([[-85.9184, -34.4372, -44.4702,   0.0000,   0.0000,   0.0000,   0.0000,
           0.0000,   0.0000,   0.0000,   0.0000,   0.0000,   0.0000,   0.0000,
           0.0000,   0.0000,   0.0000,   0.0000,   0.0000,   0.0000,   0.0000,
           0.0000,   0.0000,   0.0000,   0.0000,   0.0000,   0.0000],
        [  0.0000,   0.0000,   0.0000, -20.2387, -54.6099, -47.8322,   0.0000,
           0.0000,   0.0000,   0.0000,   0.0000,   0.0000,   0.0000,   0.0000,
           0.0000,   0.0000,   0.0000,   0.0000,   0.0000,   0.0000,   0.0000,
           0.0000,   0.0000,   0.0000,   0.0000,   0.0000,   0.0000],
        [  0.0000,   0.0000,   0.0000,   0.0000,   0.0000,   0.0000,  33.1935,
           2.0989, -35.1712,   0.0000,   0.0000,   0.0000,   0.0000,   0.0000,
           0.0000,   0.0000,   0.0000,   0.0000,   0.0000,   0.0000,   0.0000,
           0.0000,   0.0000,   0.0000,   0.0000,   0.0000,   0.0000],
        [  0.0000,   0.0000,   0.0000,   0.0000,   0.0000,   0.0000,   0.0000,
           0.0000,   0.0000, -83.4356, -56.4586, -35.3413,   0.0000,   0.0000,
           0.0000,   0.0000,   0.0000,   0.0000,   0.0000,   0.0000,   0.0000,
           0.0000,   0.0000,   0.0000,   0.0000,   0.0000,   0.0000],
        [  0.0000,   0.0000,   0.0000,   0.0000,   0.0000,   0.0000,   0.0000,
           0.0000,   0.0000,   0.0000,   0.0000,   0.0000, -55.9050, -28.7837,
         -59.6006,   0.0000,   0.0000,   0.0000,   0.0000,   0.0000,   0.0000,
           0.0000,   0.0000,   0.0000,   0.0000,   0.0000,   0.0000],
        [  0.0000,   0.0000,   0.0000,   0.0000,   0.0000,   0.0000,   0.0000,
           0.0000,   0.0000,   0.0000,   0.0000,   0.0000,   0.0000,   0.0000,
           0.0000, -37.9418, -46.8949, -43.5483,   0.0000,   0.0000,   0.0000,
           0.0000,   0.0000,   0.0000,   0.0000,   0.0000,   0.0000],
        [  0.0000,   0.0000,   0.0000,   0.0000,   0.0000,   0.0000,   0.0000,
           0.0000,   0.0000,   0.0000,   0.0000,   0.0000,   0.0000,   0.0000,
           0.0000,   0.0000,   0.0000,   0.0000, -13.6245, -19.1280, -42.2244,
           0.0000,   0.0000,   0.0000,   0.0000,   0.0000,   0.0000],
        [  0.0000,   0.0000,   0.0000,   0.0000,   0.0000,   0.0000,   0.0000,
           0.0000,   0.0000,   0.0000,   0.0000,   0.0000,   0.0000,   0.0000,
           0.0000,   0.0000,   0.0000,   0.0000,   0.0000,   0.0000,   0.0000,
         -47.7707, -42.1651, -32.4018,   0.0000,   0.0000,   0.0000],
        [  0.0000,   0.0000,   0.0000,   0.0000,   0.0000,   0.0000,   0.0000,
           0.0000,   0.0000,   0.0000,   0.0000,   0.0000,   0.0000,   0.0000,
           0.0000,   0.0000,   0.0000,   0.0000,   0.0000,   0.0000,   0.0000,
           0.0000,   0.0000,   0.0000, -34.4196, -35.7002, -24.4012]])
Priority Grads
tensor([[ -97.3278,  -83.0390,   21.6638,    0.0000,    0.0000,    0.0000,
            0.0000,    0.0000,    0.0000,    0.0000,    0.0000,    0.0000,
            0.0000,    0.0000,    0.0000,    0.0000,    0.0000,    0.0000,
            0.0000,    0.0000,    0.0000,    0.0000,    0.0000,    0.0000,
            0.0000,    0.0000,    0.0000],
        [   0.0000,    0.0000,    0.0000,  310.2487, -147.6304, -280.1664,
            0.0000,    0.0000,    0.0000,    0.0000,    0.0000,    0.0000,
            0.0000,    0.0000,    0.0000,    0.0000,    0.0000,    0.0000,
            0.0000,    0.0000,    0.0000,    0.0000,    0.0000,    0.0000,
            0.0000,    0.0000,    0.0000],
        [   0.0000,    0.0000,    0.0000,    0.0000,    0.0000,    0.0000,
          322.3741,  -11.1305, -297.4749,    0.0000,    0.0000,    0.0000,
            0.0000,    0.0000,    0.0000,    0.0000,    0.0000,    0.0000,
            0.0000,    0.0000,    0.0000,    0.0000,    0.0000,    0.0000,
            0.0000,    0.0000,    0.0000],
        [   0.0000,    0.0000,    0.0000,    0.0000,    0.0000,    0.0000,
            0.0000,    0.0000,    0.0000, -210.3831,  121.8080, -152.9026,
            0.0000,    0.0000,    0.0000,    0.0000,    0.0000,    0.0000,
            0.0000,    0.0000,    0.0000,    0.0000,    0.0000,    0.0000,
            0.0000,    0.0000,    0.0000],
        [   0.0000,    0.0000,    0.0000,    0.0000,    0.0000,    0.0000,
            0.0000,    0.0000,    0.0000,    0.0000,    0.0000,    0.0000,
           68.2898,  -24.4572, -198.0443,    0.0000,    0.0000,    0.0000,
            0.0000,    0.0000,    0.0000,    0.0000,    0.0000,    0.0000,
            0.0000,    0.0000,    0.0000],
        [   0.0000,    0.0000,    0.0000,    0.0000,    0.0000,    0.0000,
            0.0000,    0.0000,    0.0000,    0.0000,    0.0000,    0.0000,
            0.0000,    0.0000,    0.0000,   91.3884,   28.7207, -255.3859,
            0.0000,    0.0000,    0.0000,    0.0000,    0.0000,    0.0000,
            0.0000,    0.0000,    0.0000],
        [   0.0000,    0.0000,    0.0000,    0.0000,    0.0000,    0.0000,
            0.0000,    0.0000,    0.0000,    0.0000,    0.0000,    0.0000,
            0.0000,    0.0000,    0.0000,    0.0000,    0.0000,    0.0000,
          145.7488,  -65.1500, -190.2315,    0.0000,    0.0000,    0.0000,
            0.0000,    0.0000,    0.0000],
        [   0.0000,    0.0000,    0.0000,    0.0000,    0.0000,    0.0000,
            0.0000,    0.0000,    0.0000,    0.0000,    0.0000,    0.0000,
            0.0000,    0.0000,    0.0000,    0.0000,    0.0000,    0.0000,
            0.0000,    0.0000,    0.0000,    9.6578,   27.0697, -152.7439,
            0.0000,    0.0000,    0.0000],
        [   0.0000,    0.0000,    0.0000,    0.0000,    0.0000,    0.0000,
            0.0000,    0.0000,    0.0000,    0.0000,    0.0000,    0.0000,
            0.0000,    0.0000,    0.0000,    0.0000,    0.0000,    0.0000,
            0.0000,    0.0000,    0.0000,    0.0000,    0.0000,    0.0000,
          112.8819, -178.0190,   34.8827]])
queue lengths: 	tensor([5.6790, 0.8052, 1.5530, 3.5370, 5.0246, 0.2625, 5.7974, 0.5179, 1.3613,
        5.0336, 3.2132, 0.2491, 6.1425, 0.5706, 1.5448, 4.5783, 3.3465, 0.2716,
        6.1281, 0.5338, 1.5692, 4.3301, 3.6326, 0.2693, 6.0831, 0.4063, 1.1857])
final cost: 	75.97000122070312
test cost: 	73.6263198852539
all valid: 	True
tensor([[0., 0., 0., 0., 0., 0., 0., 0., 0., 0., 0., 0., 0., 0., 0., 0., 0., 0., 0., 0., 0., 0., 0., 0.,
         0., 0., 0.]])
tensor([[[0.0382, 0.0344, 0.0386, 0.0364, 0.0368, 0.0365, 0.0391, 0.0334,
          0.0359, 0.0423, 0.0381, 0.0378, 0.0387, 0.0350, 0.0369, 0.0347,
          0.0413, 0.0355, 0.0387, 0.0355, 0.0385, 0.0378, 0.0361, 0.0362,
          0.0393, 0.0353, 0.0329],
         [0.0377, 0.0364, 0.0373, 0.0393, 0.0341, 0.0371, 0.0338, 0.0364,
          0.0392, 0.0389, 0.0375, 0.0359, 0.0373, 0.0385, 0.0380, 0.0343,
          0.0349, 0.0377, 0.0376, 0.0337, 0.0381, 0.0379, 0.0348, 0.0384,
          0.0408, 0.0387, 0.0358],
         [0.0337, 0.0388, 0.0387, 0.0365, 0.0390, 0.0361, 0.0394, 0.0391,
          0.0345, 0.0380, 0.0378, 0.0356, 0.0376, 0.0384, 0.0389, 0.0411,
          0.0367, 0.0365, 0.0390, 0.0361, 0.0356, 0.0352, 0.0358, 0.0343,
          0.0370, 0.0365, 0.0342],
         [0.0371, 0.0351, 0.0352, 0.0352, 0.0334, 0.0375, 0.0333, 0.0385,
          0.0382, 0.0367, 0.0408, 0.0357, 0.0395, 0.0402, 0.0341, 0.0381,
          0.0388, 0.0401, 0.0372, 0.0380, 0.0350, 0.0390, 0.0345, 0.0382,
          0.0351, 0.0376, 0.0382],
         [0.0378, 0.0402, 0.0360, 0.0383, 0.0358, 0.0366, 0.0354, 0.0350,
          0.0346, 0.0387, 0.0359, 0.0352, 0.0382, 0.0351, 0.0356, 0.0372,
          0.0365, 0.0390, 0.0381, 0.0350, 0.0362, 0.0393, 0.0357, 0.0385,
          0.0407, 0.0386, 0.0367],
         [0.0349, 0.0407, 0.0371, 0.0354, 0.0390, 0.0374, 0.0403, 0.0365,
          0.0405, 0.0331, 0.0323, 0.0377, 0.0370, 0.0369, 0.0367, 0.0378,
          0.0365, 0.0364, 0.0401, 0.0337, 0.0360, 0.0351, 0.0388, 0.0365,
          0.0412, 0.0349, 0.0377],
         [0.0355, 0.0344, 0.0397, 0.0339, 0.0344, 0.0387, 0.0339, 0.0359,
          0.0360, 0.0394, 0.0348, 0.0353, 0.0390, 0.0375, 0.0336, 0.0404,
          0.0391, 0.0386, 0.0401, 0.0386, 0.0374, 0.0375, 0.0416, 0.0347,
          0.0358, 0.0364, 0.0377],
         [0.0386, 0.0373, 0.0352, 0.0395, 0.0333, 0.0345, 0.0371, 0.0372,
          0.0379, 0.0366, 0.0384, 0.0385, 0.0370, 0.0378, 0.0377, 0.0372,
          0.0360, 0.0348, 0.0352, 0.0412, 0.0344, 0.0365, 0.0363, 0.0369,
          0.0388, 0.0383, 0.0378],
         [0.0365, 0.0355, 0.0390, 0.0387, 0.0344, 0.0401, 0.0361, 0.0344,
          0.0403, 0.0373, 0.0349, 0.0358, 0.0373, 0.0369, 0.0388, 0.0406,
          0.0397, 0.0388, 0.0338, 0.0405, 0.0346, 0.0345, 0.0363, 0.0374,
          0.0333, 0.0388, 0.0357]]], grad_fn=<SoftmaxBackward0>)
train cost:	55.2657356262207
queue lengths: 	tensor([5.3185, 0.5166, 1.2673, 2.0318, 3.0412, 0.1719, 5.4546, 0.3814, 1.6738,
        2.9673, 2.6926, 0.1924, 5.2986, 0.4785, 1.2493, 2.6273, 2.4211, 0.1790,
        3.8446, 0.4010, 1.1583, 2.5405, 2.5190, 0.2044, 4.8747, 0.3676, 1.3925],
       grad_fn=<MeanBackward1>)
Action Grads
tensor([[-27.8274,  -5.9860, -21.3445,   0.0000,   0.0000,   0.0000,   0.0000,
           0.0000,   0.0000,   0.0000,   0.0000,   0.0000,   0.0000,   0.0000,
           0.0000,   0.0000,   0.0000,   0.0000,   0.0000,   0.0000,   0.0000,
           0.0000,   0.0000,   0.0000,   0.0000,   0.0000,   0.0000],
        [  0.0000,   0.0000,   0.0000,   7.5704, -17.3669,  -7.6751,   0.0000,
           0.0000,   0.0000,   0.0000,   0.0000,   0.0000,   0.0000,   0.0000,
           0.0000,   0.0000,   0.0000,   0.0000,   0.0000,   0.0000,   0.0000,
           0.0000,   0.0000,   0.0000,   0.0000,   0.0000,   0.0000],
        [  0.0000,   0.0000,   0.0000,   0.0000,   0.0000,   0.0000, -25.6253,
          -6.0144, -17.2605,   0.0000,   0.0000,   0.0000,   0.0000,   0.0000,
           0.0000,   0.0000,   0.0000,   0.0000,   0.0000,   0.0000,   0.0000,
           0.0000,   0.0000,   0.0000,   0.0000,   0.0000,   0.0000],
        [  0.0000,   0.0000,   0.0000,   0.0000,   0.0000,   0.0000,   0.0000,
           0.0000,   0.0000,  15.3267, -12.3038, -15.7821,   0.0000,   0.0000,
           0.0000,   0.0000,   0.0000,   0.0000,   0.0000,   0.0000,   0.0000,
           0.0000,   0.0000,   0.0000,   0.0000,   0.0000,   0.0000],
        [  0.0000,   0.0000,   0.0000,   0.0000,   0.0000,   0.0000,   0.0000,
           0.0000,   0.0000,   0.0000,   0.0000,   0.0000, -39.2352, -11.6542,
         -19.0527,   0.0000,   0.0000,   0.0000,   0.0000,   0.0000,   0.0000,
           0.0000,   0.0000,   0.0000,   0.0000,   0.0000,   0.0000],
        [  0.0000,   0.0000,   0.0000,   0.0000,   0.0000,   0.0000,   0.0000,
           0.0000,   0.0000,   0.0000,   0.0000,   0.0000,   0.0000,   0.0000,
           0.0000,  -6.5832, -15.5878, -12.8026,   0.0000,   0.0000,   0.0000,
           0.0000,   0.0000,   0.0000,   0.0000,   0.0000,   0.0000],
        [  0.0000,   0.0000,   0.0000,   0.0000,   0.0000,   0.0000,   0.0000,
           0.0000,   0.0000,   0.0000,   0.0000,   0.0000,   0.0000,   0.0000,
           0.0000,   0.0000,   0.0000,   0.0000, -14.5970,  -6.5287, -17.2201,
           0.0000,   0.0000,   0.0000,   0.0000,   0.0000,   0.0000],
        [  0.0000,   0.0000,   0.0000,   0.0000,   0.0000,   0.0000,   0.0000,
           0.0000,   0.0000,   0.0000,   0.0000,   0.0000,   0.0000,   0.0000,
           0.0000,   0.0000,   0.0000,   0.0000,   0.0000,   0.0000,   0.0000,
          -1.9801, -17.9234,  -9.1539,   0.0000,   0.0000,   0.0000],
        [  0.0000,   0.0000,   0.0000,   0.0000,   0.0000,   0.0000,   0.0000,
           0.0000,   0.0000,   0.0000,   0.0000,   0.0000,   0.0000,   0.0000,
           0.0000,   0.0000,   0.0000,   0.0000,   0.0000,   0.0000,   0.0000,
           0.0000,   0.0000,   0.0000, -23.1189, -12.2164, -17.1753]])
Priority Grads
tensor([[ -27.9971,   29.1393,  -48.9458,    0.0000,    0.0000,    0.0000,
            0.0000,    0.0000,    0.0000,    0.0000,    0.0000,    0.0000,
            0.0000,    0.0000,    0.0000,    0.0000,    0.0000,    0.0000,
            0.0000,    0.0000,    0.0000,    0.0000,    0.0000,    0.0000,
            0.0000,    0.0000,    0.0000],
        [   0.0000,    0.0000,    0.0000,  142.1750, -122.3518,  -38.4819,
            0.0000,    0.0000,    0.0000,    0.0000,    0.0000,    0.0000,
            0.0000,    0.0000,    0.0000,    0.0000,    0.0000,    0.0000,
            0.0000,    0.0000,    0.0000,    0.0000,    0.0000,    0.0000,
            0.0000,    0.0000,    0.0000],
        [   0.0000,    0.0000,    0.0000,    0.0000,    0.0000,    0.0000,
          -32.7817,   -3.9673,   -2.7060,    0.0000,    0.0000,    0.0000,
            0.0000,    0.0000,    0.0000,    0.0000,    0.0000,    0.0000,
            0.0000,    0.0000,    0.0000,    0.0000,    0.0000,    0.0000,
            0.0000,    0.0000,    0.0000],
        [   0.0000,    0.0000,    0.0000,    0.0000,    0.0000,    0.0000,
            0.0000,    0.0000,    0.0000,  214.4778,  -83.1377, -105.0698,
            0.0000,    0.0000,    0.0000,    0.0000,    0.0000,    0.0000,
            0.0000,    0.0000,    0.0000,    0.0000,    0.0000,    0.0000,
            0.0000,    0.0000,    0.0000],
        [   0.0000,    0.0000,    0.0000,    0.0000,    0.0000,    0.0000,
            0.0000,    0.0000,    0.0000,    0.0000,    0.0000,    0.0000,
          -88.5364,   -7.2478,   34.5496,    0.0000,    0.0000,    0.0000,
            0.0000,    0.0000,    0.0000,    0.0000,    0.0000,    0.0000,
            0.0000,    0.0000,    0.0000],
        [   0.0000,    0.0000,    0.0000,    0.0000,    0.0000,    0.0000,
            0.0000,    0.0000,    0.0000,    0.0000,    0.0000,    0.0000,
            0.0000,    0.0000,    0.0000,   69.9883,  -25.9127,  -73.1289,
            0.0000,    0.0000,    0.0000,    0.0000,    0.0000,    0.0000,
            0.0000,    0.0000,    0.0000],
        [   0.0000,    0.0000,    0.0000,    0.0000,    0.0000,    0.0000,
            0.0000,    0.0000,    0.0000,    0.0000,    0.0000,    0.0000,
            0.0000,    0.0000,    0.0000,    0.0000,    0.0000,    0.0000,
           24.1539,  -14.5146,  -54.3313,    0.0000,    0.0000,    0.0000,
            0.0000,    0.0000,    0.0000],
        [   0.0000,    0.0000,    0.0000,    0.0000,    0.0000,    0.0000,
            0.0000,    0.0000,    0.0000,    0.0000,    0.0000,    0.0000,
            0.0000,    0.0000,    0.0000,    0.0000,    0.0000,    0.0000,
            0.0000,    0.0000,    0.0000,   88.9962,  -59.0026,  -48.3395,
            0.0000,    0.0000,    0.0000],
        [   0.0000,    0.0000,    0.0000,    0.0000,    0.0000,    0.0000,
            0.0000,    0.0000,    0.0000,    0.0000,    0.0000,    0.0000,
            0.0000,    0.0000,    0.0000,    0.0000,    0.0000,    0.0000,
            0.0000,    0.0000,    0.0000,    0.0000,    0.0000,    0.0000,
            8.2429,  -54.4010,    7.4285]])
