env: reentrant_10
model: ppg_softmax
model: ppg_softmax
queue lengths: 	tensor([5.8253, 0.5259, 1.2373, 4.0195, 4.3248, 0.2731, 5.9457, 0.4867, 1.1427,
        4.3256, 4.0837, 0.2405, 5.9550, 0.4552, 1.1666, 3.0484, 5.2175, 0.2568,
        5.6606, 0.5467, 1.4671, 3.9480, 4.3397, 0.2634, 5.7953, 0.4786, 1.4485,
        2.9633, 5.1769, 0.2431])
final cost: 	81.9800033569336
test cost: 	80.86199951171875
all valid: 	True
tensor([[0., 0., 0., 0., 0., 0., 0., 0., 0., 0., 0., 0., 0., 0., 0., 0., 0., 0., 0., 0., 0., 0., 0., 0.,
         0., 0., 0., 0., 0., 0.]])
tensor([[[0.0344, 0.0354, 0.0350, 0.0347, 0.0321, 0.0315, 0.0320, 0.0340,
          0.0343, 0.0343, 0.0305, 0.0332, 0.0300, 0.0329, 0.0365, 0.0313,
          0.0332, 0.0310, 0.0348, 0.0330, 0.0315, 0.0327, 0.0341, 0.0338,
          0.0357, 0.0351, 0.0329, 0.0339, 0.0309, 0.0353],
         [0.0334, 0.0326, 0.0332, 0.0308, 0.0326, 0.0319, 0.0323, 0.0352,
          0.0357, 0.0342, 0.0313, 0.0328, 0.0316, 0.0328, 0.0339, 0.0322,
          0.0350, 0.0312, 0.0323, 0.0316, 0.0341, 0.0365, 0.0365, 0.0346,
          0.0329, 0.0305, 0.0348, 0.0362, 0.0329, 0.0345],
         [0.0303, 0.0322, 0.0327, 0.0346, 0.0350, 0.0304, 0.0336, 0.0344,
          0.0341, 0.0355, 0.0303, 0.0348, 0.0317, 0.0313, 0.0316, 0.0306,
          0.0319, 0.0347, 0.0343, 0.0340, 0.0316, 0.0352, 0.0357, 0.0356,
          0.0373, 0.0313, 0.0338, 0.0311, 0.0341, 0.0361],
         [0.0333, 0.0328, 0.0355, 0.0315, 0.0354, 0.0341, 0.0337, 0.0354,
          0.0322, 0.0297, 0.0356, 0.0327, 0.0308, 0.0319, 0.0335, 0.0301,
          0.0352, 0.0321, 0.0317, 0.0320, 0.0324, 0.0331, 0.0367, 0.0337,
          0.0304, 0.0327, 0.0367, 0.0334, 0.0354, 0.0361],
         [0.0303, 0.0329, 0.0349, 0.0359, 0.0314, 0.0315, 0.0323, 0.0310,
          0.0315, 0.0312, 0.0324, 0.0390, 0.0334, 0.0350, 0.0335, 0.0329,
          0.0330, 0.0373, 0.0321, 0.0342, 0.0331, 0.0318, 0.0317, 0.0328,
          0.0332, 0.0328, 0.0318, 0.0359, 0.0364, 0.0350],
         [0.0354, 0.0324, 0.0341, 0.0307, 0.0363, 0.0319, 0.0326, 0.0322,
          0.0356, 0.0366, 0.0337, 0.0331, 0.0345, 0.0308, 0.0342, 0.0337,
          0.0309, 0.0313, 0.0325, 0.0341, 0.0336, 0.0328, 0.0348, 0.0313,
          0.0312, 0.0347, 0.0356, 0.0304, 0.0346, 0.0345],
         [0.0310, 0.0346, 0.0338, 0.0332, 0.0315, 0.0340, 0.0342, 0.0290,
          0.0314, 0.0326, 0.0329, 0.0331, 0.0326, 0.0340, 0.0357, 0.0317,
          0.0334, 0.0353, 0.0356, 0.0357, 0.0326, 0.0371, 0.0319, 0.0347,
          0.0346, 0.0353, 0.0301, 0.0354, 0.0310, 0.0319],
         [0.0341, 0.0321, 0.0346, 0.0356, 0.0294, 0.0363, 0.0351, 0.0321,
          0.0312, 0.0321, 0.0351, 0.0323, 0.0344, 0.0309, 0.0303, 0.0358,
          0.0334, 0.0322, 0.0352, 0.0321, 0.0363, 0.0316, 0.0347, 0.0305,
          0.0317, 0.0351, 0.0334, 0.0325, 0.0361, 0.0336],
         [0.0354, 0.0355, 0.0337, 0.0357, 0.0335, 0.0319, 0.0349, 0.0313,
          0.0318, 0.0317, 0.0309, 0.0327, 0.0316, 0.0340, 0.0316, 0.0337,
          0.0319, 0.0336, 0.0347, 0.0328, 0.0311, 0.0360, 0.0363, 0.0331,
          0.0339, 0.0339, 0.0315, 0.0310, 0.0366, 0.0339],
         [0.0350, 0.0294, 0.0295, 0.0343, 0.0351, 0.0366, 0.0332, 0.0332,
          0.0330, 0.0343, 0.0313, 0.0333, 0.0334, 0.0291, 0.0332, 0.0332,
          0.0333, 0.0342, 0.0336, 0.0354, 0.0352, 0.0327, 0.0319, 0.0345,
          0.0331, 0.0370, 0.0324, 0.0324, 0.0318, 0.0354]]],
       grad_fn=<SoftmaxBackward0>)
train cost:	81.07675170898438
queue lengths: 	tensor([3.5049, 0.4099, 0.8979, 4.4618, 4.2300, 0.1976, 5.0439, 0.4047, 1.0051,
        8.2350, 5.3517, 0.1886, 4.5350, 0.4246, 0.9312, 3.2037, 5.1848, 0.1919,
        7.6593, 0.4600, 1.5641, 4.7812, 4.7464, 0.1689, 5.2288, 0.3980, 1.2088,
        1.6464, 4.6429, 0.1692], grad_fn=<MeanBackward1>)
Action Grads
tensor([[  0.6919,   9.3000,  -5.1489,   0.0000,   0.0000,   0.0000,   0.0000,
           0.0000,   0.0000,   0.0000,   0.0000,   0.0000,   0.0000,   0.0000,
           0.0000,   0.0000,   0.0000,   0.0000,   0.0000,   0.0000,   0.0000,
           0.0000,   0.0000,   0.0000,   0.0000,   0.0000,   0.0000,   0.0000,
           0.0000,   0.0000],
        [  0.0000,   0.0000,   0.0000,   8.0563, -15.2428,  -4.5908,   0.0000,
           0.0000,   0.0000,   0.0000,   0.0000,   0.0000,   0.0000,   0.0000,
           0.0000,   0.0000,   0.0000,   0.0000,   0.0000,   0.0000,   0.0000,
           0.0000,   0.0000,   0.0000,   0.0000,   0.0000,   0.0000,   0.0000,
           0.0000,   0.0000],
        [  0.0000,   0.0000,   0.0000,   0.0000,   0.0000,   0.0000,  13.9071,
          19.3080,  -7.5931,   0.0000,   0.0000,   0.0000,   0.0000,   0.0000,
           0.0000,   0.0000,   0.0000,   0.0000,   0.0000,   0.0000,   0.0000,
           0.0000,   0.0000,   0.0000,   0.0000,   0.0000,   0.0000,   0.0000,
           0.0000,   0.0000],
        [  0.0000,   0.0000,   0.0000,   0.0000,   0.0000,   0.0000,   0.0000,
           0.0000,   0.0000, -31.5832, -25.6554,  -4.5819,   0.0000,   0.0000,
           0.0000,   0.0000,   0.0000,   0.0000,   0.0000,   0.0000,   0.0000,
           0.0000,   0.0000,   0.0000,   0.0000,   0.0000,   0.0000,   0.0000,
           0.0000,   0.0000],
        [  0.0000,   0.0000,   0.0000,   0.0000,   0.0000,   0.0000,   0.0000,
           0.0000,   0.0000,   0.0000,   0.0000,   0.0000, -10.7457,  15.0427,
          -7.9996,   0.0000,   0.0000,   0.0000,   0.0000,   0.0000,   0.0000,
           0.0000,   0.0000,   0.0000,   0.0000,   0.0000,   0.0000,   0.0000,
           0.0000,   0.0000],
        [  0.0000,   0.0000,   0.0000,   0.0000,   0.0000,   0.0000,   0.0000,
           0.0000,   0.0000,   0.0000,   0.0000,   0.0000,   0.0000,   0.0000,
           0.0000,  25.2795, -24.6047,  -3.1118,   0.0000,   0.0000,   0.0000,
           0.0000,   0.0000,   0.0000,   0.0000,   0.0000,   0.0000,   0.0000,
           0.0000,   0.0000],
        [  0.0000,   0.0000,   0.0000,   0.0000,   0.0000,   0.0000,   0.0000,
           0.0000,   0.0000,   0.0000,   0.0000,   0.0000,   0.0000,   0.0000,
           0.0000,   0.0000,   0.0000,   0.0000, -10.8919,  22.6265, -14.4217,
           0.0000,   0.0000,   0.0000,   0.0000,   0.0000,   0.0000,   0.0000,
           0.0000,   0.0000],
        [  0.0000,   0.0000,   0.0000,   0.0000,   0.0000,   0.0000,   0.0000,
           0.0000,   0.0000,   0.0000,   0.0000,   0.0000,   0.0000,   0.0000,
           0.0000,   0.0000,   0.0000,   0.0000,   0.0000,   0.0000,   0.0000,
          -7.7886, -32.0039,  -5.2998,   0.0000,   0.0000,   0.0000,   0.0000,
           0.0000,   0.0000],
        [  0.0000,   0.0000,   0.0000,   0.0000,   0.0000,   0.0000,   0.0000,
           0.0000,   0.0000,   0.0000,   0.0000,   0.0000,   0.0000,   0.0000,
           0.0000,   0.0000,   0.0000,   0.0000,   0.0000,   0.0000,   0.0000,
           0.0000,   0.0000,   0.0000, -21.5707,   3.1475,  -8.1056,   0.0000,
           0.0000,   0.0000],
        [  0.0000,   0.0000,   0.0000,   0.0000,   0.0000,   0.0000,   0.0000,
           0.0000,   0.0000,   0.0000,   0.0000,   0.0000,   0.0000,   0.0000,
           0.0000,   0.0000,   0.0000,   0.0000,   0.0000,   0.0000,   0.0000,
           0.0000,   0.0000,   0.0000,   0.0000,   0.0000,   0.0000,  -9.9678,
         -17.3457,  -7.8506]])
Priority Grads
tensor([[  -8.6219,   65.7696,  -51.0755,    0.0000,    0.0000,    0.0000,
            0.0000,    0.0000,    0.0000,    0.0000,    0.0000,    0.0000,
            0.0000,    0.0000,    0.0000,    0.0000,    0.0000,    0.0000,
            0.0000,    0.0000,    0.0000,    0.0000,    0.0000,    0.0000,
            0.0000,    0.0000,    0.0000,    0.0000,    0.0000,    0.0000],
        [   0.0000,    0.0000,    0.0000,  159.3787, -122.1489,  -34.9166,
            0.0000,    0.0000,    0.0000,    0.0000,    0.0000,    0.0000,
            0.0000,    0.0000,    0.0000,    0.0000,    0.0000,    0.0000,
            0.0000,    0.0000,    0.0000,    0.0000,    0.0000,    0.0000,
            0.0000,    0.0000,    0.0000,    0.0000,    0.0000,    0.0000],
        [   0.0000,    0.0000,    0.0000,    0.0000,    0.0000,    0.0000,
           44.1320,  129.1725, -143.1928,    0.0000,    0.0000,    0.0000,
            0.0000,    0.0000,    0.0000,    0.0000,    0.0000,    0.0000,
            0.0000,    0.0000,    0.0000,    0.0000,    0.0000,    0.0000,
            0.0000,    0.0000,    0.0000,    0.0000,    0.0000,    0.0000],
        [   0.0000,    0.0000,    0.0000,    0.0000,    0.0000,    0.0000,
            0.0000,    0.0000,    0.0000,  -60.1028,  -13.7347,    1.9627,
            0.0000,    0.0000,    0.0000,    0.0000,    0.0000,    0.0000,
            0.0000,    0.0000,    0.0000,    0.0000,    0.0000,    0.0000,
            0.0000,    0.0000,    0.0000,    0.0000,    0.0000,    0.0000],
        [   0.0000,    0.0000,    0.0000,    0.0000,    0.0000,    0.0000,
            0.0000,    0.0000,    0.0000,    0.0000,    0.0000,    0.0000,
          -89.7408,  135.7015,  -61.6275,    0.0000,    0.0000,    0.0000,
            0.0000,    0.0000,    0.0000,    0.0000,    0.0000,    0.0000,
            0.0000,    0.0000,    0.0000,    0.0000,    0.0000,    0.0000],
        [   0.0000,    0.0000,    0.0000,    0.0000,    0.0000,    0.0000,
            0.0000,    0.0000,    0.0000,    0.0000,    0.0000,    0.0000,
            0.0000,    0.0000,    0.0000,  360.5339, -354.6952,  -29.7536,
            0.0000,    0.0000,    0.0000,    0.0000,    0.0000,    0.0000,
            0.0000,    0.0000,    0.0000,    0.0000,    0.0000,    0.0000],
        [   0.0000,    0.0000,    0.0000,    0.0000,    0.0000,    0.0000,
            0.0000,    0.0000,    0.0000,    0.0000,    0.0000,    0.0000,
            0.0000,    0.0000,    0.0000,    0.0000,    0.0000,    0.0000,
          -99.2998,  204.2626, -109.4529,    0.0000,    0.0000,    0.0000,
            0.0000,    0.0000,    0.0000,    0.0000,    0.0000,    0.0000],
        [   0.0000,    0.0000,    0.0000,    0.0000,    0.0000,    0.0000,
            0.0000,    0.0000,    0.0000,    0.0000,    0.0000,    0.0000,
            0.0000,    0.0000,    0.0000,    0.0000,    0.0000,    0.0000,
            0.0000,    0.0000,    0.0000,  147.3862, -152.4304,  -20.3060,
            0.0000,    0.0000,    0.0000,    0.0000,    0.0000,    0.0000],
        [   0.0000,    0.0000,    0.0000,    0.0000,    0.0000,    0.0000,
            0.0000,    0.0000,    0.0000,    0.0000,    0.0000,    0.0000,
            0.0000,    0.0000,    0.0000,    0.0000,    0.0000,    0.0000,
            0.0000,    0.0000,    0.0000,    0.0000,    0.0000,    0.0000,
         -128.6139,   67.8267,   37.1984,    0.0000,    0.0000,    0.0000],
        [   0.0000,    0.0000,    0.0000,    0.0000,    0.0000,    0.0000,
            0.0000,    0.0000,    0.0000,    0.0000,    0.0000,    0.0000,
            0.0000,    0.0000,    0.0000,    0.0000,    0.0000,    0.0000,
            0.0000,    0.0000,    0.0000,    0.0000,    0.0000,    0.0000,
            0.0000,    0.0000,    0.0000,   23.5816,  -11.0664,  -46.1617]])
queue lengths: 	tensor([5.9710, 0.5340, 1.2186, 4.2908, 4.2195, 0.2709, 6.1320, 0.4887, 1.1185,
        4.2623, 4.0085, 0.2412, 6.0333, 0.4621, 1.1652, 3.2941, 4.8988, 0.2577,
        5.6661, 0.5557, 1.4552, 4.1974, 4.2356, 0.2603, 5.8262, 0.4797, 1.4855,
        3.0686, 5.3689, 0.2426])
final cost: 	87.45999908447266
test cost: 	81.7098617553711
all valid: 	True
tensor([[0., 0., 0., 0., 0., 0., 0., 0., 0., 0., 0., 0., 0., 0., 0., 0., 0., 0., 0., 0., 0., 0., 0., 0.,
         0., 0., 0., 0., 0., 0.]])
tensor([[[0.0344, 0.0353, 0.0350, 0.0347, 0.0321, 0.0315, 0.0320, 0.0340,
          0.0343, 0.0343, 0.0305, 0.0332, 0.0300, 0.0328, 0.0366, 0.0313,
          0.0333, 0.0310, 0.0348, 0.0330, 0.0315, 0.0327, 0.0341, 0.0338,
          0.0357, 0.0351, 0.0329, 0.0338, 0.0310, 0.0354],
         [0.0334, 0.0326, 0.0331, 0.0307, 0.0326, 0.0319, 0.0323, 0.0352,
          0.0357, 0.0343, 0.0313, 0.0328, 0.0316, 0.0327, 0.0339, 0.0321,
          0.0349, 0.0312, 0.0324, 0.0317, 0.0341, 0.0365, 0.0365, 0.0347,
          0.0329, 0.0305, 0.0348, 0.0362, 0.0329, 0.0345],
         [0.0304, 0.0322, 0.0327, 0.0346, 0.0350, 0.0304, 0.0336, 0.0344,
          0.0342, 0.0355, 0.0303, 0.0349, 0.0317, 0.0314, 0.0316, 0.0306,
          0.0319, 0.0347, 0.0343, 0.0340, 0.0316, 0.0352, 0.0357, 0.0356,
          0.0372, 0.0313, 0.0338, 0.0311, 0.0341, 0.0361],
         [0.0333, 0.0329, 0.0356, 0.0315, 0.0354, 0.0341, 0.0337, 0.0354,
          0.0322, 0.0297, 0.0356, 0.0327, 0.0308, 0.0319, 0.0335, 0.0301,
          0.0351, 0.0320, 0.0317, 0.0321, 0.0325, 0.0331, 0.0367, 0.0337,
          0.0304, 0.0327, 0.0366, 0.0334, 0.0354, 0.0361],
         [0.0303, 0.0329, 0.0349, 0.0359, 0.0314, 0.0316, 0.0323, 0.0310,
          0.0315, 0.0311, 0.0323, 0.0390, 0.0334, 0.0349, 0.0335, 0.0329,
          0.0330, 0.0373, 0.0321, 0.0342, 0.0331, 0.0318, 0.0317, 0.0328,
          0.0332, 0.0328, 0.0318, 0.0359, 0.0364, 0.0351],
         [0.0354, 0.0324, 0.0341, 0.0307, 0.0363, 0.0319, 0.0326, 0.0322,
          0.0357, 0.0366, 0.0336, 0.0331, 0.0345, 0.0309, 0.0342, 0.0336,
          0.0311, 0.0313, 0.0325, 0.0341, 0.0336, 0.0328, 0.0348, 0.0313,
          0.0312, 0.0347, 0.0356, 0.0304, 0.0345, 0.0344],
         [0.0310, 0.0346, 0.0338, 0.0332, 0.0315, 0.0340, 0.0342, 0.0290,
          0.0314, 0.0326, 0.0329, 0.0331, 0.0326, 0.0340, 0.0357, 0.0316,
          0.0334, 0.0353, 0.0356, 0.0356, 0.0326, 0.0372, 0.0319, 0.0347,
          0.0346, 0.0353, 0.0301, 0.0354, 0.0310, 0.0319],
         [0.0342, 0.0321, 0.0346, 0.0357, 0.0294, 0.0363, 0.0351, 0.0320,
          0.0312, 0.0321, 0.0351, 0.0323, 0.0344, 0.0310, 0.0303, 0.0359,
          0.0334, 0.0322, 0.0352, 0.0321, 0.0363, 0.0316, 0.0348, 0.0305,
          0.0317, 0.0351, 0.0334, 0.0325, 0.0361, 0.0336],
         [0.0354, 0.0355, 0.0337, 0.0357, 0.0334, 0.0319, 0.0348, 0.0313,
          0.0318, 0.0316, 0.0309, 0.0327, 0.0316, 0.0340, 0.0317, 0.0337,
          0.0319, 0.0336, 0.0348, 0.0328, 0.0311, 0.0359, 0.0363, 0.0330,
          0.0339, 0.0339, 0.0314, 0.0310, 0.0366, 0.0339],
         [0.0349, 0.0294, 0.0296, 0.0343, 0.0352, 0.0366, 0.0332, 0.0332,
          0.0330, 0.0343, 0.0313, 0.0333, 0.0334, 0.0291, 0.0332, 0.0332,
          0.0333, 0.0342, 0.0336, 0.0354, 0.0352, 0.0327, 0.0319, 0.0345,
          0.0331, 0.0370, 0.0324, 0.0323, 0.0318, 0.0354]]],
       grad_fn=<SoftmaxBackward0>)
train cost:	63.98814010620117
queue lengths: 	tensor([3.8895, 0.3748, 1.0188, 3.1172, 5.7538, 0.2008, 4.9179, 0.3697, 0.9506,
        3.4525, 2.5112, 0.1798, 4.2000, 0.3614, 0.8712, 1.7300, 3.7401, 0.1626,
        4.7745, 0.4437, 1.2987, 2.5995, 2.2360, 0.1850, 3.9695, 0.3723, 1.1472,
        3.3185, 5.6452, 0.1961], grad_fn=<MeanBackward1>)
Action Grads
tensor([[ -7.8578,  12.4289,  -5.7001,   0.0000,   0.0000,   0.0000,   0.0000,
           0.0000,   0.0000,   0.0000,   0.0000,   0.0000,   0.0000,   0.0000,
           0.0000,   0.0000,   0.0000,   0.0000,   0.0000,   0.0000,   0.0000,
           0.0000,   0.0000,   0.0000,   0.0000,   0.0000,   0.0000,   0.0000,
           0.0000,   0.0000],
        [  0.0000,   0.0000,   0.0000,   3.0025, -25.5913,  -8.2288,   0.0000,
           0.0000,   0.0000,   0.0000,   0.0000,   0.0000,   0.0000,   0.0000,
           0.0000,   0.0000,   0.0000,   0.0000,   0.0000,   0.0000,   0.0000,
           0.0000,   0.0000,   0.0000,   0.0000,   0.0000,   0.0000,   0.0000,
           0.0000,   0.0000],
        [  0.0000,   0.0000,   0.0000,   0.0000,   0.0000,   0.0000, -12.8943,
           2.4802,  -9.2666,   0.0000,   0.0000,   0.0000,   0.0000,   0.0000,
           0.0000,   0.0000,   0.0000,   0.0000,   0.0000,   0.0000,   0.0000,
           0.0000,   0.0000,   0.0000,   0.0000,   0.0000,   0.0000,   0.0000,
           0.0000,   0.0000],
        [  0.0000,   0.0000,   0.0000,   0.0000,   0.0000,   0.0000,   0.0000,
           0.0000,   0.0000,  -2.6165, -17.3714,  -7.3243,   0.0000,   0.0000,
           0.0000,   0.0000,   0.0000,   0.0000,   0.0000,   0.0000,   0.0000,
           0.0000,   0.0000,   0.0000,   0.0000,   0.0000,   0.0000,   0.0000,
           0.0000,   0.0000],
        [  0.0000,   0.0000,   0.0000,   0.0000,   0.0000,   0.0000,   0.0000,
           0.0000,   0.0000,   0.0000,   0.0000,   0.0000, -15.5858,   4.3589,
         -11.6540,   0.0000,   0.0000,   0.0000,   0.0000,   0.0000,   0.0000,
           0.0000,   0.0000,   0.0000,   0.0000,   0.0000,   0.0000,   0.0000,
           0.0000,   0.0000],
        [  0.0000,   0.0000,   0.0000,   0.0000,   0.0000,   0.0000,   0.0000,
           0.0000,   0.0000,   0.0000,   0.0000,   0.0000,   0.0000,   0.0000,
           0.0000,  16.5630, -14.2136,  -9.3692,   0.0000,   0.0000,   0.0000,
           0.0000,   0.0000,   0.0000,   0.0000,   0.0000,   0.0000,   0.0000,
           0.0000,   0.0000],
        [  0.0000,   0.0000,   0.0000,   0.0000,   0.0000,   0.0000,   0.0000,
           0.0000,   0.0000,   0.0000,   0.0000,   0.0000,   0.0000,   0.0000,
           0.0000,   0.0000,   0.0000,   0.0000, -21.9596,   4.0400, -14.0187,
           0.0000,   0.0000,   0.0000,   0.0000,   0.0000,   0.0000,   0.0000,
           0.0000,   0.0000],
        [  0.0000,   0.0000,   0.0000,   0.0000,   0.0000,   0.0000,   0.0000,
           0.0000,   0.0000,   0.0000,   0.0000,   0.0000,   0.0000,   0.0000,
           0.0000,   0.0000,   0.0000,   0.0000,   0.0000,   0.0000,   0.0000,
           1.2799, -12.5591,  -8.9482,   0.0000,   0.0000,   0.0000,   0.0000,
           0.0000,   0.0000],
        [  0.0000,   0.0000,   0.0000,   0.0000,   0.0000,   0.0000,   0.0000,
           0.0000,   0.0000,   0.0000,   0.0000,   0.0000,   0.0000,   0.0000,
           0.0000,   0.0000,   0.0000,   0.0000,   0.0000,   0.0000,   0.0000,
           0.0000,   0.0000,   0.0000,  -3.2710,  21.1463,  -9.8980,   0.0000,
           0.0000,   0.0000],
        [  0.0000,   0.0000,   0.0000,   0.0000,   0.0000,   0.0000,   0.0000,
           0.0000,   0.0000,   0.0000,   0.0000,   0.0000,   0.0000,   0.0000,
           0.0000,   0.0000,   0.0000,   0.0000,   0.0000,   0.0000,   0.0000,
           0.0000,   0.0000,   0.0000,   0.0000,   0.0000,   0.0000, -16.4465,
         -32.8933,  -8.1974]])
Priority Grads
tensor([[ -77.3587,  101.8111,  -21.6106,    0.0000,    0.0000,    0.0000,
            0.0000,    0.0000,    0.0000,    0.0000,    0.0000,    0.0000,
            0.0000,    0.0000,    0.0000,    0.0000,    0.0000,    0.0000,
            0.0000,    0.0000,    0.0000,    0.0000,    0.0000,    0.0000,
            0.0000,    0.0000,    0.0000,    0.0000,    0.0000,    0.0000],
        [   0.0000,    0.0000,    0.0000,  230.9710, -195.5444,  -38.4601,
            0.0000,    0.0000,    0.0000,    0.0000,    0.0000,    0.0000,
            0.0000,    0.0000,    0.0000,    0.0000,    0.0000,    0.0000,
            0.0000,    0.0000,    0.0000,    0.0000,    0.0000,    0.0000,
            0.0000,    0.0000,    0.0000,    0.0000,    0.0000,    0.0000],
        [   0.0000,    0.0000,    0.0000,    0.0000,    0.0000,    0.0000,
           -8.8346,   39.4635,  -47.1426,    0.0000,    0.0000,    0.0000,
            0.0000,    0.0000,    0.0000,    0.0000,    0.0000,    0.0000,
            0.0000,    0.0000,    0.0000,    0.0000,    0.0000,    0.0000,
            0.0000,    0.0000,    0.0000,    0.0000,    0.0000,    0.0000],
        [   0.0000,    0.0000,    0.0000,    0.0000,    0.0000,    0.0000,
            0.0000,    0.0000,    0.0000,  110.7072,  -84.1867,  -34.1741,
            0.0000,    0.0000,    0.0000,    0.0000,    0.0000,    0.0000,
            0.0000,    0.0000,    0.0000,    0.0000,    0.0000,    0.0000,
            0.0000,    0.0000,    0.0000,    0.0000,    0.0000,    0.0000],
        [   0.0000,    0.0000,    0.0000,    0.0000,    0.0000,    0.0000,
            0.0000,    0.0000,    0.0000,    0.0000,    0.0000,    0.0000,
          -50.7056,   82.6800,  -58.7599,    0.0000,    0.0000,    0.0000,
            0.0000,    0.0000,    0.0000,    0.0000,    0.0000,    0.0000,
            0.0000,    0.0000,    0.0000,    0.0000,    0.0000,    0.0000],
        [   0.0000,    0.0000,    0.0000,    0.0000,    0.0000,    0.0000,
            0.0000,    0.0000,    0.0000,    0.0000,    0.0000,    0.0000,
            0.0000,    0.0000,    0.0000,  224.6929, -161.0188,  -81.4854,
            0.0000,    0.0000,    0.0000,    0.0000,    0.0000,    0.0000,
            0.0000,    0.0000,    0.0000,    0.0000,    0.0000,    0.0000],
        [   0.0000,    0.0000,    0.0000,    0.0000,    0.0000,    0.0000,
            0.0000,    0.0000,    0.0000,    0.0000,    0.0000,    0.0000,
            0.0000,    0.0000,    0.0000,    0.0000,    0.0000,    0.0000,
          -69.1710,   82.4043,  -45.3151,    0.0000,    0.0000,    0.0000,
            0.0000,    0.0000,    0.0000,    0.0000,    0.0000,    0.0000],
        [   0.0000,    0.0000,    0.0000,    0.0000,    0.0000,    0.0000,
            0.0000,    0.0000,    0.0000,    0.0000,    0.0000,    0.0000,
            0.0000,    0.0000,    0.0000,    0.0000,    0.0000,    0.0000,
            0.0000,    0.0000,    0.0000,  125.5323,  -59.9224,  -71.1545,
            0.0000,    0.0000,    0.0000,    0.0000,    0.0000,    0.0000],
        [   0.0000,    0.0000,    0.0000,    0.0000,    0.0000,    0.0000,
            0.0000,    0.0000,    0.0000,    0.0000,    0.0000,    0.0000,
            0.0000,    0.0000,    0.0000,    0.0000,    0.0000,    0.0000,
            0.0000,    0.0000,    0.0000,    0.0000,    0.0000,    0.0000,
          -54.8613,  157.3840, -118.0680,    0.0000,    0.0000,    0.0000],
        [   0.0000,    0.0000,    0.0000,    0.0000,    0.0000,    0.0000,
            0.0000,    0.0000,    0.0000,    0.0000,    0.0000,    0.0000,
            0.0000,    0.0000,    0.0000,    0.0000,    0.0000,    0.0000,
            0.0000,    0.0000,    0.0000,    0.0000,    0.0000,    0.0000,
            0.0000,    0.0000,    0.0000,   61.3534,  -91.5377,  -35.5837]])
queue lengths: 	tensor([5.9950, 0.5413, 1.1930, 4.5110, 4.0117, 0.2689, 6.0663, 0.4925, 1.0975,
        4.4128, 3.8398, 0.2437, 6.2144, 0.4658, 1.1794, 3.4713, 4.8149, 0.2579,
        5.6974, 0.5611, 1.4440, 4.2174, 4.0542, 0.2554, 5.9178, 0.4854, 1.4794,
        3.0857, 5.1054, 0.2405])
final cost: 	84.31999969482422
test cost: 	81.62113952636719
all valid: 	True
tensor([[0., 0., 0., 0., 0., 0., 0., 0., 0., 0., 0., 0., 0., 0., 0., 0., 0., 0., 0., 0., 0., 0., 0., 0.,
         0., 0., 0., 0., 0., 0.]])
tensor([[[0.0344, 0.0353, 0.0351, 0.0347, 0.0321, 0.0315, 0.0320, 0.0340,
          0.0343, 0.0343, 0.0305, 0.0332, 0.0300, 0.0328, 0.0366, 0.0313,
          0.0333, 0.0310, 0.0348, 0.0330, 0.0314, 0.0328, 0.0340, 0.0338,
          0.0357, 0.0351, 0.0328, 0.0339, 0.0310, 0.0354],
         [0.0334, 0.0326, 0.0332, 0.0306, 0.0327, 0.0320, 0.0323, 0.0352,
          0.0357, 0.0343, 0.0313, 0.0328, 0.0315, 0.0327, 0.0339, 0.0321,
          0.0349, 0.0312, 0.0324, 0.0317, 0.0341, 0.0365, 0.0365, 0.0347,
          0.0329, 0.0305, 0.0348, 0.0362, 0.0329, 0.0345],
         [0.0303, 0.0322, 0.0327, 0.0347, 0.0351, 0.0305, 0.0336, 0.0343,
          0.0343, 0.0355, 0.0303, 0.0348, 0.0317, 0.0314, 0.0316, 0.0306,
          0.0319, 0.0347, 0.0344, 0.0340, 0.0315, 0.0352, 0.0356, 0.0356,
          0.0372, 0.0313, 0.0338, 0.0311, 0.0341, 0.0362],
         [0.0333, 0.0328, 0.0356, 0.0315, 0.0354, 0.0341, 0.0338, 0.0355,
          0.0322, 0.0297, 0.0356, 0.0327, 0.0308, 0.0319, 0.0335, 0.0301,
          0.0351, 0.0320, 0.0317, 0.0320, 0.0325, 0.0331, 0.0367, 0.0337,
          0.0304, 0.0327, 0.0366, 0.0334, 0.0354, 0.0361],
         [0.0303, 0.0329, 0.0349, 0.0359, 0.0314, 0.0316, 0.0322, 0.0310,
          0.0314, 0.0311, 0.0323, 0.0390, 0.0334, 0.0349, 0.0336, 0.0329,
          0.0330, 0.0373, 0.0321, 0.0342, 0.0330, 0.0318, 0.0317, 0.0327,
          0.0332, 0.0328, 0.0318, 0.0359, 0.0364, 0.0351],
         [0.0354, 0.0324, 0.0341, 0.0306, 0.0362, 0.0319, 0.0326, 0.0322,
          0.0357, 0.0366, 0.0336, 0.0331, 0.0345, 0.0309, 0.0342, 0.0335,
          0.0311, 0.0314, 0.0325, 0.0341, 0.0336, 0.0328, 0.0347, 0.0313,
          0.0312, 0.0347, 0.0356, 0.0304, 0.0345, 0.0344],
         [0.0310, 0.0346, 0.0338, 0.0332, 0.0315, 0.0340, 0.0343, 0.0290,
          0.0314, 0.0326, 0.0329, 0.0331, 0.0326, 0.0340, 0.0357, 0.0316,
          0.0334, 0.0353, 0.0357, 0.0355, 0.0326, 0.0372, 0.0319, 0.0346,
          0.0346, 0.0353, 0.0301, 0.0354, 0.0310, 0.0319],
         [0.0342, 0.0321, 0.0345, 0.0357, 0.0294, 0.0363, 0.0350, 0.0320,
          0.0312, 0.0321, 0.0351, 0.0323, 0.0344, 0.0310, 0.0303, 0.0359,
          0.0334, 0.0322, 0.0351, 0.0321, 0.0363, 0.0315, 0.0349, 0.0306,
          0.0317, 0.0352, 0.0334, 0.0325, 0.0361, 0.0336],
         [0.0354, 0.0355, 0.0337, 0.0357, 0.0334, 0.0319, 0.0348, 0.0314,
          0.0318, 0.0316, 0.0309, 0.0327, 0.0316, 0.0340, 0.0317, 0.0337,
          0.0319, 0.0336, 0.0348, 0.0329, 0.0311, 0.0359, 0.0362, 0.0330,
          0.0339, 0.0338, 0.0315, 0.0310, 0.0366, 0.0339],
         [0.0349, 0.0293, 0.0296, 0.0343, 0.0352, 0.0366, 0.0332, 0.0332,
          0.0329, 0.0343, 0.0312, 0.0333, 0.0334, 0.0290, 0.0333, 0.0332,
          0.0333, 0.0342, 0.0336, 0.0354, 0.0351, 0.0327, 0.0319, 0.0345,
          0.0331, 0.0370, 0.0324, 0.0323, 0.0318, 0.0355]]],
       grad_fn=<SoftmaxBackward0>)
train cost:	48.8172492980957
queue lengths: 	tensor([4.3121, 0.3855, 1.3065, 2.7208, 2.4783, 0.1847, 4.4593, 0.3606, 0.9882,
        2.3129, 1.9879, 0.1711, 2.4856, 0.2889, 0.9020, 1.7603, 2.9982, 0.1573,
        3.6028, 0.3852, 1.3745, 2.3857, 2.8546, 0.1748, 2.3343, 0.2982, 1.1803,
        1.6990, 2.0997, 0.1678], grad_fn=<MeanBackward1>)
Action Grads
tensor([[ -9.8091,   0.6829, -13.2084,   0.0000,   0.0000,   0.0000,   0.0000,
           0.0000,   0.0000,   0.0000,   0.0000,   0.0000,   0.0000,   0.0000,
           0.0000,   0.0000,   0.0000,   0.0000,   0.0000,   0.0000,   0.0000,
           0.0000,   0.0000,   0.0000,   0.0000,   0.0000,   0.0000,   0.0000,
           0.0000,   0.0000],
        [  0.0000,   0.0000,   0.0000,   8.5743, -12.1120,  -7.9076,   0.0000,
           0.0000,   0.0000,   0.0000,   0.0000,   0.0000,   0.0000,   0.0000,
           0.0000,   0.0000,   0.0000,   0.0000,   0.0000,   0.0000,   0.0000,
           0.0000,   0.0000,   0.0000,   0.0000,   0.0000,   0.0000,   0.0000,
           0.0000,   0.0000],
        [  0.0000,   0.0000,   0.0000,   0.0000,   0.0000,   0.0000, -16.8853,
          -1.6866,  -8.7318,   0.0000,   0.0000,   0.0000,   0.0000,   0.0000,
           0.0000,   0.0000,   0.0000,   0.0000,   0.0000,   0.0000,   0.0000,
           0.0000,   0.0000,   0.0000,   0.0000,   0.0000,   0.0000,   0.0000,
           0.0000,   0.0000],
        [  0.0000,   0.0000,   0.0000,   0.0000,   0.0000,   0.0000,   0.0000,
           0.0000,   0.0000,  -5.9751, -10.0214,  -9.9657,   0.0000,   0.0000,
           0.0000,   0.0000,   0.0000,   0.0000,   0.0000,   0.0000,   0.0000,
           0.0000,   0.0000,   0.0000,   0.0000,   0.0000,   0.0000,   0.0000,
           0.0000,   0.0000],
        [  0.0000,   0.0000,   0.0000,   0.0000,   0.0000,   0.0000,   0.0000,
           0.0000,   0.0000,   0.0000,   0.0000,   0.0000,  -6.0291,   3.2612,
          -9.6124,   0.0000,   0.0000,   0.0000,   0.0000,   0.0000,   0.0000,
           0.0000,   0.0000,   0.0000,   0.0000,   0.0000,   0.0000,   0.0000,
           0.0000,   0.0000],
        [  0.0000,   0.0000,   0.0000,   0.0000,   0.0000,   0.0000,   0.0000,
           0.0000,   0.0000,   0.0000,   0.0000,   0.0000,   0.0000,   0.0000,
           0.0000,   2.2983, -14.1790,  -6.9886,   0.0000,   0.0000,   0.0000,
           0.0000,   0.0000,   0.0000,   0.0000,   0.0000,   0.0000,   0.0000,
           0.0000,   0.0000],
        [  0.0000,   0.0000,   0.0000,   0.0000,   0.0000,   0.0000,   0.0000,
           0.0000,   0.0000,   0.0000,   0.0000,   0.0000,   0.0000,   0.0000,
           0.0000,   0.0000,   0.0000,   0.0000, -10.0895,   0.9632, -14.0077,
           0.0000,   0.0000,   0.0000,   0.0000,   0.0000,   0.0000,   0.0000,
           0.0000,   0.0000],
        [  0.0000,   0.0000,   0.0000,   0.0000,   0.0000,   0.0000,   0.0000,
           0.0000,   0.0000,   0.0000,   0.0000,   0.0000,   0.0000,   0.0000,
           0.0000,   0.0000,   0.0000,   0.0000,   0.0000,   0.0000,   0.0000,
          -7.7283, -10.6030,  -6.2484,   0.0000,   0.0000,   0.0000,   0.0000,
           0.0000,   0.0000],
        [  0.0000,   0.0000,   0.0000,   0.0000,   0.0000,   0.0000,   0.0000,
           0.0000,   0.0000,   0.0000,   0.0000,   0.0000,   0.0000,   0.0000,
           0.0000,   0.0000,   0.0000,   0.0000,   0.0000,   0.0000,   0.0000,
           0.0000,   0.0000,   0.0000,  -6.8561,  -2.3511, -10.2155,   0.0000,
           0.0000,   0.0000],
        [  0.0000,   0.0000,   0.0000,   0.0000,   0.0000,   0.0000,   0.0000,
           0.0000,   0.0000,   0.0000,   0.0000,   0.0000,   0.0000,   0.0000,
           0.0000,   0.0000,   0.0000,   0.0000,   0.0000,   0.0000,   0.0000,
           0.0000,   0.0000,   0.0000,   0.0000,   0.0000,   0.0000,  -9.7135,
         -10.4505,  -7.9323]])
Priority Grads
tensor([[  6.4415,  35.8865, -61.3200,   0.0000,   0.0000,   0.0000,   0.0000,
           0.0000,   0.0000,   0.0000,   0.0000,   0.0000,   0.0000,   0.0000,
           0.0000,   0.0000,   0.0000,   0.0000,   0.0000,   0.0000,   0.0000,
           0.0000,   0.0000,   0.0000,   0.0000,   0.0000,   0.0000,   0.0000,
           0.0000,   0.0000],
        [  0.0000,   0.0000,   0.0000, 156.6698, -85.8516, -66.2506,   0.0000,
           0.0000,   0.0000,   0.0000,   0.0000,   0.0000,   0.0000,   0.0000,
           0.0000,   0.0000,   0.0000,   0.0000,   0.0000,   0.0000,   0.0000,
           0.0000,   0.0000,   0.0000,   0.0000,   0.0000,   0.0000,   0.0000,
           0.0000,   0.0000],
        [  0.0000,   0.0000,   0.0000,   0.0000,   0.0000,   0.0000, -66.1655,
          24.4936,   7.3046,   0.0000,   0.0000,   0.0000,   0.0000,   0.0000,
           0.0000,   0.0000,   0.0000,   0.0000,   0.0000,   0.0000,   0.0000,
           0.0000,   0.0000,   0.0000,   0.0000,   0.0000,   0.0000,   0.0000,
           0.0000,   0.0000],
        [  0.0000,   0.0000,   0.0000,   0.0000,   0.0000,   0.0000,   0.0000,
           0.0000,   0.0000,  46.0720,   0.5232, -63.6072,   0.0000,   0.0000,
           0.0000,   0.0000,   0.0000,   0.0000,   0.0000,   0.0000,   0.0000,
           0.0000,   0.0000,   0.0000,   0.0000,   0.0000,   0.0000,   0.0000,
           0.0000,   0.0000],
        [  0.0000,   0.0000,   0.0000,   0.0000,   0.0000,   0.0000,   0.0000,
           0.0000,   0.0000,   0.0000,   0.0000,   0.0000,  10.4335,  39.3102,
         -61.7787,   0.0000,   0.0000,   0.0000,   0.0000,   0.0000,   0.0000,
           0.0000,   0.0000,   0.0000,   0.0000,   0.0000,   0.0000,   0.0000,
           0.0000,   0.0000],
        [  0.0000,   0.0000,   0.0000,   0.0000,   0.0000,   0.0000,   0.0000,
           0.0000,   0.0000,   0.0000,   0.0000,   0.0000,   0.0000,   0.0000,
           0.0000, 111.8783, -93.8291, -41.9077,   0.0000,   0.0000,   0.0000,
           0.0000,   0.0000,   0.0000,   0.0000,   0.0000,   0.0000,   0.0000,
           0.0000,   0.0000],
        [  0.0000,   0.0000,   0.0000,   0.0000,   0.0000,   0.0000,   0.0000,
           0.0000,   0.0000,   0.0000,   0.0000,   0.0000,   0.0000,   0.0000,
           0.0000,   0.0000,   0.0000,   0.0000,   6.2858,  38.5160, -70.7508,
           0.0000,   0.0000,   0.0000,   0.0000,   0.0000,   0.0000,   0.0000,
           0.0000,   0.0000],
        [  0.0000,   0.0000,   0.0000,   0.0000,   0.0000,   0.0000,   0.0000,
           0.0000,   0.0000,   0.0000,   0.0000,   0.0000,   0.0000,   0.0000,
           0.0000,   0.0000,   0.0000,   0.0000,   0.0000,   0.0000,   0.0000,
          17.4602,  -2.3458, -38.8426,   0.0000,   0.0000,   0.0000,   0.0000,
           0.0000,   0.0000],
        [  0.0000,   0.0000,   0.0000,   0.0000,   0.0000,   0.0000,   0.0000,
           0.0000,   0.0000,   0.0000,   0.0000,   0.0000,   0.0000,   0.0000,
           0.0000,   0.0000,   0.0000,   0.0000,   0.0000,   0.0000,   0.0000,
           0.0000,   0.0000,   0.0000,   9.7487,   5.8586, -36.7546,   0.0000,
           0.0000,   0.0000],
        [  0.0000,   0.0000,   0.0000,   0.0000,   0.0000,   0.0000,   0.0000,
           0.0000,   0.0000,   0.0000,   0.0000,   0.0000,   0.0000,   0.0000,
           0.0000,   0.0000,   0.0000,   0.0000,   0.0000,   0.0000,   0.0000,
           0.0000,   0.0000,   0.0000,   0.0000,   0.0000,   0.0000,  11.9655,
           1.7477, -39.4096]])
queue lengths: 	tensor([5.8728, 0.5445, 1.1736, 4.7450, 3.8072, 0.2648, 6.0805, 0.4939, 1.0808,
        4.4745, 3.6651, 0.2403, 6.1574, 0.4688, 1.1695, 3.5564, 4.5285, 0.2537,
        5.5686, 0.5654, 1.4257, 4.1997, 3.8974, 0.2496, 5.8574, 0.4831, 1.4696,
        3.1359, 4.9133, 0.2385])
final cost: 	85.95999908447266
test cost: 	80.5817642211914
all valid: 	True
tensor([[0., 0., 0., 0., 0., 0., 0., 0., 0., 0., 0., 0., 0., 0., 0., 0., 0., 0., 0., 0., 0., 0., 0., 0.,
         0., 0., 0., 0., 0., 0.]])
tensor([[[0.0344, 0.0352, 0.0351, 0.0347, 0.0321, 0.0315, 0.0319, 0.0340,
          0.0342, 0.0343, 0.0304, 0.0332, 0.0300, 0.0328, 0.0366, 0.0313,
          0.0333, 0.0310, 0.0347, 0.0330, 0.0314, 0.0328, 0.0340, 0.0338,
          0.0357, 0.0352, 0.0328, 0.0339, 0.0310, 0.0354],
         [0.0333, 0.0326, 0.0332, 0.0305, 0.0327, 0.0320, 0.0323, 0.0352,
          0.0357, 0.0343, 0.0312, 0.0328, 0.0315, 0.0327, 0.0339, 0.0321,
          0.0349, 0.0312, 0.0324, 0.0317, 0.0341, 0.0365, 0.0365, 0.0347,
          0.0329, 0.0305, 0.0348, 0.0362, 0.0329, 0.0345],
         [0.0303, 0.0322, 0.0327, 0.0347, 0.0351, 0.0305, 0.0336, 0.0343,
          0.0343, 0.0355, 0.0302, 0.0348, 0.0317, 0.0314, 0.0316, 0.0306,
          0.0319, 0.0347, 0.0344, 0.0340, 0.0315, 0.0352, 0.0356, 0.0356,
          0.0372, 0.0313, 0.0337, 0.0310, 0.0341, 0.0362],
         [0.0333, 0.0328, 0.0356, 0.0315, 0.0354, 0.0341, 0.0338, 0.0355,
          0.0322, 0.0296, 0.0357, 0.0328, 0.0308, 0.0318, 0.0335, 0.0301,
          0.0351, 0.0320, 0.0317, 0.0320, 0.0325, 0.0331, 0.0367, 0.0337,
          0.0304, 0.0327, 0.0365, 0.0334, 0.0353, 0.0361],
         [0.0303, 0.0329, 0.0349, 0.0359, 0.0314, 0.0316, 0.0322, 0.0310,
          0.0314, 0.0311, 0.0323, 0.0390, 0.0334, 0.0348, 0.0337, 0.0329,
          0.0330, 0.0373, 0.0321, 0.0342, 0.0330, 0.0318, 0.0317, 0.0327,
          0.0332, 0.0328, 0.0317, 0.0359, 0.0364, 0.0351],
         [0.0354, 0.0324, 0.0341, 0.0306, 0.0362, 0.0319, 0.0326, 0.0322,
          0.0357, 0.0366, 0.0336, 0.0331, 0.0345, 0.0309, 0.0342, 0.0335,
          0.0312, 0.0315, 0.0325, 0.0341, 0.0337, 0.0328, 0.0347, 0.0313,
          0.0312, 0.0346, 0.0356, 0.0304, 0.0345, 0.0344],
         [0.0310, 0.0347, 0.0338, 0.0332, 0.0315, 0.0340, 0.0343, 0.0290,
          0.0314, 0.0326, 0.0329, 0.0331, 0.0326, 0.0340, 0.0357, 0.0316,
          0.0335, 0.0353, 0.0357, 0.0354, 0.0326, 0.0372, 0.0319, 0.0346,
          0.0346, 0.0354, 0.0301, 0.0354, 0.0310, 0.0319],
         [0.0342, 0.0321, 0.0345, 0.0357, 0.0294, 0.0363, 0.0350, 0.0320,
          0.0311, 0.0321, 0.0351, 0.0322, 0.0344, 0.0310, 0.0303, 0.0359,
          0.0333, 0.0323, 0.0351, 0.0321, 0.0364, 0.0314, 0.0349, 0.0306,
          0.0317, 0.0352, 0.0334, 0.0326, 0.0362, 0.0336],
         [0.0354, 0.0356, 0.0337, 0.0357, 0.0334, 0.0319, 0.0348, 0.0314,
          0.0318, 0.0316, 0.0309, 0.0327, 0.0316, 0.0340, 0.0317, 0.0337,
          0.0319, 0.0336, 0.0348, 0.0328, 0.0311, 0.0359, 0.0362, 0.0330,
          0.0340, 0.0338, 0.0315, 0.0310, 0.0366, 0.0339],
         [0.0349, 0.0293, 0.0296, 0.0342, 0.0352, 0.0367, 0.0333, 0.0333,
          0.0329, 0.0343, 0.0312, 0.0333, 0.0334, 0.0290, 0.0333, 0.0331,
          0.0333, 0.0342, 0.0336, 0.0354, 0.0351, 0.0327, 0.0319, 0.0345,
          0.0331, 0.0370, 0.0324, 0.0322, 0.0318, 0.0356]]],
       grad_fn=<SoftmaxBackward0>)
train cost:	87.959228515625
queue lengths: 	tensor([5.9572, 0.4594, 1.0523, 6.6290, 4.1405, 0.2030, 8.9762, 0.4453, 1.3590,
        3.6287, 6.4353, 0.1844, 6.6307, 0.4189, 1.3960, 2.5866, 3.3829, 0.1856,
        4.5473, 0.4839, 1.2246, 3.4315, 2.8464, 0.1904, 4.1277, 0.4013, 1.1462,
        6.0833, 9.2154, 0.1901], grad_fn=<MeanBackward1>)
Action Grads
tensor([[ 13.0352,  13.5544, -12.8065,   0.0000,   0.0000,   0.0000,   0.0000,
           0.0000,   0.0000,   0.0000,   0.0000,   0.0000,   0.0000,   0.0000,
           0.0000,   0.0000,   0.0000,   0.0000,   0.0000,   0.0000,   0.0000,
           0.0000,   0.0000,   0.0000,   0.0000,   0.0000,   0.0000,   0.0000,
           0.0000,   0.0000],
        [  0.0000,   0.0000,   0.0000, -15.0602, -26.2825,  -8.4514,   0.0000,
           0.0000,   0.0000,   0.0000,   0.0000,   0.0000,   0.0000,   0.0000,
           0.0000,   0.0000,   0.0000,   0.0000,   0.0000,   0.0000,   0.0000,
           0.0000,   0.0000,   0.0000,   0.0000,   0.0000,   0.0000,   0.0000,
           0.0000,   0.0000],
        [  0.0000,   0.0000,   0.0000,   0.0000,   0.0000,   0.0000, -44.2965,
           8.3725, -20.1849,   0.0000,   0.0000,   0.0000,   0.0000,   0.0000,
           0.0000,   0.0000,   0.0000,   0.0000,   0.0000,   0.0000,   0.0000,
           0.0000,   0.0000,   0.0000,   0.0000,   0.0000,   0.0000,   0.0000,
           0.0000,   0.0000],
        [  0.0000,   0.0000,   0.0000,   0.0000,   0.0000,   0.0000,   0.0000,
           0.0000,   0.0000,  13.7695, -24.6574,  -9.9626,   0.0000,   0.0000,
           0.0000,   0.0000,   0.0000,   0.0000,   0.0000,   0.0000,   0.0000,
           0.0000,   0.0000,   0.0000,   0.0000,   0.0000,   0.0000,   0.0000,
           0.0000,   0.0000],
        [  0.0000,   0.0000,   0.0000,   0.0000,   0.0000,   0.0000,   0.0000,
           0.0000,   0.0000,   0.0000,   0.0000,   0.0000, -35.6883,   1.5876,
         -15.4982,   0.0000,   0.0000,   0.0000,   0.0000,   0.0000,   0.0000,
           0.0000,   0.0000,   0.0000,   0.0000,   0.0000,   0.0000,   0.0000,
           0.0000,   0.0000],
        [  0.0000,   0.0000,   0.0000,   0.0000,   0.0000,   0.0000,   0.0000,
           0.0000,   0.0000,   0.0000,   0.0000,   0.0000,   0.0000,   0.0000,
           0.0000,  -3.7160, -26.1351, -14.7806,   0.0000,   0.0000,   0.0000,
           0.0000,   0.0000,   0.0000,   0.0000,   0.0000,   0.0000,   0.0000,
           0.0000,   0.0000],
        [  0.0000,   0.0000,   0.0000,   0.0000,   0.0000,   0.0000,   0.0000,
           0.0000,   0.0000,   0.0000,   0.0000,   0.0000,   0.0000,   0.0000,
           0.0000,   0.0000,   0.0000,   0.0000, -14.3351,  -6.5829, -15.1107,
           0.0000,   0.0000,   0.0000,   0.0000,   0.0000,   0.0000,   0.0000,
           0.0000,   0.0000],
        [  0.0000,   0.0000,   0.0000,   0.0000,   0.0000,   0.0000,   0.0000,
           0.0000,   0.0000,   0.0000,   0.0000,   0.0000,   0.0000,   0.0000,
           0.0000,   0.0000,   0.0000,   0.0000,   0.0000,   0.0000,   0.0000,
          -5.4809, -14.1431,  -9.1685,   0.0000,   0.0000,   0.0000,   0.0000,
           0.0000,   0.0000],
        [  0.0000,   0.0000,   0.0000,   0.0000,   0.0000,   0.0000,   0.0000,
           0.0000,   0.0000,   0.0000,   0.0000,   0.0000,   0.0000,   0.0000,
           0.0000,   0.0000,   0.0000,   0.0000,   0.0000,   0.0000,   0.0000,
           0.0000,   0.0000,   0.0000,  -2.6615,  37.7548, -11.6710,   0.0000,
           0.0000,   0.0000],
        [  0.0000,   0.0000,   0.0000,   0.0000,   0.0000,   0.0000,   0.0000,
           0.0000,   0.0000,   0.0000,   0.0000,   0.0000,   0.0000,   0.0000,
           0.0000,   0.0000,   0.0000,   0.0000,   0.0000,   0.0000,   0.0000,
           0.0000,   0.0000,   0.0000,   0.0000,   0.0000,   0.0000, -29.2782,
         -48.0821, -19.3944]])
Priority Grads
tensor([[  58.3462,   94.7986, -118.4528,    0.0000,    0.0000,    0.0000,
            0.0000,    0.0000,    0.0000,    0.0000,    0.0000,    0.0000,
            0.0000,    0.0000,    0.0000,    0.0000,    0.0000,    0.0000,
            0.0000,    0.0000,    0.0000,    0.0000,    0.0000,    0.0000,
            0.0000,    0.0000,    0.0000,    0.0000,    0.0000,    0.0000],
        [   0.0000,    0.0000,    0.0000,   17.3278,  -30.0385,  -37.9452,
            0.0000,    0.0000,    0.0000,    0.0000,    0.0000,    0.0000,
            0.0000,    0.0000,    0.0000,    0.0000,    0.0000,    0.0000,
            0.0000,    0.0000,    0.0000,    0.0000,    0.0000,    0.0000,
            0.0000,    0.0000,    0.0000,    0.0000,    0.0000,    0.0000],
        [   0.0000,    0.0000,    0.0000,    0.0000,    0.0000,    0.0000,
         -202.4986,  142.5797,  -12.8672,    0.0000,    0.0000,    0.0000,
            0.0000,    0.0000,    0.0000,    0.0000,    0.0000,    0.0000,
            0.0000,    0.0000,    0.0000,    0.0000,    0.0000,    0.0000,
            0.0000,    0.0000,    0.0000,    0.0000,    0.0000,    0.0000],
        [   0.0000,    0.0000,    0.0000,    0.0000,    0.0000,    0.0000,
            0.0000,    0.0000,    0.0000,  307.3134, -191.3204,  -73.4723,
            0.0000,    0.0000,    0.0000,    0.0000,    0.0000,    0.0000,
            0.0000,    0.0000,    0.0000,    0.0000,    0.0000,    0.0000,
            0.0000,    0.0000,    0.0000,    0.0000,    0.0000,    0.0000],
        [   0.0000,    0.0000,    0.0000,    0.0000,    0.0000,    0.0000,
            0.0000,    0.0000,    0.0000,    0.0000,    0.0000,    0.0000,
         -173.6925,   87.9982,   40.9563,    0.0000,    0.0000,    0.0000,
            0.0000,    0.0000,    0.0000,    0.0000,    0.0000,    0.0000,
            0.0000,    0.0000,    0.0000,    0.0000,    0.0000,    0.0000],
        [   0.0000,    0.0000,    0.0000,    0.0000,    0.0000,    0.0000,
            0.0000,    0.0000,    0.0000,    0.0000,    0.0000,    0.0000,
            0.0000,    0.0000,    0.0000,  182.5557, -136.3709,  -87.1147,
            0.0000,    0.0000,    0.0000,    0.0000,    0.0000,    0.0000,
            0.0000,    0.0000,    0.0000,    0.0000,    0.0000,    0.0000],
        [   0.0000,    0.0000,    0.0000,    0.0000,    0.0000,    0.0000,
            0.0000,    0.0000,    0.0000,    0.0000,    0.0000,    0.0000,
            0.0000,    0.0000,    0.0000,    0.0000,    0.0000,    0.0000,
           -1.3859,    7.2274,  -44.1444,    0.0000,    0.0000,    0.0000,
            0.0000,    0.0000,    0.0000,    0.0000,    0.0000,    0.0000],
        [   0.0000,    0.0000,    0.0000,    0.0000,    0.0000,    0.0000,
            0.0000,    0.0000,    0.0000,    0.0000,    0.0000,    0.0000,
            0.0000,    0.0000,    0.0000,    0.0000,    0.0000,    0.0000,
            0.0000,    0.0000,    0.0000,   78.3486,  -51.4539,  -41.2510,
            0.0000,    0.0000,    0.0000,    0.0000,    0.0000,    0.0000],
        [   0.0000,    0.0000,    0.0000,    0.0000,    0.0000,    0.0000,
            0.0000,    0.0000,    0.0000,    0.0000,    0.0000,    0.0000,
            0.0000,    0.0000,    0.0000,    0.0000,    0.0000,    0.0000,
            0.0000,    0.0000,    0.0000,    0.0000,    0.0000,    0.0000,
         -101.4007,  314.5675, -164.9606,    0.0000,    0.0000,    0.0000],
        [   0.0000,    0.0000,    0.0000,    0.0000,    0.0000,    0.0000,
            0.0000,    0.0000,    0.0000,    0.0000,    0.0000,    0.0000,
            0.0000,    0.0000,    0.0000,    0.0000,    0.0000,    0.0000,
            0.0000,    0.0000,    0.0000,    0.0000,    0.0000,    0.0000,
            0.0000,    0.0000,    0.0000,  119.9099, -112.9447, -101.5345]])
queue lengths: 	tensor([5.8922, 0.5562, 1.1584, 4.7745, 3.6260, 0.2611, 6.0876, 0.5074, 1.0819,
        4.6256, 3.6010, 0.2386, 6.1211, 0.4752, 1.1786, 3.6834, 4.4212, 0.2534,
        5.7288, 0.5658, 1.4054, 4.4226, 3.7678, 0.2467, 5.8880, 0.4880, 1.4468,
        3.1377, 4.7519, 0.2349])
final cost: 	80.47000122070312
test cost: 	80.6282730102539
all valid: 	True
tensor([[0., 0., 0., 0., 0., 0., 0., 0., 0., 0., 0., 0., 0., 0., 0., 0., 0., 0., 0., 0., 0., 0., 0., 0.,
         0., 0., 0., 0., 0., 0.]])
tensor([[[0.0344, 0.0351, 0.0352, 0.0347, 0.0321, 0.0315, 0.0319, 0.0340,
          0.0342, 0.0344, 0.0304, 0.0332, 0.0300, 0.0327, 0.0367, 0.0313,
          0.0333, 0.0310, 0.0347, 0.0330, 0.0314, 0.0328, 0.0340, 0.0338,
          0.0357, 0.0352, 0.0328, 0.0339, 0.0311, 0.0354],
         [0.0333, 0.0326, 0.0332, 0.0304, 0.0328, 0.0320, 0.0323, 0.0351,
          0.0357, 0.0343, 0.0312, 0.0328, 0.0315, 0.0327, 0.0339, 0.0321,
          0.0349, 0.0312, 0.0324, 0.0317, 0.0341, 0.0365, 0.0365, 0.0347,
          0.0329, 0.0305, 0.0348, 0.0363, 0.0329, 0.0345],
         [0.0303, 0.0322, 0.0327, 0.0347, 0.0352, 0.0305, 0.0337, 0.0343,
          0.0344, 0.0355, 0.0302, 0.0348, 0.0317, 0.0314, 0.0316, 0.0306,
          0.0319, 0.0347, 0.0344, 0.0340, 0.0315, 0.0352, 0.0356, 0.0356,
          0.0372, 0.0313, 0.0337, 0.0310, 0.0341, 0.0362],
         [0.0333, 0.0328, 0.0356, 0.0315, 0.0354, 0.0341, 0.0338, 0.0355,
          0.0322, 0.0295, 0.0357, 0.0328, 0.0308, 0.0318, 0.0335, 0.0301,
          0.0351, 0.0320, 0.0317, 0.0320, 0.0325, 0.0331, 0.0367, 0.0337,
          0.0305, 0.0327, 0.0365, 0.0334, 0.0353, 0.0361],
         [0.0302, 0.0330, 0.0348, 0.0359, 0.0314, 0.0316, 0.0322, 0.0310,
          0.0314, 0.0311, 0.0322, 0.0391, 0.0335, 0.0348, 0.0337, 0.0329,
          0.0330, 0.0373, 0.0321, 0.0342, 0.0330, 0.0318, 0.0317, 0.0327,
          0.0332, 0.0328, 0.0317, 0.0359, 0.0364, 0.0352],
         [0.0354, 0.0324, 0.0341, 0.0306, 0.0362, 0.0319, 0.0326, 0.0322,
          0.0357, 0.0366, 0.0336, 0.0331, 0.0345, 0.0309, 0.0342, 0.0334,
          0.0313, 0.0316, 0.0325, 0.0341, 0.0337, 0.0329, 0.0347, 0.0313,
          0.0312, 0.0346, 0.0356, 0.0304, 0.0345, 0.0344],
         [0.0311, 0.0347, 0.0338, 0.0332, 0.0315, 0.0340, 0.0343, 0.0289,
          0.0314, 0.0326, 0.0329, 0.0331, 0.0326, 0.0340, 0.0357, 0.0316,
          0.0335, 0.0353, 0.0357, 0.0353, 0.0326, 0.0372, 0.0319, 0.0346,
          0.0346, 0.0354, 0.0301, 0.0354, 0.0310, 0.0319],
         [0.0342, 0.0321, 0.0345, 0.0357, 0.0294, 0.0363, 0.0350, 0.0320,
          0.0311, 0.0321, 0.0351, 0.0322, 0.0344, 0.0310, 0.0303, 0.0359,
          0.0333, 0.0323, 0.0350, 0.0321, 0.0364, 0.0314, 0.0349, 0.0307,
          0.0317, 0.0352, 0.0334, 0.0326, 0.0362, 0.0336],
         [0.0354, 0.0356, 0.0337, 0.0357, 0.0334, 0.0319, 0.0348, 0.0314,
          0.0318, 0.0315, 0.0309, 0.0327, 0.0316, 0.0340, 0.0317, 0.0337,
          0.0319, 0.0337, 0.0348, 0.0328, 0.0310, 0.0359, 0.0362, 0.0330,
          0.0340, 0.0338, 0.0315, 0.0310, 0.0366, 0.0339],
         [0.0349, 0.0293, 0.0296, 0.0342, 0.0352, 0.0367, 0.0333, 0.0333,
          0.0329, 0.0343, 0.0312, 0.0334, 0.0334, 0.0290, 0.0333, 0.0331,
          0.0332, 0.0342, 0.0336, 0.0354, 0.0351, 0.0327, 0.0319, 0.0345,
          0.0331, 0.0370, 0.0325, 0.0321, 0.0319, 0.0356]]],
       grad_fn=<SoftmaxBackward0>)
train cost:	57.38125991821289
queue lengths: 	tensor([4.1715, 0.4134, 0.9619, 3.5294, 2.8659, 0.1700, 4.7221, 0.3747, 0.9035,
        4.0489, 2.4688, 0.1815, 6.1436, 0.3696, 1.1134, 3.0545, 2.9982, 0.1866,
        4.0026, 0.3800, 1.1933, 2.1079, 2.7369, 0.1807, 2.1553, 0.3230, 0.9291,
        1.5548, 2.9780, 0.1621], grad_fn=<MeanBackward1>)
Action Grads
tensor([[ -9.5933, -10.7321, -13.6330,   0.0000,   0.0000,   0.0000,   0.0000,
           0.0000,   0.0000,   0.0000,   0.0000,   0.0000,   0.0000,   0.0000,
           0.0000,   0.0000,   0.0000,   0.0000,   0.0000,   0.0000,   0.0000,
           0.0000,   0.0000,   0.0000,   0.0000,   0.0000,   0.0000,   0.0000,
           0.0000,   0.0000],
        [  0.0000,   0.0000,   0.0000, -13.8665, -13.5497,  -5.4982,   0.0000,
           0.0000,   0.0000,   0.0000,   0.0000,   0.0000,   0.0000,   0.0000,
           0.0000,   0.0000,   0.0000,   0.0000,   0.0000,   0.0000,   0.0000,
           0.0000,   0.0000,   0.0000,   0.0000,   0.0000,   0.0000,   0.0000,
           0.0000,   0.0000],
        [  0.0000,   0.0000,   0.0000,   0.0000,   0.0000,   0.0000,  -3.2657,
          -0.5611,  -9.2626,   0.0000,   0.0000,   0.0000,   0.0000,   0.0000,
           0.0000,   0.0000,   0.0000,   0.0000,   0.0000,   0.0000,   0.0000,
           0.0000,   0.0000,   0.0000,   0.0000,   0.0000,   0.0000,   0.0000,
           0.0000,   0.0000],
        [  0.0000,   0.0000,   0.0000,   0.0000,   0.0000,   0.0000,   0.0000,
           0.0000,   0.0000,  -3.5023, -18.2760,  -9.3893,   0.0000,   0.0000,
           0.0000,   0.0000,   0.0000,   0.0000,   0.0000,   0.0000,   0.0000,
           0.0000,   0.0000,   0.0000,   0.0000,   0.0000,   0.0000,   0.0000,
           0.0000,   0.0000],
        [  0.0000,   0.0000,   0.0000,   0.0000,   0.0000,   0.0000,   0.0000,
           0.0000,   0.0000,   0.0000,   0.0000,   0.0000, -25.6458,  -6.4035,
         -16.6692,   0.0000,   0.0000,   0.0000,   0.0000,   0.0000,   0.0000,
           0.0000,   0.0000,   0.0000,   0.0000,   0.0000,   0.0000,   0.0000,
           0.0000,   0.0000],
        [  0.0000,   0.0000,   0.0000,   0.0000,   0.0000,   0.0000,   0.0000,
           0.0000,   0.0000,   0.0000,   0.0000,   0.0000,   0.0000,   0.0000,
           0.0000,  -8.7351, -15.3330,  -8.2900,   0.0000,   0.0000,   0.0000,
           0.0000,   0.0000,   0.0000,   0.0000,   0.0000,   0.0000,   0.0000,
           0.0000,   0.0000],
        [  0.0000,   0.0000,   0.0000,   0.0000,   0.0000,   0.0000,   0.0000,
           0.0000,   0.0000,   0.0000,   0.0000,   0.0000,   0.0000,   0.0000,
           0.0000,   0.0000,   0.0000,   0.0000, -12.4976,  -0.8129,  -9.9591,
           0.0000,   0.0000,   0.0000,   0.0000,   0.0000,   0.0000,   0.0000,
           0.0000,   0.0000],
        [  0.0000,   0.0000,   0.0000,   0.0000,   0.0000,   0.0000,   0.0000,
           0.0000,   0.0000,   0.0000,   0.0000,   0.0000,   0.0000,   0.0000,
           0.0000,   0.0000,   0.0000,   0.0000,   0.0000,   0.0000,   0.0000,
         -12.3244, -12.2567,  -8.9583,   0.0000,   0.0000,   0.0000,   0.0000,
           0.0000,   0.0000],
        [  0.0000,   0.0000,   0.0000,   0.0000,   0.0000,   0.0000,   0.0000,
           0.0000,   0.0000,   0.0000,   0.0000,   0.0000,   0.0000,   0.0000,
           0.0000,   0.0000,   0.0000,   0.0000,   0.0000,   0.0000,   0.0000,
           0.0000,   0.0000,   0.0000, -11.3745,   1.6450,  -9.9324,   0.0000,
           0.0000,   0.0000],
        [  0.0000,   0.0000,   0.0000,   0.0000,   0.0000,   0.0000,   0.0000,
           0.0000,   0.0000,   0.0000,   0.0000,   0.0000,   0.0000,   0.0000,
           0.0000,   0.0000,   0.0000,   0.0000,   0.0000,   0.0000,   0.0000,
           0.0000,   0.0000,   0.0000,   0.0000,   0.0000,   0.0000, -14.0365,
         -22.4477,  -5.7725]])
Priority Grads
tensor([[ 96.6112, -45.4045, -71.6165,   0.0000,   0.0000,   0.0000,   0.0000,
           0.0000,   0.0000,   0.0000,   0.0000,   0.0000,   0.0000,   0.0000,
           0.0000,   0.0000,   0.0000,   0.0000,   0.0000,   0.0000,   0.0000,
           0.0000,   0.0000,   0.0000,   0.0000,   0.0000,   0.0000,   0.0000,
           0.0000,   0.0000],
        [  0.0000,   0.0000,   0.0000, -22.0869,   8.8497, -26.8956,   0.0000,
           0.0000,   0.0000,   0.0000,   0.0000,   0.0000,   0.0000,   0.0000,
           0.0000,   0.0000,   0.0000,   0.0000,   0.0000,   0.0000,   0.0000,
           0.0000,   0.0000,   0.0000,   0.0000,   0.0000,   0.0000,   0.0000,
           0.0000,   0.0000],
        [  0.0000,   0.0000,   0.0000,   0.0000,   0.0000,   0.0000,  24.4442,
          12.7898, -44.8758,   0.0000,   0.0000,   0.0000,   0.0000,   0.0000,
           0.0000,   0.0000,   0.0000,   0.0000,   0.0000,   0.0000,   0.0000,
           0.0000,   0.0000,   0.0000,   0.0000,   0.0000,   0.0000,   0.0000,
           0.0000,   0.0000],
        [  0.0000,   0.0000,   0.0000,   0.0000,   0.0000,   0.0000,   0.0000,
           0.0000,   0.0000, 124.9764, -80.3442, -47.7371,   0.0000,   0.0000,
           0.0000,   0.0000,   0.0000,   0.0000,   0.0000,   0.0000,   0.0000,
           0.0000,   0.0000,   0.0000,   0.0000,   0.0000,   0.0000,   0.0000,
           0.0000,   0.0000],
        [  0.0000,   0.0000,   0.0000,   0.0000,   0.0000,   0.0000,   0.0000,
           0.0000,   0.0000,   0.0000,   0.0000,   0.0000,  -3.4606,   1.5599,
         -44.4106,   0.0000,   0.0000,   0.0000,   0.0000,   0.0000,   0.0000,
           0.0000,   0.0000,   0.0000,   0.0000,   0.0000,   0.0000,   0.0000,
           0.0000,   0.0000],
        [  0.0000,   0.0000,   0.0000,   0.0000,   0.0000,   0.0000,   0.0000,
           0.0000,   0.0000,   0.0000,   0.0000,   0.0000,   0.0000,   0.0000,
           0.0000,  33.9826, -14.8290, -46.8837,   0.0000,   0.0000,   0.0000,
           0.0000,   0.0000,   0.0000,   0.0000,   0.0000,   0.0000,   0.0000,
           0.0000,   0.0000],
        [  0.0000,   0.0000,   0.0000,   0.0000,   0.0000,   0.0000,   0.0000,
           0.0000,   0.0000,   0.0000,   0.0000,   0.0000,   0.0000,   0.0000,
           0.0000,   0.0000,   0.0000,   0.0000, -12.8014,  23.5684, -31.5077,
           0.0000,   0.0000,   0.0000,   0.0000,   0.0000,   0.0000,   0.0000,
           0.0000,   0.0000],
        [  0.0000,   0.0000,   0.0000,   0.0000,   0.0000,   0.0000,   0.0000,
           0.0000,   0.0000,   0.0000,   0.0000,   0.0000,   0.0000,   0.0000,
           0.0000,   0.0000,   0.0000,   0.0000,   0.0000,   0.0000,   0.0000,
          28.6926,  -2.4850, -53.7470,   0.0000,   0.0000,   0.0000,   0.0000,
           0.0000,   0.0000],
        [  0.0000,   0.0000,   0.0000,   0.0000,   0.0000,   0.0000,   0.0000,
           0.0000,   0.0000,   0.0000,   0.0000,   0.0000,   0.0000,   0.0000,
           0.0000,   0.0000,   0.0000,   0.0000,   0.0000,   0.0000,   0.0000,
           0.0000,   0.0000,   0.0000,  14.9463,  26.5175, -67.3068,   0.0000,
           0.0000,   0.0000],
        [  0.0000,   0.0000,   0.0000,   0.0000,   0.0000,   0.0000,   0.0000,
           0.0000,   0.0000,   0.0000,   0.0000,   0.0000,   0.0000,   0.0000,
           0.0000,   0.0000,   0.0000,   0.0000,   0.0000,   0.0000,   0.0000,
           0.0000,   0.0000,   0.0000,   0.0000,   0.0000,   0.0000,  43.4506,
         -61.6755, -23.5667]])
queue lengths: 	tensor([5.9947, 0.5578, 1.1338, 4.9255, 3.5717, 0.2591, 6.2471, 0.5175, 1.0871,
        4.7934, 3.4323, 0.2379, 6.3307, 0.4819, 1.1987, 3.7354, 4.3125, 0.2513,
        5.8957, 0.5721, 1.4044, 4.4266, 3.6704, 0.2430, 5.9611, 0.4876, 1.4338,
        3.3028, 4.7782, 0.2345])
final cost: 	82.93000030517578
test cost: 	81.4793930053711
all valid: 	True
tensor([[0., 0., 0., 0., 0., 0., 0., 0., 0., 0., 0., 0., 0., 0., 0., 0., 0., 0., 0., 0., 0., 0., 0., 0.,
         0., 0., 0., 0., 0., 0.]])
tensor([[[0.0344, 0.0351, 0.0352, 0.0346, 0.0321, 0.0315, 0.0319, 0.0340,
          0.0342, 0.0344, 0.0304, 0.0332, 0.0300, 0.0327, 0.0367, 0.0313,
          0.0333, 0.0310, 0.0347, 0.0330, 0.0314, 0.0328, 0.0340, 0.0338,
          0.0358, 0.0352, 0.0328, 0.0339, 0.0311, 0.0354],
         [0.0333, 0.0326, 0.0332, 0.0304, 0.0328, 0.0321, 0.0323, 0.0351,
          0.0357, 0.0344, 0.0312, 0.0328, 0.0314, 0.0327, 0.0339, 0.0321,
          0.0349, 0.0313, 0.0324, 0.0317, 0.0341, 0.0365, 0.0365, 0.0348,
          0.0329, 0.0305, 0.0348, 0.0363, 0.0329, 0.0345],
         [0.0303, 0.0322, 0.0327, 0.0347, 0.0352, 0.0305, 0.0337, 0.0342,
          0.0344, 0.0355, 0.0302, 0.0348, 0.0317, 0.0314, 0.0316, 0.0306,
          0.0319, 0.0347, 0.0345, 0.0339, 0.0315, 0.0352, 0.0355, 0.0355,
          0.0372, 0.0313, 0.0337, 0.0310, 0.0341, 0.0362],
         [0.0334, 0.0328, 0.0356, 0.0315, 0.0354, 0.0341, 0.0338, 0.0355,
          0.0322, 0.0294, 0.0358, 0.0329, 0.0308, 0.0318, 0.0335, 0.0301,
          0.0351, 0.0320, 0.0317, 0.0320, 0.0326, 0.0331, 0.0368, 0.0336,
          0.0305, 0.0327, 0.0365, 0.0334, 0.0353, 0.0361],
         [0.0302, 0.0330, 0.0348, 0.0359, 0.0314, 0.0316, 0.0322, 0.0310,
          0.0314, 0.0311, 0.0322, 0.0391, 0.0335, 0.0348, 0.0338, 0.0329,
          0.0330, 0.0372, 0.0321, 0.0342, 0.0330, 0.0318, 0.0317, 0.0327,
          0.0332, 0.0328, 0.0317, 0.0359, 0.0364, 0.0352],
         [0.0354, 0.0324, 0.0341, 0.0306, 0.0362, 0.0318, 0.0326, 0.0322,
          0.0357, 0.0366, 0.0335, 0.0331, 0.0345, 0.0309, 0.0342, 0.0334,
          0.0313, 0.0316, 0.0325, 0.0340, 0.0337, 0.0329, 0.0347, 0.0313,
          0.0312, 0.0347, 0.0356, 0.0304, 0.0345, 0.0344],
         [0.0311, 0.0347, 0.0338, 0.0332, 0.0315, 0.0339, 0.0343, 0.0289,
          0.0314, 0.0326, 0.0329, 0.0331, 0.0326, 0.0340, 0.0357, 0.0316,
          0.0334, 0.0353, 0.0357, 0.0353, 0.0326, 0.0372, 0.0319, 0.0346,
          0.0346, 0.0354, 0.0301, 0.0355, 0.0310, 0.0319],
         [0.0342, 0.0321, 0.0345, 0.0357, 0.0294, 0.0364, 0.0350, 0.0320,
          0.0311, 0.0321, 0.0351, 0.0322, 0.0344, 0.0310, 0.0303, 0.0359,
          0.0333, 0.0323, 0.0350, 0.0320, 0.0364, 0.0313, 0.0349, 0.0308,
          0.0317, 0.0352, 0.0333, 0.0326, 0.0362, 0.0336],
         [0.0354, 0.0356, 0.0337, 0.0357, 0.0334, 0.0319, 0.0347, 0.0314,
          0.0318, 0.0315, 0.0309, 0.0327, 0.0316, 0.0341, 0.0317, 0.0337,
          0.0319, 0.0337, 0.0348, 0.0329, 0.0310, 0.0358, 0.0361, 0.0329,
          0.0340, 0.0337, 0.0316, 0.0311, 0.0366, 0.0339],
         [0.0349, 0.0293, 0.0296, 0.0342, 0.0352, 0.0367, 0.0333, 0.0333,
          0.0329, 0.0343, 0.0312, 0.0334, 0.0334, 0.0290, 0.0333, 0.0331,
          0.0332, 0.0342, 0.0337, 0.0354, 0.0351, 0.0326, 0.0319, 0.0345,
          0.0332, 0.0370, 0.0325, 0.0321, 0.0319, 0.0357]]],
       grad_fn=<SoftmaxBackward0>)
train cost:	83.8489761352539
queue lengths: 	tensor([ 8.5555,  0.5056,  1.0907,  3.1856,  4.3220,  0.1894,  5.6551,  0.5064,
         1.0191,  3.4672,  2.6058,  0.1712, 11.1169,  0.4009,  1.2530,  4.4639,
         4.7890,  0.1957,  7.2510,  0.4168,  1.2229,  4.3873,  3.3626,  0.1957,
         4.6228,  0.4164,  1.4041,  2.7494,  4.1422,  0.1846],
       grad_fn=<MeanBackward1>)
Action Grads
tensor([[-87.4963, -28.0710, -47.3902,   0.0000,   0.0000,   0.0000,   0.0000,
           0.0000,   0.0000,   0.0000,   0.0000,   0.0000,   0.0000,   0.0000,
           0.0000,   0.0000,   0.0000,   0.0000,   0.0000,   0.0000,   0.0000,
           0.0000,   0.0000,   0.0000,   0.0000,   0.0000,   0.0000,   0.0000,
           0.0000,   0.0000],
        [  0.0000,   0.0000,   0.0000, -14.6117, -40.7010, -31.5841,   0.0000,
           0.0000,   0.0000,   0.0000,   0.0000,   0.0000,   0.0000,   0.0000,
           0.0000,   0.0000,   0.0000,   0.0000,   0.0000,   0.0000,   0.0000,
           0.0000,   0.0000,   0.0000,   0.0000,   0.0000,   0.0000,   0.0000,
           0.0000,   0.0000],
        [  0.0000,   0.0000,   0.0000,   0.0000,   0.0000,   0.0000, -35.0885,
         -36.5201, -33.3463,   0.0000,   0.0000,   0.0000,   0.0000,   0.0000,
           0.0000,   0.0000,   0.0000,   0.0000,   0.0000,   0.0000,   0.0000,
           0.0000,   0.0000,   0.0000,   0.0000,   0.0000,   0.0000,   0.0000,
           0.0000,   0.0000],
        [  0.0000,   0.0000,   0.0000,   0.0000,   0.0000,   0.0000,   0.0000,
           0.0000,   0.0000,  18.7913, -31.3698, -29.1754,   0.0000,   0.0000,
           0.0000,   0.0000,   0.0000,   0.0000,   0.0000,   0.0000,   0.0000,
           0.0000,   0.0000,   0.0000,   0.0000,   0.0000,   0.0000,   0.0000,
           0.0000,   0.0000],
        [  0.0000,   0.0000,   0.0000,   0.0000,   0.0000,   0.0000,   0.0000,
           0.0000,   0.0000,   0.0000,   0.0000,   0.0000, -75.1446, -11.1690,
         -47.2778,   0.0000,   0.0000,   0.0000,   0.0000,   0.0000,   0.0000,
           0.0000,   0.0000,   0.0000,   0.0000,   0.0000,   0.0000,   0.0000,
           0.0000,   0.0000],
        [  0.0000,   0.0000,   0.0000,   0.0000,   0.0000,   0.0000,   0.0000,
           0.0000,   0.0000,   0.0000,   0.0000,   0.0000,   0.0000,   0.0000,
           0.0000,  -2.6595, -46.6303, -33.5154,   0.0000,   0.0000,   0.0000,
           0.0000,   0.0000,   0.0000,   0.0000,   0.0000,   0.0000,   0.0000,
           0.0000,   0.0000],
        [  0.0000,   0.0000,   0.0000,   0.0000,   0.0000,   0.0000,   0.0000,
           0.0000,   0.0000,   0.0000,   0.0000,   0.0000,   0.0000,   0.0000,
           0.0000,   0.0000,   0.0000,   0.0000, -38.8746, -31.5502, -42.5131,
           0.0000,   0.0000,   0.0000,   0.0000,   0.0000,   0.0000,   0.0000,
           0.0000,   0.0000],
        [  0.0000,   0.0000,   0.0000,   0.0000,   0.0000,   0.0000,   0.0000,
           0.0000,   0.0000,   0.0000,   0.0000,   0.0000,   0.0000,   0.0000,
           0.0000,   0.0000,   0.0000,   0.0000,   0.0000,   0.0000,   0.0000,
         -33.6685, -39.8473, -47.1821,   0.0000,   0.0000,   0.0000,   0.0000,
           0.0000,   0.0000],
        [  0.0000,   0.0000,   0.0000,   0.0000,   0.0000,   0.0000,   0.0000,
           0.0000,   0.0000,   0.0000,   0.0000,   0.0000,   0.0000,   0.0000,
           0.0000,   0.0000,   0.0000,   0.0000,   0.0000,   0.0000,   0.0000,
           0.0000,   0.0000,   0.0000, -31.1965, -24.6844, -39.9774,   0.0000,
           0.0000,   0.0000],
        [  0.0000,   0.0000,   0.0000,   0.0000,   0.0000,   0.0000,   0.0000,
           0.0000,   0.0000,   0.0000,   0.0000,   0.0000,   0.0000,   0.0000,
           0.0000,   0.0000,   0.0000,   0.0000,   0.0000,   0.0000,   0.0000,
           0.0000,   0.0000,   0.0000,   0.0000,   0.0000,   0.0000, -39.0909,
         -35.1165, -41.3503]])
Priority Grads
tensor([[-161.7675,   14.0573,  -24.1719,    0.0000,    0.0000,    0.0000,
            0.0000,    0.0000,    0.0000,    0.0000,    0.0000,    0.0000,
            0.0000,    0.0000,    0.0000,    0.0000,    0.0000,    0.0000,
            0.0000,    0.0000,    0.0000,    0.0000,    0.0000,    0.0000,
            0.0000,    0.0000,    0.0000,    0.0000,    0.0000,    0.0000],
        [   0.0000,    0.0000,    0.0000,  180.1653,  -54.7300, -178.1139,
            0.0000,    0.0000,    0.0000,    0.0000,    0.0000,    0.0000,
            0.0000,    0.0000,    0.0000,    0.0000,    0.0000,    0.0000,
            0.0000,    0.0000,    0.0000,    0.0000,    0.0000,    0.0000,
            0.0000,    0.0000,    0.0000,    0.0000,    0.0000,    0.0000],
        [   0.0000,    0.0000,    0.0000,    0.0000,    0.0000,    0.0000,
           95.4473, -162.1168,  -34.8651,    0.0000,    0.0000,    0.0000,
            0.0000,    0.0000,    0.0000,    0.0000,    0.0000,    0.0000,
            0.0000,    0.0000,    0.0000,    0.0000,    0.0000,    0.0000,
            0.0000,    0.0000,    0.0000,    0.0000,    0.0000,    0.0000],
        [   0.0000,    0.0000,    0.0000,    0.0000,    0.0000,    0.0000,
            0.0000,    0.0000,    0.0000,  455.8320, -168.7835, -217.6092,
            0.0000,    0.0000,    0.0000,    0.0000,    0.0000,    0.0000,
            0.0000,    0.0000,    0.0000,    0.0000,    0.0000,    0.0000,
            0.0000,    0.0000,    0.0000,    0.0000,    0.0000,    0.0000],
        [   0.0000,    0.0000,    0.0000,    0.0000,    0.0000,    0.0000,
            0.0000,    0.0000,    0.0000,    0.0000,    0.0000,    0.0000,
         -196.9250,   82.5745,  -19.4102,    0.0000,    0.0000,    0.0000,
            0.0000,    0.0000,    0.0000,    0.0000,    0.0000,    0.0000,
            0.0000,    0.0000,    0.0000,    0.0000,    0.0000,    0.0000],
        [   0.0000,    0.0000,    0.0000,    0.0000,    0.0000,    0.0000,
            0.0000,    0.0000,    0.0000,    0.0000,    0.0000,    0.0000,
            0.0000,    0.0000,    0.0000,  408.7039, -218.7472, -221.5688,
            0.0000,    0.0000,    0.0000,    0.0000,    0.0000,    0.0000,
            0.0000,    0.0000,    0.0000,    0.0000,    0.0000,    0.0000],
        [   0.0000,    0.0000,    0.0000,    0.0000,    0.0000,    0.0000,
            0.0000,    0.0000,    0.0000,    0.0000,    0.0000,    0.0000,
            0.0000,    0.0000,    0.0000,    0.0000,    0.0000,    0.0000,
           72.5462,  -95.9416,  -96.5537,    0.0000,    0.0000,    0.0000,
            0.0000,    0.0000,    0.0000,    0.0000,    0.0000,    0.0000],
        [   0.0000,    0.0000,    0.0000,    0.0000,    0.0000,    0.0000,
            0.0000,    0.0000,    0.0000,    0.0000,    0.0000,    0.0000,
            0.0000,    0.0000,    0.0000,    0.0000,    0.0000,    0.0000,
            0.0000,    0.0000,    0.0000,  108.7191,   92.1858, -293.5565,
            0.0000,    0.0000,    0.0000,    0.0000,    0.0000,    0.0000],
        [   0.0000,    0.0000,    0.0000,    0.0000,    0.0000,    0.0000,
            0.0000,    0.0000,    0.0000,    0.0000,    0.0000,    0.0000,
            0.0000,    0.0000,    0.0000,    0.0000,    0.0000,    0.0000,
            0.0000,    0.0000,    0.0000,    0.0000,    0.0000,    0.0000,
           99.3458, -109.8975,  -96.1655,    0.0000,    0.0000,    0.0000],
        [   0.0000,    0.0000,    0.0000,    0.0000,    0.0000,    0.0000,
            0.0000,    0.0000,    0.0000,    0.0000,    0.0000,    0.0000,
            0.0000,    0.0000,    0.0000,    0.0000,    0.0000,    0.0000,
            0.0000,    0.0000,    0.0000,    0.0000,    0.0000,    0.0000,
            0.0000,    0.0000,    0.0000,    8.8369,  149.6291, -249.5327]])
