\BOOKMARK [1][-]{section.1}{\376\377\000I\000n\000t\000r\000o\000d\000u\000c\000t\000i\000o\000n}{}% 1
\BOOKMARK [1][-]{section.2}{\376\377\000R\000e\000l\000a\000t\000e\000d\000\040\000W\000o\000r\000k}{}% 2
\BOOKMARK [1][-]{section.3}{\376\377\000D\000i\000s\000c\000r\000e\000t\000e\000-\000E\000v\000e\000n\000t\000\040\000D\000y\000n\000a\000m\000i\000c\000a\000l\000\040\000S\000y\000s\000t\000e\000m\000\040\000M\000o\000d\000e\000l\000\040\000f\000o\000r\000\040\000Q\000u\000e\000u\000i\000n\000g\000\040\000N\000e\000t\000w\000o\000r\000k\000s}{}% 3
\BOOKMARK [2][-]{subsection.3.1}{\376\377\000\040\000T\000h\000e\000\040\000S\000c\000h\000e\000d\000u\000l\000i\000n\000g\000\040\000P\000r\000o\000b\000l\000e\000m}{section.3}% 4
\BOOKMARK [2][-]{subsection.3.2}{\376\377\000S\000y\000s\000t\000e\000m\000\040\000D\000e\000s\000c\000r\000i\000p\000t\000i\000o\000n}{section.3}% 5
\BOOKMARK [1][-]{section.4}{\376\377\000G\000r\000a\000d\000i\000e\000n\000t\000\040\000E\000s\000t\000i\000m\000a\000t\000i\000o\000n}{}% 6
\BOOKMARK [2][-]{subsection.4.1}{\376\377\000T\000h\000e\000\040\000s\000t\000a\000n\000d\000a\000r\000d\000\040\000a\000p\000p\000r\000o\000a\000c\000h\000:\000\040\000t\000h\000e\000\040\000R\000E\000I\000N\000F\000O\000R\000C\000E\000\040\000e\000s\000t\000i\000m\000a\000t\000o\000r}{section.4}% 7
\BOOKMARK [2][-]{subsection.4.2}{\376\377\000\040\000O\000u\000r\000\040\000a\000p\000p\000r\000o\000a\000c\000h\000:\000\040\000D\000i\000f\000f\000e\000r\000e\000n\000t\000i\000a\000b\000l\000e\000\040\000D\000i\000s\000c\000r\000e\000t\000e\000-\000E\000v\000e\000n\000t\000\040\000S\000i\000m\000u\000l\000a\000t\000i\000o\000n}{section.4}% 8
\BOOKMARK [3][-]{subsubsection.4.2.1}{\376\377\000C\000a\000p\000a\000c\000i\000t\000y\000\040\000s\000h\000a\000r\000i\000n\000g\000\040\000r\000e\000l\000a\000x\000a\000t\000i\000o\000n}{subsection.4.2}% 9
\BOOKMARK [3][-]{subsubsection.4.2.2}{\376\377\000D\000i\000f\000f\000e\000r\000e\000n\000t\000i\000a\000b\000l\000e\000\040\000e\000v\000e\000n\000t\000\040\000s\000e\000l\000e\000c\000t\000i\000o\000n}{subsection.4.2}% 10
\BOOKMARK [1][-]{section.5}{\376\377\000E\000m\000p\000i\000r\000i\000c\000a\000l\000\040\000E\000v\000a\000l\000u\000a\000t\000i\000o\000n\000\040\000o\000f\000\040\000t\000h\000e\000\040\000P\000A\000T\000H\000W\000I\000S\000E\000\040\000G\000r\000a\000d\000i\000e\000n\000t\000s}{}% 11
\BOOKMARK [2][-]{subsection.5.1}{\376\377\000G\000r\000a\000d\000i\000e\000n\000t\000\040\000E\000s\000t\000i\000m\000a\000t\000i\000o\000n\000\040\000E\000f\000f\000i\000c\000i\000e\000n\000c\000y}{section.5}% 12
\BOOKMARK [2][-]{subsection.5.2}{\376\377\000L\000e\000a\000r\000n\000i\000n\000g\000\040\000t\000h\000e\000\040\000c\000\040\000r\000u\000l\000e}{section.5}% 13
\BOOKMARK [2][-]{subsection.5.3}{\376\377\000A\000d\000m\000i\000s\000s\000i\000o\000n\000\040\000C\000o\000n\000t\000r\000o\000l}{section.5}% 14
\BOOKMARK [1][-]{section.6}{\376\377\000P\000o\000l\000i\000c\000y\000\040\000P\000a\000r\000a\000m\000e\000t\000e\000r\000i\000z\000a\000t\000i\000o\000n}{}% 15
\BOOKMARK [1][-]{section.7}{\376\377\000S\000c\000h\000e\000d\000u\000l\000i\000n\000g\000\040\000f\000o\000r\000\040\000M\000u\000l\000t\000i\000-\000C\000l\000a\000s\000s\000\040\000Q\000u\000e\000u\000i\000n\000g\000\040\000N\000e\000t\000w\000o\000r\000k\000s\000:\000\040\000B\000e\000n\000c\000h\000m\000a\000r\000k\000s}{}% 16
\BOOKMARK [1][-]{section.8}{\376\377\000W\000h\000y\000\040\000i\000s\000\040\000R\000E\000I\000N\000F\000O\000R\000C\000E\000\040\000S\000a\000m\000p\000l\000e\000-\000I\000n\000e\000f\000f\000i\000c\000i\000e\000n\000t\000?\000\040\000A\000\040\000T\000h\000e\000o\000r\000e\000t\000i\000c\000a\000l\000\040\000C\000a\000s\000e\000\040\000S\000t\000u\000d\000y\000\040\000f\000o\000r\000\040\000t\000h\000e\000\040\000M\000/\000M\000/\0001\000\040\000Q\000u\000e\000u\000e}{}% 17
\BOOKMARK [1][-]{section.9}{\376\377\000C\000o\000n\000c\000l\000u\000s\000i\000o\000n}{}% 18
\BOOKMARK [1][-]{appendix.A}{\376\377\000T\000r\000a\000i\000n\000i\000n\000g\000\040\000D\000e\000t\000a\000i\000l\000s}{}% 19
\BOOKMARK [1][-]{appendix.B}{\376\377\000P\000r\000o\000o\000f\000s}{}% 20
\BOOKMARK [2][-]{subsection.B.1}{\376\377\000P\000r\000o\000o\000f\000\040\000o\000f\000\040\000T\000h\000e\000o\000r\000e\000m\000\040\0001}{appendix.B}% 21
\BOOKMARK [2][-]{subsection.B.2}{\376\377\000P\000r\000o\000o\000f\000\040\000o\000f\000\040\000T\000h\000e\000o\000r\000e\000m\000\040\0002}{appendix.B}% 22
\BOOKMARK [2][-]{subsection.B.3}{\376\377\000P\000r\000o\000o\000f\000\040\000o\000f\000\040\000C\000o\000r\000o\000l\000l\000a\000r\000y\000\040\0002}{appendix.B}% 23
